{"/media/igorqa/SSD128/Repositorios/to_do_list/components/kanban-board.tsx": {"path":"/media/igorqa/SSD128/Repositorios/to_do_list/components/kanban-board.tsx","statementMap":{"0":{"start":{"line":30,"column":21},"end":{"line":156,"column":1}},"1":{"start":{"line":31,"column":26},"end":{"line":31,"column":42}},"2":{"start":{"line":32,"column":71},"end":{"line":38,"column":4}},"3":{"start":{"line":40,"column":16},"end":{"line":43,"column":3}},"4":{"start":{"line":45,"column":20},"end":{"line":45,"column":51}},"5":{"start":{"line":47,"column":26},"end":{"line":52,"column":3}},"6":{"start":{"line":48,"column":4},"end":{"line":50,"column":5}},"7":{"start":{"line":49,"column":6},"end":{"line":49,"column":13}},"8":{"start":{"line":51,"column":4},"end":{"line":51,"column":20}},"9":{"start":{"line":54,"column":30},"end":{"line":63,"column":3}},"10":{"start":{"line":55,"column":4},"end":{"line":62,"column":5}},"11":{"start":{"line":56,"column":14},"end":{"line":56,"column":51}},"12":{"start":{"line":57,"column":14},"end":{"line":57,"column":49}},"13":{"start":{"line":58,"column":14},"end":{"line":58,"column":53}},"14":{"start":{"line":59,"column":14},"end":{"line":59,"column":53}},"15":{"start":{"line":60,"column":14},"end":{"line":60,"column":47}},"16":{"start":{"line":61,"column":15},"end":{"line":61,"column":50}},"17":{"start":{"line":65,"column":25},"end":{"line":74,"column":3}},"18":{"start":{"line":66,"column":4},"end":{"line":73,"column":5}},"19":{"start":{"line":67,"column":14},"end":{"line":67,"column":52}},"20":{"start":{"line":68,"column":14},"end":{"line":68,"column":42}},"21":{"start":{"line":69,"column":14},"end":{"line":69,"column":44}},"22":{"start":{"line":70,"column":14},"end":{"line":70,"column":44}},"23":{"start":{"line":71,"column":14},"end":{"line":71,"column":54}},"24":{"start":{"line":72,"column":15},"end":{"line":72,"column":25}},"25":{"start":{"line":76,"column":2},"end":{"line":155,"column":4}},"26":{"start":{"line":134,"column":12},"end":{"line":134,"column":32}},"27":{"start":{"line":135,"column":12},"end":{"line":135,"column":31}},"28":{"start":{"line":136,"column":12},"end":{"line":136,"column":28}},"29":{"start":{"line":146,"column":12},"end":{"line":146,"column":32}},"30":{"start":{"line":147,"column":12},"end":{"line":147,"column":31}},"31":{"start":{"line":148,"column":12},"end":{"line":148,"column":30}},"32":{"start":{"line":158,"column":24},"end":{"line":291,"column":1}},"33":{"start":{"line":187,"column":16},"end":{"line":187,"column":32}},"34":{"start":{"line":188,"column":25},"end":{"line":194,"column":4}},"35":{"start":{"line":196,"column":26},"end":{"line":209,"column":3}},"36":{"start":{"line":197,"column":4},"end":{"line":207,"column":5}},"37":{"start":{"line":198,"column":6},"end":{"line":198,"column":38}},"38":{"start":{"line":199,"column":11},"end":{"line":207,"column":5}},"39":{"start":{"line":200,"column":6},"end":{"line":200,"column":39}},"40":{"start":{"line":201,"column":11},"end":{"line":207,"column":5}},"41":{"start":{"line":202,"column":6},"end":{"line":202,"column":39}},"42":{"start":{"line":203,"column":11},"end":{"line":207,"column":5}},"43":{"start":{"line":204,"column":6},"end":{"line":204,"column":41}},"44":{"start":{"line":205,"column":11},"end":{"line":207,"column":5}},"45":{"start":{"line":206,"column":6},"end":{"line":206,"column":37}},"46":{"start":{"line":208,"column":4},"end":{"line":208,"column":25}},"47":{"start":{"line":211,"column":2},"end":{"line":290,"column":4}},"48":{"start":{"line":230,"column":56},"end":{"line":230,"column":63}},"49":{"start":{"line":237,"column":20},"end":{"line":237,"column":106}},"50":{"start":{"line":249,"column":33},"end":{"line":249,"column":64}},"51":{"start":{"line":251,"column":18},"end":{"line":253,"column":19}},"52":{"start":{"line":252,"column":20},"end":{"line":252,"column":45}},"53":{"start":{"line":267,"column":20},"end":{"line":267,"column":42}},"54":{"start":{"line":268,"column":20},"end":{"line":268,"column":40}},"55":{"start":{"line":294,"column":26},"end":{"line":294,"column":42}},"56":{"start":{"line":295,"column":20},"end":{"line":295,"column":30}},"57":{"start":{"line":296,"column":28},"end":{"line":296,"column":54}},"58":{"start":{"line":297,"column":42},"end":{"line":297,"column":54}},"59":{"start":{"line":298,"column":42},"end":{"line":298,"column":77}},"60":{"start":{"line":299,"column":36},"end":{"line":299,"column":50}},"61":{"start":{"line":300,"column":42},"end":{"line":300,"column":71}},"62":{"start":{"line":301,"column":44},"end":{"line":301,"column":55}},"63":{"start":{"line":302,"column":27},"end":{"line":302,"column":44}},"64":{"start":{"line":303,"column":29},"end":{"line":303,"column":51}},"65":{"start":{"line":304,"column":52},"end":{"line":304,"column":87}},"66":{"start":{"line":305,"column":42},"end":{"line":305,"column":69}},"67":{"start":{"line":306,"column":46},"end":{"line":306,"column":61}},"68":{"start":{"line":308,"column":21},"end":{"line":308,"column":87}},"69":{"start":{"line":308,"column":55},"end":{"line":308,"column":79}},"70":{"start":{"line":310,"column":18},"end":{"line":317,"column":3}},"71":{"start":{"line":319,"column":34},"end":{"line":319,"column":49}},"72":{"start":{"line":320,"column":50},"end":{"line":320,"column":74}},"73":{"start":{"line":322,"column":2},"end":{"line":324,"column":9}},"74":{"start":{"line":323,"column":4},"end":{"line":323,"column":22}},"75":{"start":{"line":326,"column":30},"end":{"line":399,"column":3}},"76":{"start":{"line":327,"column":4},"end":{"line":327,"column":43}},"77":{"start":{"line":327,"column":36},"end":{"line":327,"column":43}},"78":{"start":{"line":329,"column":4},"end":{"line":398,"column":5}},"79":{"start":{"line":330,"column":6},"end":{"line":373,"column":7}},"80":{"start":{"line":331,"column":56},"end":{"line":331,"column":66}},"81":{"start":{"line":332,"column":8},"end":{"line":332,"column":87}},"82":{"start":{"line":332,"column":78},"end":{"line":332,"column":87}},"83":{"start":{"line":334,"column":24},"end":{"line":338,"column":9}},"84":{"start":{"line":340,"column":8},"end":{"line":340,"column":75}},"85":{"start":{"line":342,"column":25},"end":{"line":348,"column":10}},"86":{"start":{"line":350,"column":8},"end":{"line":372,"column":9}},"87":{"start":{"line":351,"column":10},"end":{"line":351,"column":78}},"88":{"start":{"line":352,"column":10},"end":{"line":357,"column":11}},"89":{"start":{"line":353,"column":33},"end":{"line":353,"column":54}},"90":{"start":{"line":354,"column":12},"end":{"line":354,"column":77}},"91":{"start":{"line":356,"column":12},"end":{"line":356,"column":65}},"92":{"start":{"line":359,"column":10},"end":{"line":359,"column":81}},"93":{"start":{"line":360,"column":10},"end":{"line":365,"column":11}},"94":{"start":{"line":361,"column":30},"end":{"line":361,"column":51}},"95":{"start":{"line":362,"column":12},"end":{"line":362,"column":72}},"96":{"start":{"line":364,"column":12},"end":{"line":364,"column":81}},"97":{"start":{"line":366,"column":10},"end":{"line":370,"column":13}},"98":{"start":{"line":375,"column":6},"end":{"line":388,"column":8}},"99":{"start":{"line":376,"column":8},"end":{"line":387,"column":72}},"100":{"start":{"line":377,"column":36},"end":{"line":377,"column":79}},"101":{"start":{"line":377,"column":61},"end":{"line":377,"column":78}},"102":{"start":{"line":378,"column":10},"end":{"line":385,"column":11}},"103":{"start":{"line":379,"column":12},"end":{"line":384,"column":14}},"104":{"start":{"line":386,"column":10},"end":{"line":386,"column":22}},"105":{"start":{"line":387,"column":26},"end":{"line":387,"column":71}},"106":{"start":{"line":391,"column":6},"end":{"line":395,"column":9}},"107":{"start":{"line":396,"column":6},"end":{"line":396,"column":69}},"108":{"start":{"line":397,"column":6},"end":{"line":397,"column":41}},"109":{"start":{"line":397,"column":31},"end":{"line":397,"column":39}},"110":{"start":{"line":401,"column":31},"end":{"line":408,"column":3}},"111":{"start":{"line":402,"column":4},"end":{"line":407,"column":8}},"112":{"start":{"line":410,"column":34},"end":{"line":610,"column":38}},"113":{"start":{"line":411,"column":16},"end":{"line":411,"column":26}},"114":{"start":{"line":412,"column":22},"end":{"line":412,"column":26}},"115":{"start":{"line":414,"column":4},"end":{"line":417,"column":5}},"116":{"start":{"line":415,"column":6},"end":{"line":415,"column":92}},"117":{"start":{"line":416,"column":6},"end":{"line":416,"column":31}},"118":{"start":{"line":419,"column":4},"end":{"line":419,"column":35}},"119":{"start":{"line":421,"column":4},"end":{"line":609,"column":5}},"120":{"start":{"line":422,"column":6},"end":{"line":422,"column":25}},"121":{"start":{"line":423,"column":6},"end":{"line":423,"column":53}},"122":{"start":{"line":425,"column":28},"end":{"line":433,"column":8}},"123":{"start":{"line":435,"column":6},"end":{"line":445,"column":7}},"124":{"start":{"line":436,"column":8},"end":{"line":436,"column":82}},"125":{"start":{"line":437,"column":8},"end":{"line":441,"column":11}},"126":{"start":{"line":442,"column":8},"end":{"line":442,"column":28}},"127":{"start":{"line":443,"column":8},"end":{"line":443,"column":34}},"128":{"start":{"line":444,"column":8},"end":{"line":444,"column":15}},"129":{"start":{"line":447,"column":22},"end":{"line":447,"column":35}},"130":{"start":{"line":448,"column":6},"end":{"line":466,"column":7}},"131":{"start":{"line":449,"column":30},"end":{"line":457,"column":10}},"132":{"start":{"line":459,"column":8},"end":{"line":463,"column":9}},"133":{"start":{"line":460,"column":10},"end":{"line":460,"column":49}},"134":{"start":{"line":462,"column":10},"end":{"line":462,"column":83}},"135":{"start":{"line":465,"column":8},"end":{"line":465,"column":64}},"136":{"start":{"line":468,"column":25},"end":{"line":468,"column":38}},"137":{"start":{"line":469,"column":6},"end":{"line":487,"column":7}},"138":{"start":{"line":470,"column":33},"end":{"line":478,"column":10}},"139":{"start":{"line":480,"column":8},"end":{"line":484,"column":9}},"140":{"start":{"line":481,"column":10},"end":{"line":481,"column":55}},"141":{"start":{"line":483,"column":10},"end":{"line":483,"column":87}},"142":{"start":{"line":486,"column":8},"end":{"line":486,"column":65}},"143":{"start":{"line":489,"column":24},"end":{"line":489,"column":50}},"144":{"start":{"line":491,"column":6},"end":{"line":495,"column":7}},"145":{"start":{"line":492,"column":8},"end":{"line":492,"column":88}},"146":{"start":{"line":493,"column":8},"end":{"line":493,"column":28}},"147":{"start":{"line":494,"column":8},"end":{"line":494,"column":15}},"148":{"start":{"line":497,"column":23},"end":{"line":497,"column":48}},"149":{"start":{"line":498,"column":24},"end":{"line":498,"column":77}},"150":{"start":{"line":499,"column":27},"end":{"line":499,"column":86}},"151":{"start":{"line":501,"column":6},"end":{"line":501,"column":119}},"152":{"start":{"line":503,"column":6},"end":{"line":510,"column":7}},"153":{"start":{"line":504,"column":8},"end":{"line":504,"column":44}},"154":{"start":{"line":505,"column":8},"end":{"line":507,"column":11}},"155":{"start":{"line":506,"column":10},"end":{"line":506,"column":66}},"156":{"start":{"line":509,"column":8},"end":{"line":509,"column":59}},"157":{"start":{"line":511,"column":25},"end":{"line":511,"column":26}},"158":{"start":{"line":512,"column":126},"end":{"line":512,"column":128}},"159":{"start":{"line":514,"column":40},"end":{"line":566,"column":8}},"160":{"start":{"line":516,"column":32},"end":{"line":516,"column":37}},"161":{"start":{"line":517,"column":33},"end":{"line":517,"column":50}},"162":{"start":{"line":519,"column":8},"end":{"line":542,"column":9}},"163":{"start":{"line":521,"column":10},"end":{"line":521,"column":54}},"164":{"start":{"line":522,"column":10},"end":{"line":522,"column":80}},"165":{"start":{"line":525,"column":10},"end":{"line":525,"column":35}},"166":{"start":{"line":526,"column":10},"end":{"line":541,"column":11}},"167":{"start":{"line":527,"column":12},"end":{"line":527,"column":33}},"168":{"start":{"line":528,"column":12},"end":{"line":528,"column":79}},"169":{"start":{"line":530,"column":15},"end":{"line":541,"column":11}},"170":{"start":{"line":530,"column":46},"end":{"line":530,"column":62}},"171":{"start":{"line":531,"column":12},"end":{"line":531,"column":32}},"172":{"start":{"line":532,"column":12},"end":{"line":532,"column":76}},"173":{"start":{"line":534,"column":15},"end":{"line":541,"column":11}},"174":{"start":{"line":534,"column":49},"end":{"line":534,"column":65}},"175":{"start":{"line":535,"column":12},"end":{"line":535,"column":31}},"176":{"start":{"line":536,"column":12},"end":{"line":536,"column":79}},"177":{"start":{"line":539,"column":12},"end":{"line":539,"column":31}},"178":{"start":{"line":540,"column":12},"end":{"line":540,"column":84}},"179":{"start":{"line":544,"column":8},"end":{"line":548,"column":9}},"180":{"start":{"line":545,"column":10},"end":{"line":545,"column":46}},"181":{"start":{"line":546,"column":10},"end":{"line":546,"column":35}},"182":{"start":{"line":547,"column":10},"end":{"line":547,"column":88}},"183":{"start":{"line":550,"column":8},"end":{"line":557,"column":9}},"184":{"start":{"line":551,"column":10},"end":{"line":556,"column":13}},"185":{"start":{"line":559,"column":8},"end":{"line":563,"column":10}},"186":{"start":{"line":565,"column":8},"end":{"line":565,"column":61}},"187":{"start":{"line":568,"column":6},"end":{"line":568,"column":77}},"188":{"start":{"line":569,"column":6},"end":{"line":572,"column":7}},"189":{"start":{"line":570,"column":8},"end":{"line":570,"column":112}},"190":{"start":{"line":571,"column":8},"end":{"line":571,"column":51}},"191":{"start":{"line":574,"column":6},"end":{"line":574,"column":28}},"192":{"start":{"line":575,"column":6},"end":{"line":594,"column":14}},"193":{"start":{"line":576,"column":24},"end":{"line":576,"column":78}},"194":{"start":{"line":576,"column":48},"end":{"line":576,"column":70}},"195":{"start":{"line":577,"column":25},"end":{"line":577,"column":80}},"196":{"start":{"line":577,"column":49},"end":{"line":577,"column":72}},"197":{"start":{"line":578,"column":27},"end":{"line":578,"column":84}},"198":{"start":{"line":578,"column":51},"end":{"line":578,"column":76}},"199":{"start":{"line":579,"column":27},"end":{"line":579,"column":84}},"200":{"start":{"line":579,"column":51},"end":{"line":579,"column":76}},"201":{"start":{"line":580,"column":26},"end":{"line":580,"column":82}},"202":{"start":{"line":580,"column":50},"end":{"line":580,"column":74}},"203":{"start":{"line":582,"column":8},"end":{"line":582,"column":56}},"204":{"start":{"line":583,"column":8},"end":{"line":583,"column":63}},"205":{"start":{"line":584,"column":8},"end":{"line":584,"column":43}},"206":{"start":{"line":585,"column":8},"end":{"line":585,"column":49}},"207":{"start":{"line":586,"column":8},"end":{"line":586,"column":51}},"208":{"start":{"line":587,"column":8},"end":{"line":587,"column":48}},"209":{"start":{"line":588,"column":8},"end":{"line":588,"column":48}},"210":{"start":{"line":589,"column":8},"end":{"line":589,"column":56}},"211":{"start":{"line":591,"column":8},"end":{"line":593,"column":9}},"212":{"start":{"line":592,"column":10},"end":{"line":592,"column":61}},"213":{"start":{"line":596,"column":6},"end":{"line":596,"column":40}},"214":{"start":{"line":598,"column":6},"end":{"line":606,"column":7}},"215":{"start":{"line":599,"column":8},"end":{"line":599,"column":56}},"216":{"start":{"line":600,"column":8},"end":{"line":604,"column":11}},"217":{"start":{"line":605,"column":8},"end":{"line":605,"column":34}},"218":{"start":{"line":608,"column":6},"end":{"line":608,"column":26}},"219":{"start":{"line":612,"column":2},"end":{"line":664,"column":57}},"220":{"start":{"line":613,"column":4},"end":{"line":613,"column":26}},"221":{"start":{"line":613,"column":19},"end":{"line":613,"column":26}},"222":{"start":{"line":615,"column":23},"end":{"line":615,"column":44}},"223":{"start":{"line":616,"column":18},"end":{"line":616,"column":22}},"224":{"start":{"line":618,"column":33},"end":{"line":633,"column":5}},"225":{"start":{"line":619,"column":6},"end":{"line":619,"column":45}},"226":{"start":{"line":619,"column":38},"end":{"line":619,"column":45}},"227":{"start":{"line":621,"column":6},"end":{"line":632,"column":7}},"228":{"start":{"line":622,"column":27},"end":{"line":622,"column":63}},"229":{"start":{"line":623,"column":8},"end":{"line":629,"column":9}},"230":{"start":{"line":624,"column":30},"end":{"line":624,"column":68}},"231":{"start":{"line":625,"column":10},"end":{"line":625,"column":82}},"232":{"start":{"line":626,"column":10},"end":{"line":626,"column":32}},"233":{"start":{"line":627,"column":10},"end":{"line":627,"column":30}},"234":{"start":{"line":628,"column":10},"end":{"line":628,"column":44}},"235":{"start":{"line":631,"column":8},"end":{"line":631,"column":72}},"236":{"start":{"line":635,"column":4},"end":{"line":635,"column":27}},"237":{"start":{"line":637,"column":4},"end":{"line":637,"column":67}},"238":{"start":{"line":638,"column":4},"end":{"line":648,"column":9}},"239":{"start":{"line":640,"column":8},"end":{"line":642,"column":9}},"240":{"start":{"line":641,"column":10},"end":{"line":641,"column":59}},"241":{"start":{"line":645,"column":8},"end":{"line":647,"column":9}},"242":{"start":{"line":646,"column":10},"end":{"line":646,"column":67}},"243":{"start":{"line":650,"column":23},"end":{"line":657,"column":14}},"244":{"start":{"line":651,"column":6},"end":{"line":656,"column":7}},"245":{"start":{"line":652,"column":8},"end":{"line":652,"column":72}},"246":{"start":{"line":653,"column":8},"end":{"line":655,"column":11}},"247":{"start":{"line":654,"column":10},"end":{"line":654,"column":64}},"248":{"start":{"line":659,"column":4},"end":{"line":663,"column":6}},"249":{"start":{"line":660,"column":6},"end":{"line":660,"column":22}},"250":{"start":{"line":661,"column":6},"end":{"line":661,"column":25}},"251":{"start":{"line":662,"column":6},"end":{"line":662,"column":32}},"252":{"start":{"line":666,"column":2},"end":{"line":680,"column":35}},"253":{"start":{"line":667,"column":4},"end":{"line":667,"column":61}},"254":{"start":{"line":667,"column":54},"end":{"line":667,"column":61}},"255":{"start":{"line":669,"column":22},"end":{"line":677,"column":12}},"256":{"start":{"line":670,"column":6},"end":{"line":676,"column":7}},"257":{"start":{"line":671,"column":26},"end":{"line":671,"column":47}},"258":{"start":{"line":672,"column":8},"end":{"line":672,"column":56}},"259":{"start":{"line":673,"column":8},"end":{"line":673,"column":70}},"260":{"start":{"line":675,"column":8},"end":{"line":675,"column":64}},"261":{"start":{"line":679,"column":4},"end":{"line":679,"column":41}},"262":{"start":{"line":679,"column":17},"end":{"line":679,"column":40}},"263":{"start":{"line":682,"column":2},"end":{"line":716,"column":32}},"264":{"start":{"line":683,"column":23},"end":{"line":683,"column":28}},"265":{"start":{"line":685,"column":35},"end":{"line":695,"column":5}},"266":{"start":{"line":686,"column":6},"end":{"line":694,"column":7}},"267":{"start":{"line":687,"column":8},"end":{"line":687,"column":28}},"268":{"start":{"line":688,"column":8},"end":{"line":688,"column":78}},"269":{"start":{"line":690,"column":8},"end":{"line":693,"column":13}},"270":{"start":{"line":692,"column":12},"end":{"line":692,"column":33}},"271":{"start":{"line":697,"column":24},"end":{"line":707,"column":5}},"272":{"start":{"line":698,"column":6},"end":{"line":706,"column":7}},"273":{"start":{"line":699,"column":8},"end":{"line":699,"column":28}},"274":{"start":{"line":700,"column":8},"end":{"line":700,"column":67}},"275":{"start":{"line":702,"column":8},"end":{"line":705,"column":13}},"276":{"start":{"line":704,"column":12},"end":{"line":704,"column":33}},"277":{"start":{"line":709,"column":4},"end":{"line":709,"column":74}},"278":{"start":{"line":710,"column":4},"end":{"line":710,"column":50}},"279":{"start":{"line":712,"column":4},"end":{"line":715,"column":6}},"280":{"start":{"line":713,"column":6},"end":{"line":713,"column":79}},"281":{"start":{"line":714,"column":6},"end":{"line":714,"column":55}},"282":{"start":{"line":718,"column":24},"end":{"line":785,"column":3}},"283":{"start":{"line":719,"column":4},"end":{"line":719,"column":37}},"284":{"start":{"line":719,"column":30},"end":{"line":719,"column":37}},"285":{"start":{"line":721,"column":4},"end":{"line":784,"column":5}},"286":{"start":{"line":722,"column":6},"end":{"line":722,"column":70}},"287":{"start":{"line":723,"column":6},"end":{"line":723,"column":25}},"288":{"start":{"line":725,"column":23},"end":{"line":730,"column":7}},"289":{"start":{"line":732,"column":6},"end":{"line":732,"column":79}},"290":{"start":{"line":734,"column":23},"end":{"line":740,"column":8}},"291":{"start":{"line":742,"column":6},"end":{"line":742,"column":80}},"292":{"start":{"line":744,"column":6},"end":{"line":774,"column":7}},"293":{"start":{"line":745,"column":21},"end":{"line":745,"column":42}},"294":{"start":{"line":746,"column":8},"end":{"line":746,"column":88}},"295":{"start":{"line":748,"column":8},"end":{"line":753,"column":9}},"296":{"start":{"line":749,"column":10},"end":{"line":749,"column":83}},"297":{"start":{"line":750,"column":10},"end":{"line":750,"column":82}},"298":{"start":{"line":752,"column":10},"end":{"line":752,"column":68}},"299":{"start":{"line":755,"column":8},"end":{"line":755,"column":34}},"300":{"start":{"line":757,"column":8},"end":{"line":757,"column":28}},"301":{"start":{"line":758,"column":8},"end":{"line":758,"column":30}},"302":{"start":{"line":760,"column":8},"end":{"line":763,"column":11}},"303":{"start":{"line":765,"column":26},"end":{"line":765,"column":47}},"304":{"start":{"line":766,"column":8},"end":{"line":766,"column":117}},"305":{"start":{"line":768,"column":8},"end":{"line":772,"column":11}},"306":{"start":{"line":773,"column":8},"end":{"line":773,"column":43}},"307":{"start":{"line":773,"column":33},"end":{"line":773,"column":41}},"308":{"start":{"line":776,"column":6},"end":{"line":776,"column":75}},"309":{"start":{"line":778,"column":6},"end":{"line":782,"column":9}},"310":{"start":{"line":783,"column":6},"end":{"line":783,"column":41}},"311":{"start":{"line":783,"column":31},"end":{"line":783,"column":39}},"312":{"start":{"line":787,"column":19},"end":{"line":793,"column":3}},"313":{"start":{"line":788,"column":17},"end":{"line":788,"column":55}},"314":{"start":{"line":788,"column":36},"end":{"line":788,"column":54}},"315":{"start":{"line":789,"column":4},"end":{"line":792,"column":5}},"316":{"start":{"line":790,"column":6},"end":{"line":790,"column":27}},"317":{"start":{"line":791,"column":6},"end":{"line":791,"column":29}},"318":{"start":{"line":794,"column":21},"end":{"line":822,"column":3}},"319":{"start":{"line":795,"column":4},"end":{"line":821,"column":5}},"320":{"start":{"line":796,"column":23},"end":{"line":798,"column":8}},"321":{"start":{"line":800,"column":6},"end":{"line":813,"column":7}},"322":{"start":{"line":801,"column":8},"end":{"line":801,"column":59}},"323":{"start":{"line":801,"column":38},"end":{"line":801,"column":56}},"324":{"start":{"line":803,"column":8},"end":{"line":805,"column":11}},"325":{"start":{"line":807,"column":8},"end":{"line":811,"column":11}},"326":{"start":{"line":812,"column":8},"end":{"line":812,"column":43}},"327":{"start":{"line":812,"column":33},"end":{"line":812,"column":41}},"328":{"start":{"line":815,"column":6},"end":{"line":819,"column":9}},"329":{"start":{"line":820,"column":6},"end":{"line":820,"column":41}},"330":{"start":{"line":820,"column":31},"end":{"line":820,"column":39}},"331":{"start":{"line":824,"column":26},"end":{"line":828,"column":3}},"332":{"start":{"line":825,"column":23},"end":{"line":825,"column":28}},"333":{"start":{"line":826,"column":4},"end":{"line":826,"column":31}},"334":{"start":{"line":827,"column":4},"end":{"line":827,"column":61}},"335":{"start":{"line":830,"column":25},"end":{"line":880,"column":3}},"336":{"start":{"line":831,"column":29},"end":{"line":831,"column":34}},"337":{"start":{"line":833,"column":4},"end":{"line":836,"column":5}},"338":{"start":{"line":834,"column":6},"end":{"line":834,"column":33}},"339":{"start":{"line":835,"column":6},"end":{"line":835,"column":13}},"340":{"start":{"line":838,"column":23},"end":{"line":838,"column":64}},"341":{"start":{"line":838,"column":42},"end":{"line":838,"column":63}},"342":{"start":{"line":840,"column":4},"end":{"line":840,"column":98}},"343":{"start":{"line":842,"column":4},"end":{"line":879,"column":5}},"344":{"start":{"line":843,"column":24},"end":{"line":843,"column":64}},"345":{"start":{"line":845,"column":6},"end":{"line":845,"column":38}},"346":{"start":{"line":847,"column":6},"end":{"line":858,"column":7}},"347":{"start":{"line":848,"column":8},"end":{"line":848,"column":67}},"348":{"start":{"line":849,"column":8},"end":{"line":857,"column":12}},"349":{"start":{"line":850,"column":10},"end":{"line":855,"column":11}},"350":{"start":{"line":851,"column":12},"end":{"line":854,"column":14}},"351":{"start":{"line":856,"column":10},"end":{"line":856,"column":22}},"352":{"start":{"line":860,"column":9},"end":{"line":879,"column":5}},"353":{"start":{"line":861,"column":23},"end":{"line":861,"column":62}},"354":{"start":{"line":861,"column":42},"end":{"line":861,"column":61}},"355":{"start":{"line":863,"column":6},"end":{"line":878,"column":7}},"356":{"start":{"line":864,"column":8},"end":{"line":864,"column":46}},"357":{"start":{"line":866,"column":8},"end":{"line":877,"column":9}},"358":{"start":{"line":867,"column":10},"end":{"line":867,"column":75}},"359":{"start":{"line":868,"column":10},"end":{"line":876,"column":14}},"360":{"start":{"line":869,"column":12},"end":{"line":874,"column":13}},"361":{"start":{"line":870,"column":14},"end":{"line":873,"column":16}},"362":{"start":{"line":875,"column":12},"end":{"line":875,"column":24}},"363":{"start":{"line":882,"column":24},"end":{"line":1110,"column":3}},"364":{"start":{"line":883,"column":29},"end":{"line":883,"column":34}},"365":{"start":{"line":884,"column":4},"end":{"line":884,"column":26}},"366":{"start":{"line":885,"column":4},"end":{"line":885,"column":26}},"367":{"start":{"line":886,"column":4},"end":{"line":886,"column":31}},"368":{"start":{"line":888,"column":4},"end":{"line":888,"column":33}},"369":{"start":{"line":888,"column":26},"end":{"line":888,"column":33}},"370":{"start":{"line":890,"column":21},"end":{"line":890,"column":30}},"371":{"start":{"line":891,"column":19},"end":{"line":891,"column":26}},"372":{"start":{"line":893,"column":23},"end":{"line":893,"column":63}},"373":{"start":{"line":893,"column":42},"end":{"line":893,"column":62}},"374":{"start":{"line":894,"column":4},"end":{"line":894,"column":28}},"375":{"start":{"line":894,"column":21},"end":{"line":894,"column":28}},"376":{"start":{"line":896,"column":23},"end":{"line":896,"column":40}},"377":{"start":{"line":897,"column":19},"end":{"line":897,"column":29}},"378":{"start":{"line":898,"column":116},"end":{"line":898,"column":118}},"379":{"start":{"line":900,"column":25},"end":{"line":900,"column":62}},"380":{"start":{"line":901,"column":23},"end":{"line":901,"column":58}},"381":{"start":{"line":903,"column":4},"end":{"line":910,"column":5}},"382":{"start":{"line":904,"column":6},"end":{"line":904,"column":62}},"383":{"start":{"line":905,"column":11},"end":{"line":910,"column":5}},"384":{"start":{"line":906,"column":23},"end":{"line":906,"column":61}},"385":{"start":{"line":906,"column":42},"end":{"line":906,"column":60}},"386":{"start":{"line":907,"column":6},"end":{"line":909,"column":7}},"387":{"start":{"line":908,"column":8},"end":{"line":908,"column":39}},"388":{"start":{"line":912,"column":24},"end":{"line":912,"column":28}},"389":{"start":{"line":913,"column":29},"end":{"line":913,"column":49}},"390":{"start":{"line":915,"column":4},"end":{"line":936,"column":5}},"391":{"start":{"line":916,"column":6},"end":{"line":920,"column":7}},"392":{"start":{"line":917,"column":8},"end":{"line":917,"column":34}},"393":{"start":{"line":919,"column":8},"end":{"line":919,"column":35}},"394":{"start":{"line":922,"column":20},"end":{"line":922,"column":30}},"395":{"start":{"line":923,"column":6},"end":{"line":923,"column":33}},"396":{"start":{"line":924,"column":26},"end":{"line":924,"column":84}},"397":{"start":{"line":925,"column":6},"end":{"line":925,"column":53}},"398":{"start":{"line":925,"column":23},"end":{"line":925,"column":53}},"399":{"start":{"line":927,"column":6},"end":{"line":935,"column":7}},"400":{"start":{"line":928,"column":8},"end":{"line":930,"column":9}},"401":{"start":{"line":929,"column":10},"end":{"line":929,"column":97}},"402":{"start":{"line":931,"column":13},"end":{"line":935,"column":7}},"403":{"start":{"line":932,"column":8},"end":{"line":934,"column":9}},"404":{"start":{"line":933,"column":10},"end":{"line":933,"column":94}},"405":{"start":{"line":938,"column":4},"end":{"line":945,"column":5}},"406":{"start":{"line":939,"column":12},"end":{"line":943,"column":9}},"407":{"start":{"line":944,"column":6},"end":{"line":944,"column":13}},"408":{"start":{"line":948,"column":4},"end":{"line":1099,"column":5}},"409":{"start":{"line":949,"column":27},"end":{"line":949,"column":44}},"410":{"start":{"line":950,"column":23},"end":{"line":950,"column":104}},"411":{"start":{"line":950,"column":44},"end":{"line":950,"column":69}},"412":{"start":{"line":950,"column":86},"end":{"line":950,"column":103}},"413":{"start":{"line":951,"column":31},"end":{"line":951,"column":68}},"414":{"start":{"line":951,"column":50},"end":{"line":951,"column":67}},"415":{"start":{"line":953,"column":6},"end":{"line":953,"column":36}},"416":{"start":{"line":953,"column":29},"end":{"line":953,"column":36}},"417":{"start":{"line":959,"column":35},"end":{"line":959,"column":37}},"418":{"start":{"line":960,"column":29},"end":{"line":960,"column":76}},"419":{"start":{"line":960,"column":50},"end":{"line":960,"column":75}},"420":{"start":{"line":962,"column":6},"end":{"line":975,"column":7}},"421":{"start":{"line":964,"column":8},"end":{"line":964,"column":57}},"422":{"start":{"line":965,"column":13},"end":{"line":975,"column":7}},"423":{"start":{"line":966,"column":41},"end":{"line":966,"column":89}},"424":{"start":{"line":966,"column":73},"end":{"line":966,"column":88}},"425":{"start":{"line":967,"column":8},"end":{"line":967,"column":58}},"426":{"start":{"line":968,"column":13},"end":{"line":975,"column":7}},"427":{"start":{"line":980,"column":32},"end":{"line":984,"column":7}},"428":{"start":{"line":987,"column":6},"end":{"line":987,"column":87}},"429":{"start":{"line":987,"column":38},"end":{"line":987,"column":85}},"430":{"start":{"line":990,"column":6},"end":{"line":1053,"column":7}},"431":{"start":{"line":993,"column":39},"end":{"line":993,"column":81}},"432":{"start":{"line":993,"column":63},"end":{"line":993,"column":80}},"433":{"start":{"line":995,"column":8},"end":{"line":1035,"column":9}},"434":{"start":{"line":996,"column":29},"end":{"line":996,"column":61}},"435":{"start":{"line":997,"column":10},"end":{"line":997,"column":53}},"436":{"start":{"line":1000,"column":42},"end":{"line":1000,"column":89}},"437":{"start":{"line":1000,"column":63},"end":{"line":1000,"column":88}},"438":{"start":{"line":1002,"column":10},"end":{"line":1034,"column":11}},"439":{"start":{"line":1003,"column":40},"end":{"line":1003,"column":80}},"440":{"start":{"line":1003,"column":64},"end":{"line":1003,"column":79}},"441":{"start":{"line":1004,"column":12},"end":{"line":1018,"column":13}},"442":{"start":{"line":1006,"column":33},"end":{"line":1006,"column":110}},"443":{"start":{"line":1007,"column":32},"end":{"line":1007,"column":61}},"444":{"start":{"line":1009,"column":36},"end":{"line":1009,"column":90}},"445":{"start":{"line":1009,"column":72},"end":{"line":1009,"column":87}},"446":{"start":{"line":1011,"column":16},"end":{"line":1013,"column":17}},"447":{"start":{"line":1012,"column":20},"end":{"line":1012,"column":38}},"448":{"start":{"line":1014,"column":16},"end":{"line":1014,"column":62}},"449":{"start":{"line":1017,"column":16},"end":{"line":1017,"column":42}},"450":{"start":{"line":1022,"column":36},"end":{"line":1022,"column":38}},"451":{"start":{"line":1023,"column":12},"end":{"line":1028,"column":13}},"452":{"start":{"line":1023,"column":24},"end":{"line":1023,"column":43}},"453":{"start":{"line":1024,"column":16},"end":{"line":1027,"column":17}},"454":{"start":{"line":1025,"column":20},"end":{"line":1025,"column":42}},"455":{"start":{"line":1026,"column":20},"end":{"line":1026,"column":26}},"456":{"start":{"line":1029,"column":12},"end":{"line":1033,"column":13}},"457":{"start":{"line":1030,"column":16},"end":{"line":1030,"column":70}},"458":{"start":{"line":1032,"column":16},"end":{"line":1032,"column":42}},"459":{"start":{"line":1036,"column":13},"end":{"line":1053,"column":7}},"460":{"start":{"line":1038,"column":26},"end":{"line":1038,"column":107}},"461":{"start":{"line":1038,"column":47},"end":{"line":1038,"column":72}},"462":{"start":{"line":1038,"column":89},"end":{"line":1038,"column":106}},"463":{"start":{"line":1039,"column":24},"end":{"line":1039,"column":103}},"464":{"start":{"line":1039,"column":45},"end":{"line":1039,"column":70}},"465":{"start":{"line":1039,"column":87},"end":{"line":1039,"column":102}},"466":{"start":{"line":1042,"column":30},"end":{"line":1042,"column":77}},"467":{"start":{"line":1042,"column":51},"end":{"line":1042,"column":76}},"468":{"start":{"line":1043,"column":35},"end":{"line":1043,"column":79}},"469":{"start":{"line":1046,"column":30},"end":{"line":1046,"column":31}},"470":{"start":{"line":1047,"column":8},"end":{"line":1052,"column":11}},"471":{"start":{"line":1048,"column":10},"end":{"line":1050,"column":11}},"472":{"start":{"line":1049,"column":12},"end":{"line":1049,"column":57}},"473":{"start":{"line":1051,"column":10},"end":{"line":1051,"column":22}},"474":{"start":{"line":1055,"column":6},"end":{"line":1055,"column":25}},"475":{"start":{"line":1058,"column":35},"end":{"line":1058,"column":86}},"476":{"start":{"line":1060,"column":6},"end":{"line":1091,"column":9}},"477":{"start":{"line":1061,"column":34},"end":{"line":1071,"column":41}},"478":{"start":{"line":1061,"column":55},"end":{"line":1061,"column":74}},"479":{"start":{"line":1065,"column":58},"end":{"line":1065,"column":108}},"480":{"start":{"line":1066,"column":58},"end":{"line":1066,"column":108}},"481":{"start":{"line":1067,"column":41},"end":{"line":1069,"column":42}},"482":{"start":{"line":1068,"column":43},"end":{"line":1068,"column":126}},"483":{"start":{"line":1070,"column":41},"end":{"line":1070,"column":94}},"484":{"start":{"line":1073,"column":8},"end":{"line":1090,"column":11}},"485":{"start":{"line":1074,"column":10},"end":{"line":1089,"column":11}},"486":{"start":{"line":1075,"column":35},"end":{"line":1075,"column":78}},"487":{"start":{"line":1075,"column":60},"end":{"line":1075,"column":77}},"488":{"start":{"line":1076,"column":12},"end":{"line":1088,"column":13}},"489":{"start":{"line":1077,"column":14},"end":{"line":1077,"column":50}},"490":{"start":{"line":1078,"column":14},"end":{"line":1081,"column":15}},"491":{"start":{"line":1079,"column":16},"end":{"line":1079,"column":53}},"492":{"start":{"line":1080,"column":16},"end":{"line":1080,"column":62}},"493":{"start":{"line":1083,"column":14},"end":{"line":1087,"column":17}},"494":{"start":{"line":1094,"column":6},"end":{"line":1098,"column":7}},"495":{"start":{"line":1095,"column":9},"end":{"line":1095,"column":89}},"496":{"start":{"line":1096,"column":13},"end":{"line":1098,"column":7}},"497":{"start":{"line":1097,"column":9},"end":{"line":1097,"column":96}},"498":{"start":{"line":1101,"column":4},"end":{"line":1109,"column":5}},"499":{"start":{"line":1102,"column":6},"end":{"line":1102,"column":100}},"500":{"start":{"line":1103,"column":6},"end":{"line":1103,"column":41}},"501":{"start":{"line":1105,"column":6},"end":{"line":1108,"column":9}},"502":{"start":{"line":1113,"column":23},"end":{"line":1113,"column":70}},"503":{"start":{"line":1113,"column":44},"end":{"line":1113,"column":69}},"504":{"start":{"line":1114,"column":24},"end":{"line":1114,"column":72}},"505":{"start":{"line":1114,"column":45},"end":{"line":1114,"column":71}},"506":{"start":{"line":1115,"column":26},"end":{"line":1115,"column":76}},"507":{"start":{"line":1115,"column":47},"end":{"line":1115,"column":75}},"508":{"start":{"line":1116,"column":26},"end":{"line":1116,"column":76}},"509":{"start":{"line":1116,"column":47},"end":{"line":1116,"column":75}},"510":{"start":{"line":1117,"column":25},"end":{"line":1117,"column":74}},"511":{"start":{"line":1117,"column":46},"end":{"line":1117,"column":73}},"512":{"start":{"line":1119,"column":25},"end":{"line":1128,"column":3}},"513":{"start":{"line":1120,"column":4},"end":{"line":1127,"column":5}},"514":{"start":{"line":1121,"column":22},"end":{"line":1121,"column":42}},"515":{"start":{"line":1122,"column":23},"end":{"line":1122,"column":44}},"516":{"start":{"line":1123,"column":25},"end":{"line":1123,"column":48}},"517":{"start":{"line":1124,"column":25},"end":{"line":1124,"column":48}},"518":{"start":{"line":1125,"column":24},"end":{"line":1125,"column":46}},"519":{"start":{"line":1126,"column":15},"end":{"line":1126,"column":25}},"520":{"start":{"line":1130,"column":2},"end":{"line":1149,"column":3}},"521":{"start":{"line":1131,"column":4},"end":{"line":1148,"column":6}},"522":{"start":{"line":1138,"column":12},"end":{"line":1138,"column":39}},"523":{"start":{"line":1139,"column":12},"end":{"line":1139,"column":31}},"524":{"start":{"line":1140,"column":12},"end":{"line":1142,"column":50}},"525":{"start":{"line":1141,"column":27},"end":{"line":1141,"column":52}},"526":{"start":{"line":1142,"column":29},"end":{"line":1142,"column":48}},"527":{"start":{"line":1151,"column":2},"end":{"line":1157,"column":3}},"528":{"start":{"line":1152,"column":4},"end":{"line":1156,"column":6}},"529":{"start":{"line":1159,"column":2},"end":{"line":1345,"column":4}},"530":{"start":{"line":1168,"column":12},"end":{"line":1168,"column":34}},"531":{"start":{"line":1168,"column":27},"end":{"line":1168,"column":34}},"532":{"start":{"line":1171,"column":12},"end":{"line":1171,"column":81}},"533":{"start":{"line":1172,"column":12},"end":{"line":1172,"column":31}},"534":{"start":{"line":1175,"column":12},"end":{"line":1194,"column":17}},"535":{"start":{"line":1177,"column":16},"end":{"line":1177,"column":73}},"536":{"start":{"line":1178,"column":16},"end":{"line":1182,"column":19}},"537":{"start":{"line":1185,"column":16},"end":{"line":1185,"column":68}},"538":{"start":{"line":1186,"column":16},"end":{"line":1190,"column":19}},"539":{"start":{"line":1193,"column":16},"end":{"line":1193,"column":36}},"540":{"start":{"line":1196,"column":12},"end":{"line":1196,"column":47}},"541":{"start":{"line":1196,"column":37},"end":{"line":1196,"column":45}}},"fnMap":{"0":{"name":"(anonymous_0)","decl":{"start":{"line":30,"column":21},"end":{"line":30,"column":22}},"loc":{"start":{"line":30,"column":137},"end":{"line":156,"column":1}},"line":30},"1":{"name":"(anonymous_1)","decl":{"start":{"line":47,"column":26},"end":{"line":47,"column":27}},"loc":{"start":{"line":47,"column":51},"end":{"line":52,"column":3}},"line":47},"2":{"name":"(anonymous_2)","decl":{"start":{"line":54,"column":30},"end":{"line":54,"column":31}},"loc":{"start":{"line":54,"column":50},"end":{"line":63,"column":3}},"line":54},"3":{"name":"(anonymous_3)","decl":{"start":{"line":65,"column":25},"end":{"line":65,"column":26}},"loc":{"start":{"line":65,"column":45},"end":{"line":74,"column":3}},"line":65},"4":{"name":"(anonymous_4)","decl":{"start":{"line":133,"column":19},"end":{"line":133,"column":20}},"loc":{"start":{"line":133,"column":26},"end":{"line":137,"column":11}},"line":133},"5":{"name":"(anonymous_5)","decl":{"start":{"line":145,"column":19},"end":{"line":145,"column":20}},"loc":{"start":{"line":145,"column":26},"end":{"line":149,"column":11}},"line":145},"6":{"name":"(anonymous_6)","decl":{"start":{"line":158,"column":24},"end":{"line":158,"column":25}},"loc":{"start":{"line":186,"column":6},"end":{"line":291,"column":1}},"line":186},"7":{"name":"(anonymous_7)","decl":{"start":{"line":196,"column":26},"end":{"line":196,"column":27}},"loc":{"start":{"line":196,"column":32},"end":{"line":209,"column":3}},"line":196},"8":{"name":"(anonymous_8)","decl":{"start":{"line":230,"column":48},"end":{"line":230,"column":49}},"loc":{"start":{"line":230,"column":56},"end":{"line":230,"column":63}},"line":230},"9":{"name":"(anonymous_9)","decl":{"start":{"line":236,"column":28},"end":{"line":236,"column":29}},"loc":{"start":{"line":237,"column":20},"end":{"line":237,"column":106}},"line":237},"10":{"name":"(anonymous_10)","decl":{"start":{"line":249,"column":26},"end":{"line":249,"column":27}},"loc":{"start":{"line":249,"column":33},"end":{"line":249,"column":64}},"line":249},"11":{"name":"(anonymous_11)","decl":{"start":{"line":250,"column":27},"end":{"line":250,"column":28}},"loc":{"start":{"line":250,"column":34},"end":{"line":254,"column":17}},"line":250},"12":{"name":"(anonymous_12)","decl":{"start":{"line":266,"column":27},"end":{"line":266,"column":28}},"loc":{"start":{"line":266,"column":33},"end":{"line":269,"column":19}},"line":266},"13":{"name":"KanbanBoard","decl":{"start":{"line":293,"column":16},"end":{"line":293,"column":27}},"loc":{"start":{"line":293,"column":30},"end":{"line":1346,"column":1}},"line":293},"14":{"name":"(anonymous_14)","decl":{"start":{"line":308,"column":47},"end":{"line":308,"column":48}},"loc":{"start":{"line":308,"column":55},"end":{"line":308,"column":79}},"line":308},"15":{"name":"(anonymous_15)","decl":{"start":{"line":322,"column":12},"end":{"line":322,"column":13}},"loc":{"start":{"line":322,"column":18},"end":{"line":324,"column":3}},"line":322},"16":{"name":"(anonymous_16)","decl":{"start":{"line":326,"column":30},"end":{"line":326,"column":31}},"loc":{"start":{"line":326,"column":145},"end":{"line":399,"column":3}},"line":326},"17":{"name":"(anonymous_17)","decl":{"start":{"line":375,"column":15},"end":{"line":375,"column":16}},"loc":{"start":{"line":376,"column":8},"end":{"line":387,"column":72}},"line":376},"18":{"name":"(anonymous_18)","decl":{"start":{"line":376,"column":22},"end":{"line":376,"column":23}},"loc":{"start":{"line":376,"column":30},"end":{"line":387,"column":9}},"line":376},"19":{"name":"(anonymous_19)","decl":{"start":{"line":377,"column":55},"end":{"line":377,"column":56}},"loc":{"start":{"line":377,"column":61},"end":{"line":377,"column":78}},"line":377},"20":{"name":"(anonymous_20)","decl":{"start":{"line":387,"column":16},"end":{"line":387,"column":17}},"loc":{"start":{"line":387,"column":26},"end":{"line":387,"column":71}},"line":387},"21":{"name":"(anonymous_21)","decl":{"start":{"line":397,"column":23},"end":{"line":397,"column":24}},"loc":{"start":{"line":397,"column":31},"end":{"line":397,"column":39}},"line":397},"22":{"name":"(anonymous_22)","decl":{"start":{"line":401,"column":31},"end":{"line":401,"column":32}},"loc":{"start":{"line":401,"column":115},"end":{"line":408,"column":3}},"line":401},"23":{"name":"(anonymous_23)","decl":{"start":{"line":410,"column":46},"end":{"line":410,"column":47}},"loc":{"start":{"line":410,"column":93},"end":{"line":610,"column":3}},"line":410},"24":{"name":"(anonymous_24)","decl":{"start":{"line":505,"column":29},"end":{"line":505,"column":30}},"loc":{"start":{"line":505,"column":44},"end":{"line":507,"column":9}},"line":505},"25":{"name":"(anonymous_25)","decl":{"start":{"line":514,"column":53},"end":{"line":514,"column":54}},"loc":{"start":{"line":514,"column":69},"end":{"line":564,"column":7}},"line":514},"26":{"name":"(anonymous_26)","decl":{"start":{"line":530,"column":34},"end":{"line":530,"column":35}},"loc":{"start":{"line":530,"column":46},"end":{"line":530,"column":62}},"line":530},"27":{"name":"(anonymous_27)","decl":{"start":{"line":534,"column":37},"end":{"line":534,"column":38}},"loc":{"start":{"line":534,"column":49},"end":{"line":534,"column":65}},"line":534},"28":{"name":"(anonymous_28)","decl":{"start":{"line":564,"column":14},"end":{"line":564,"column":15}},"loc":{"start":{"line":564,"column":24},"end":{"line":566,"column":7}},"line":564},"29":{"name":"(anonymous_29)","decl":{"start":{"line":575,"column":17},"end":{"line":575,"column":18}},"loc":{"start":{"line":575,"column":23},"end":{"line":594,"column":7}},"line":575},"30":{"name":"(anonymous_30)","decl":{"start":{"line":576,"column":43},"end":{"line":576,"column":44}},"loc":{"start":{"line":576,"column":48},"end":{"line":576,"column":70}},"line":576},"31":{"name":"(anonymous_31)","decl":{"start":{"line":577,"column":44},"end":{"line":577,"column":45}},"loc":{"start":{"line":577,"column":49},"end":{"line":577,"column":72}},"line":577},"32":{"name":"(anonymous_32)","decl":{"start":{"line":578,"column":46},"end":{"line":578,"column":47}},"loc":{"start":{"line":578,"column":51},"end":{"line":578,"column":76}},"line":578},"33":{"name":"(anonymous_33)","decl":{"start":{"line":579,"column":46},"end":{"line":579,"column":47}},"loc":{"start":{"line":579,"column":51},"end":{"line":579,"column":76}},"line":579},"34":{"name":"(anonymous_34)","decl":{"start":{"line":580,"column":45},"end":{"line":580,"column":46}},"loc":{"start":{"line":580,"column":50},"end":{"line":580,"column":74}},"line":580},"35":{"name":"(anonymous_35)","decl":{"start":{"line":612,"column":12},"end":{"line":612,"column":13}},"loc":{"start":{"line":612,"column":18},"end":{"line":664,"column":3}},"line":612},"36":{"name":"(anonymous_36)","decl":{"start":{"line":618,"column":33},"end":{"line":618,"column":34}},"loc":{"start":{"line":618,"column":39},"end":{"line":633,"column":5}},"line":618},"37":{"name":"(anonymous_37)","decl":{"start":{"line":639,"column":12},"end":{"line":639,"column":13}},"loc":{"start":{"line":639,"column":18},"end":{"line":643,"column":7}},"line":639},"38":{"name":"(anonymous_38)","decl":{"start":{"line":644,"column":13},"end":{"line":644,"column":14}},"loc":{"start":{"line":644,"column":22},"end":{"line":648,"column":7}},"line":644},"39":{"name":"(anonymous_39)","decl":{"start":{"line":650,"column":35},"end":{"line":650,"column":36}},"loc":{"start":{"line":650,"column":41},"end":{"line":657,"column":5}},"line":650},"40":{"name":"(anonymous_40)","decl":{"start":{"line":653,"column":40},"end":{"line":653,"column":41}},"loc":{"start":{"line":653,"column":47},"end":{"line":655,"column":9}},"line":653},"41":{"name":"(anonymous_41)","decl":{"start":{"line":659,"column":11},"end":{"line":659,"column":12}},"loc":{"start":{"line":659,"column":17},"end":{"line":663,"column":5}},"line":659},"42":{"name":"(anonymous_42)","decl":{"start":{"line":666,"column":12},"end":{"line":666,"column":13}},"loc":{"start":{"line":666,"column":18},"end":{"line":680,"column":3}},"line":666},"43":{"name":"(anonymous_43)","decl":{"start":{"line":669,"column":33},"end":{"line":669,"column":34}},"loc":{"start":{"line":669,"column":39},"end":{"line":677,"column":5}},"line":669},"44":{"name":"(anonymous_44)","decl":{"start":{"line":679,"column":11},"end":{"line":679,"column":12}},"loc":{"start":{"line":679,"column":17},"end":{"line":679,"column":40}},"line":679},"45":{"name":"(anonymous_45)","decl":{"start":{"line":682,"column":12},"end":{"line":682,"column":13}},"loc":{"start":{"line":682,"column":18},"end":{"line":716,"column":3}},"line":682},"46":{"name":"(anonymous_46)","decl":{"start":{"line":685,"column":35},"end":{"line":685,"column":36}},"loc":{"start":{"line":685,"column":41},"end":{"line":695,"column":5}},"line":685},"47":{"name":"(anonymous_47)","decl":{"start":{"line":691,"column":19},"end":{"line":691,"column":20}},"loc":{"start":{"line":691,"column":25},"end":{"line":693,"column":11}},"line":691},"48":{"name":"(anonymous_48)","decl":{"start":{"line":697,"column":24},"end":{"line":697,"column":25}},"loc":{"start":{"line":697,"column":30},"end":{"line":707,"column":5}},"line":697},"49":{"name":"(anonymous_49)","decl":{"start":{"line":703,"column":19},"end":{"line":703,"column":20}},"loc":{"start":{"line":703,"column":25},"end":{"line":705,"column":11}},"line":703},"50":{"name":"(anonymous_50)","decl":{"start":{"line":712,"column":11},"end":{"line":712,"column":12}},"loc":{"start":{"line":712,"column":17},"end":{"line":715,"column":5}},"line":712},"51":{"name":"(anonymous_51)","decl":{"start":{"line":718,"column":24},"end":{"line":718,"column":25}},"loc":{"start":{"line":718,"column":56},"end":{"line":785,"column":3}},"line":718},"52":{"name":"(anonymous_52)","decl":{"start":{"line":773,"column":25},"end":{"line":773,"column":26}},"loc":{"start":{"line":773,"column":33},"end":{"line":773,"column":41}},"line":773},"53":{"name":"(anonymous_53)","decl":{"start":{"line":783,"column":23},"end":{"line":783,"column":24}},"loc":{"start":{"line":783,"column":31},"end":{"line":783,"column":39}},"line":783},"54":{"name":"(anonymous_54)","decl":{"start":{"line":787,"column":19},"end":{"line":787,"column":20}},"loc":{"start":{"line":787,"column":39},"end":{"line":793,"column":3}},"line":787},"55":{"name":"(anonymous_55)","decl":{"start":{"line":788,"column":28},"end":{"line":788,"column":29}},"loc":{"start":{"line":788,"column":36},"end":{"line":788,"column":54}},"line":788},"56":{"name":"(anonymous_56)","decl":{"start":{"line":794,"column":21},"end":{"line":794,"column":22}},"loc":{"start":{"line":794,"column":47},"end":{"line":822,"column":3}},"line":794},"57":{"name":"(anonymous_57)","decl":{"start":{"line":801,"column":30},"end":{"line":801,"column":31}},"loc":{"start":{"line":801,"column":38},"end":{"line":801,"column":56}},"line":801},"58":{"name":"(anonymous_58)","decl":{"start":{"line":812,"column":25},"end":{"line":812,"column":26}},"loc":{"start":{"line":812,"column":33},"end":{"line":812,"column":41}},"line":812},"59":{"name":"(anonymous_59)","decl":{"start":{"line":820,"column":23},"end":{"line":820,"column":24}},"loc":{"start":{"line":820,"column":31},"end":{"line":820,"column":39}},"line":820},"60":{"name":"(anonymous_60)","decl":{"start":{"line":824,"column":26},"end":{"line":824,"column":27}},"loc":{"start":{"line":824,"column":42},"end":{"line":828,"column":3}},"line":824},"61":{"name":"(anonymous_61)","decl":{"start":{"line":830,"column":25},"end":{"line":830,"column":26}},"loc":{"start":{"line":830,"column":41},"end":{"line":880,"column":3}},"line":830},"62":{"name":"(anonymous_62)","decl":{"start":{"line":838,"column":34},"end":{"line":838,"column":35}},"loc":{"start":{"line":838,"column":42},"end":{"line":838,"column":63}},"line":838},"63":{"name":"(anonymous_63)","decl":{"start":{"line":849,"column":27},"end":{"line":849,"column":28}},"loc":{"start":{"line":849,"column":35},"end":{"line":857,"column":9}},"line":849},"64":{"name":"(anonymous_64)","decl":{"start":{"line":861,"column":34},"end":{"line":861,"column":35}},"loc":{"start":{"line":861,"column":42},"end":{"line":861,"column":61}},"line":861},"65":{"name":"(anonymous_65)","decl":{"start":{"line":868,"column":29},"end":{"line":868,"column":30}},"loc":{"start":{"line":868,"column":37},"end":{"line":876,"column":11}},"line":868},"66":{"name":"(anonymous_66)","decl":{"start":{"line":882,"column":24},"end":{"line":882,"column":25}},"loc":{"start":{"line":882,"column":40},"end":{"line":1110,"column":3}},"line":882},"67":{"name":"(anonymous_67)","decl":{"start":{"line":893,"column":34},"end":{"line":893,"column":35}},"loc":{"start":{"line":893,"column":42},"end":{"line":893,"column":62}},"line":893},"68":{"name":"(anonymous_68)","decl":{"start":{"line":906,"column":34},"end":{"line":906,"column":35}},"loc":{"start":{"line":906,"column":42},"end":{"line":906,"column":60}},"line":906},"69":{"name":"(anonymous_69)","decl":{"start":{"line":950,"column":39},"end":{"line":950,"column":40}},"loc":{"start":{"line":950,"column":44},"end":{"line":950,"column":69}},"line":950},"70":{"name":"(anonymous_70)","decl":{"start":{"line":950,"column":81},"end":{"line":950,"column":82}},"loc":{"start":{"line":950,"column":86},"end":{"line":950,"column":103}},"line":950},"71":{"name":"(anonymous_71)","decl":{"start":{"line":951,"column":45},"end":{"line":951,"column":46}},"loc":{"start":{"line":951,"column":50},"end":{"line":951,"column":67}},"line":951},"72":{"name":"(anonymous_72)","decl":{"start":{"line":960,"column":45},"end":{"line":960,"column":46}},"loc":{"start":{"line":960,"column":50},"end":{"line":960,"column":75}},"line":960},"73":{"name":"(anonymous_73)","decl":{"start":{"line":966,"column":68},"end":{"line":966,"column":69}},"loc":{"start":{"line":966,"column":73},"end":{"line":966,"column":88}},"line":966},"74":{"name":"(anonymous_74)","decl":{"start":{"line":987,"column":30},"end":{"line":987,"column":31}},"loc":{"start":{"line":987,"column":38},"end":{"line":987,"column":85}},"line":987},"75":{"name":"(anonymous_75)","decl":{"start":{"line":993,"column":58},"end":{"line":993,"column":59}},"loc":{"start":{"line":993,"column":63},"end":{"line":993,"column":80}},"line":993},"76":{"name":"(anonymous_76)","decl":{"start":{"line":1000,"column":58},"end":{"line":1000,"column":59}},"loc":{"start":{"line":1000,"column":63},"end":{"line":1000,"column":88}},"line":1000},"77":{"name":"(anonymous_77)","decl":{"start":{"line":1003,"column":59},"end":{"line":1003,"column":60}},"loc":{"start":{"line":1003,"column":64},"end":{"line":1003,"column":79}},"line":1003},"78":{"name":"(anonymous_78)","decl":{"start":{"line":1009,"column":67},"end":{"line":1009,"column":68}},"loc":{"start":{"line":1009,"column":72},"end":{"line":1009,"column":87}},"line":1009},"79":{"name":"(anonymous_79)","decl":{"start":{"line":1038,"column":42},"end":{"line":1038,"column":43}},"loc":{"start":{"line":1038,"column":47},"end":{"line":1038,"column":72}},"line":1038},"80":{"name":"(anonymous_80)","decl":{"start":{"line":1038,"column":84},"end":{"line":1038,"column":85}},"loc":{"start":{"line":1038,"column":89},"end":{"line":1038,"column":106}},"line":1038},"81":{"name":"(anonymous_81)","decl":{"start":{"line":1039,"column":40},"end":{"line":1039,"column":41}},"loc":{"start":{"line":1039,"column":45},"end":{"line":1039,"column":70}},"line":1039},"82":{"name":"(anonymous_82)","decl":{"start":{"line":1039,"column":82},"end":{"line":1039,"column":83}},"loc":{"start":{"line":1039,"column":87},"end":{"line":1039,"column":102}},"line":1039},"83":{"name":"(anonymous_83)","decl":{"start":{"line":1042,"column":46},"end":{"line":1042,"column":47}},"loc":{"start":{"line":1042,"column":51},"end":{"line":1042,"column":76}},"line":1042},"84":{"name":"(anonymous_84)","decl":{"start":{"line":1047,"column":32},"end":{"line":1047,"column":33}},"loc":{"start":{"line":1047,"column":40},"end":{"line":1052,"column":9}},"line":1047},"85":{"name":"(anonymous_85)","decl":{"start":{"line":1060,"column":35},"end":{"line":1060,"column":36}},"loc":{"start":{"line":1060,"column":45},"end":{"line":1091,"column":7}},"line":1060},"86":{"name":"(anonymous_86)","decl":{"start":{"line":1061,"column":50},"end":{"line":1061,"column":51}},"loc":{"start":{"line":1061,"column":55},"end":{"line":1061,"column":74}},"line":1061},"87":{"name":"(anonymous_87)","decl":{"start":{"line":1062,"column":45},"end":{"line":1062,"column":46}},"loc":{"start":{"line":1062,"column":54},"end":{"line":1071,"column":40}},"line":1062},"88":{"name":"(anonymous_88)","decl":{"start":{"line":1073,"column":34},"end":{"line":1073,"column":35}},"loc":{"start":{"line":1073,"column":51},"end":{"line":1090,"column":9}},"line":1073},"89":{"name":"(anonymous_89)","decl":{"start":{"line":1075,"column":54},"end":{"line":1075,"column":55}},"loc":{"start":{"line":1075,"column":60},"end":{"line":1075,"column":77}},"line":1075},"90":{"name":"(anonymous_90)","decl":{"start":{"line":1113,"column":36},"end":{"line":1113,"column":37}},"loc":{"start":{"line":1113,"column":44},"end":{"line":1113,"column":69}},"line":1113},"91":{"name":"(anonymous_91)","decl":{"start":{"line":1114,"column":37},"end":{"line":1114,"column":38}},"loc":{"start":{"line":1114,"column":45},"end":{"line":1114,"column":71}},"line":1114},"92":{"name":"(anonymous_92)","decl":{"start":{"line":1115,"column":39},"end":{"line":1115,"column":40}},"loc":{"start":{"line":1115,"column":47},"end":{"line":1115,"column":75}},"line":1115},"93":{"name":"(anonymous_93)","decl":{"start":{"line":1116,"column":39},"end":{"line":1116,"column":40}},"loc":{"start":{"line":1116,"column":47},"end":{"line":1116,"column":75}},"line":1116},"94":{"name":"(anonymous_94)","decl":{"start":{"line":1117,"column":38},"end":{"line":1117,"column":39}},"loc":{"start":{"line":1117,"column":46},"end":{"line":1117,"column":73}},"line":1117},"95":{"name":"(anonymous_95)","decl":{"start":{"line":1119,"column":25},"end":{"line":1119,"column":26}},"loc":{"start":{"line":1119,"column":56},"end":{"line":1128,"column":3}},"line":1119},"96":{"name":"(anonymous_96)","decl":{"start":{"line":1137,"column":19},"end":{"line":1137,"column":20}},"loc":{"start":{"line":1137,"column":25},"end":{"line":1143,"column":11}},"line":1137},"97":{"name":"(anonymous_97)","decl":{"start":{"line":1141,"column":21},"end":{"line":1141,"column":22}},"loc":{"start":{"line":1141,"column":27},"end":{"line":1141,"column":52}},"line":1141},"98":{"name":"(anonymous_98)","decl":{"start":{"line":1142,"column":23},"end":{"line":1142,"column":24}},"loc":{"start":{"line":1142,"column":29},"end":{"line":1142,"column":48}},"line":1142},"99":{"name":"(anonymous_99)","decl":{"start":{"line":1166,"column":19},"end":{"line":1166,"column":20}},"loc":{"start":{"line":1166,"column":25},"end":{"line":1197,"column":11}},"line":1166},"100":{"name":"(anonymous_100)","decl":{"start":{"line":1176,"column":20},"end":{"line":1176,"column":21}},"loc":{"start":{"line":1176,"column":26},"end":{"line":1183,"column":15}},"line":1176},"101":{"name":"(anonymous_101)","decl":{"start":{"line":1184,"column":21},"end":{"line":1184,"column":22}},"loc":{"start":{"line":1184,"column":30},"end":{"line":1191,"column":15}},"line":1184},"102":{"name":"(anonymous_102)","decl":{"start":{"line":1192,"column":23},"end":{"line":1192,"column":24}},"loc":{"start":{"line":1192,"column":29},"end":{"line":1194,"column":15}},"line":1192},"103":{"name":"(anonymous_103)","decl":{"start":{"line":1196,"column":29},"end":{"line":1196,"column":30}},"loc":{"start":{"line":1196,"column":37},"end":{"line":1196,"column":45}},"line":1196}},"branchMap":{"0":{"loc":{"start":{"line":45,"column":20},"end":{"line":45,"column":51}},"type":"cond-expr","locations":[{"start":{"line":45,"column":40},"end":{"line":45,"column":44}},{"start":{"line":45,"column":47},"end":{"line":45,"column":51}}],"line":45},"1":{"loc":{"start":{"line":48,"column":4},"end":{"line":50,"column":5}},"type":"if","locations":[{"start":{"line":48,"column":4},"end":{"line":50,"column":5}},{"start":{},"end":{}}],"line":48},"2":{"loc":{"start":{"line":55,"column":4},"end":{"line":62,"column":5}},"type":"switch","locations":[{"start":{"line":56,"column":6},"end":{"line":56,"column":51}},{"start":{"line":57,"column":6},"end":{"line":57,"column":49}},{"start":{"line":58,"column":6},"end":{"line":58,"column":53}},{"start":{"line":59,"column":6},"end":{"line":59,"column":53}},{"start":{"line":60,"column":6},"end":{"line":60,"column":47}},{"start":{"line":61,"column":6},"end":{"line":61,"column":50}}],"line":55},"3":{"loc":{"start":{"line":66,"column":4},"end":{"line":73,"column":5}},"type":"switch","locations":[{"start":{"line":67,"column":6},"end":{"line":67,"column":52}},{"start":{"line":68,"column":6},"end":{"line":68,"column":42}},{"start":{"line":69,"column":6},"end":{"line":69,"column":44}},{"start":{"line":70,"column":6},"end":{"line":70,"column":44}},{"start":{"line":71,"column":6},"end":{"line":71,"column":54}},{"start":{"line":72,"column":6},"end":{"line":72,"column":25}}],"line":66},"4":{"loc":{"start":{"line":67,"column":21},"end":{"line":67,"column":51}},"type":"binary-expr","locations":[{"start":{"line":67,"column":21},"end":{"line":67,"column":34}},{"start":{"line":67,"column":38},"end":{"line":67,"column":51}}],"line":67},"5":{"loc":{"start":{"line":68,"column":21},"end":{"line":68,"column":41}},"type":"binary-expr","locations":[{"start":{"line":68,"column":21},"end":{"line":68,"column":30}},{"start":{"line":68,"column":34},"end":{"line":68,"column":41}}],"line":68},"6":{"loc":{"start":{"line":69,"column":21},"end":{"line":69,"column":43}},"type":"binary-expr","locations":[{"start":{"line":69,"column":21},"end":{"line":69,"column":32}},{"start":{"line":69,"column":36},"end":{"line":69,"column":43}}],"line":69},"7":{"loc":{"start":{"line":70,"column":21},"end":{"line":70,"column":43}},"type":"binary-expr","locations":[{"start":{"line":70,"column":21},"end":{"line":70,"column":30}},{"start":{"line":70,"column":34},"end":{"line":70,"column":43}}],"line":70},"8":{"loc":{"start":{"line":71,"column":21},"end":{"line":71,"column":53}},"type":"binary-expr","locations":[{"start":{"line":71,"column":21},"end":{"line":71,"column":34}},{"start":{"line":71,"column":38},"end":{"line":71,"column":53}}],"line":71},"9":{"loc":{"start":{"line":98,"column":9},"end":{"line":104,"column":9}},"type":"binary-expr","locations":[{"start":{"line":98,"column":9},"end":{"line":98,"column":25}},{"start":{"line":99,"column":10},"end":{"line":103,"column":16}}],"line":98},"10":{"loc":{"start":{"line":100,"column":13},"end":{"line":102,"column":32}},"type":"cond-expr","locations":[{"start":{"line":101,"column":16},"end":{"line":101,"column":57}},{"start":{"line":102,"column":16},"end":{"line":102,"column":32}}],"line":100},"11":{"loc":{"start":{"line":106,"column":11},"end":{"line":111,"column":11}},"type":"binary-expr","locations":[{"start":{"line":106,"column":11},"end":{"line":106,"column":24}},{"start":{"line":107,"column":12},"end":{"line":110,"column":18}}],"line":106},"12":{"loc":{"start":{"line":112,"column":11},"end":{"line":116,"column":11}},"type":"binary-expr","locations":[{"start":{"line":112,"column":11},"end":{"line":112,"column":36}},{"start":{"line":113,"column":12},"end":{"line":115,"column":18}}],"line":112},"13":{"loc":{"start":{"line":114,"column":29},"end":{"line":114,"column":94}},"type":"binary-expr","locations":[{"start":{"line":114,"column":29},"end":{"line":114,"column":56}},{"start":{"line":114,"column":60},"end":{"line":114,"column":94}}],"line":114},"14":{"loc":{"start":{"line":118,"column":9},"end":{"line":126,"column":9}},"type":"binary-expr","locations":[{"start":{"line":118,"column":9},"end":{"line":118,"column":26}},{"start":{"line":119,"column":10},"end":{"line":125,"column":18}}],"line":118},"15":{"loc":{"start":{"line":122,"column":34},"end":{"line":122,"column":62}},"type":"binary-expr","locations":[{"start":{"line":122,"column":34},"end":{"line":122,"column":52}},{"start":{"line":122,"column":56},"end":{"line":122,"column":62}}],"line":122},"16":{"loc":{"start":{"line":122,"column":71},"end":{"line":122,"column":99}},"type":"binary-expr","locations":[{"start":{"line":122,"column":71},"end":{"line":122,"column":89}},{"start":{"line":122,"column":93},"end":{"line":122,"column":99}}],"line":122},"17":{"loc":{"start":{"line":197,"column":4},"end":{"line":207,"column":5}},"type":"if","locations":[{"start":{"line":197,"column":4},"end":{"line":207,"column":5}},{"start":{"line":199,"column":11},"end":{"line":207,"column":5}}],"line":197},"18":{"loc":{"start":{"line":199,"column":11},"end":{"line":207,"column":5}},"type":"if","locations":[{"start":{"line":199,"column":11},"end":{"line":207,"column":5}},{"start":{"line":201,"column":11},"end":{"line":207,"column":5}}],"line":199},"19":{"loc":{"start":{"line":201,"column":11},"end":{"line":207,"column":5}},"type":"if","locations":[{"start":{"line":201,"column":11},"end":{"line":207,"column":5}},{"start":{"line":203,"column":11},"end":{"line":207,"column":5}}],"line":201},"20":{"loc":{"start":{"line":203,"column":11},"end":{"line":207,"column":5}},"type":"if","locations":[{"start":{"line":203,"column":11},"end":{"line":207,"column":5}},{"start":{"line":205,"column":11},"end":{"line":207,"column":5}}],"line":203},"21":{"loc":{"start":{"line":205,"column":11},"end":{"line":207,"column":5}},"type":"if","locations":[{"start":{"line":205,"column":11},"end":{"line":207,"column":5}},{"start":{},"end":{}}],"line":205},"22":{"loc":{"start":{"line":213,"column":31},"end":{"line":213,"column":116}},"type":"cond-expr","locations":[{"start":{"line":213,"column":65},"end":{"line":213,"column":90}},{"start":{"line":213,"column":93},"end":{"line":213,"column":116}}],"line":213},"23":{"loc":{"start":{"line":231,"column":17},"end":{"line":239,"column":17}},"type":"cond-expr","locations":[{"start":{"line":232,"column":18},"end":{"line":234,"column":24}},{"start":{"line":236,"column":18},"end":{"line":238,"column":20}}],"line":231},"24":{"loc":{"start":{"line":244,"column":11},"end":{"line":275,"column":11}},"type":"binary-expr","locations":[{"start":{"line":244,"column":11},"end":{"line":244,"column":37}},{"start":{"line":245,"column":12},"end":{"line":274,"column":18}}],"line":244},"25":{"loc":{"start":{"line":251,"column":18},"end":{"line":253,"column":19}},"type":"if","locations":[{"start":{"line":251,"column":18},"end":{"line":253,"column":19}},{"start":{},"end":{}}],"line":251},"26":{"loc":{"start":{"line":251,"column":22},"end":{"line":251,"column":62}},"type":"binary-expr","locations":[{"start":{"line":251,"column":22},"end":{"line":251,"column":39}},{"start":{"line":251,"column":43},"end":{"line":251,"column":62}}],"line":251},"27":{"loc":{"start":{"line":258,"column":48},"end":{"line":258,"column":64}},"type":"binary-expr","locations":[{"start":{"line":258,"column":48},"end":{"line":258,"column":56}},{"start":{"line":258,"column":60},"end":{"line":258,"column":64}}],"line":258},"28":{"loc":{"start":{"line":277,"column":11},"end":{"line":286,"column":11}},"type":"binary-expr","locations":[{"start":{"line":277,"column":11},"end":{"line":277,"column":37}},{"start":{"line":278,"column":12},"end":{"line":285,"column":28}}],"line":277},"29":{"loc":{"start":{"line":278,"column":44},"end":{"line":278,"column":60}},"type":"binary-expr","locations":[{"start":{"line":278,"column":44},"end":{"line":278,"column":52}},{"start":{"line":278,"column":56},"end":{"line":278,"column":60}}],"line":278},"30":{"loc":{"start":{"line":308,"column":21},"end":{"line":308,"column":87}},"type":"cond-expr","locations":[{"start":{"line":308,"column":36},"end":{"line":308,"column":80}},{"start":{"line":308,"column":83},"end":{"line":308,"column":87}}],"line":308},"31":{"loc":{"start":{"line":327,"column":4},"end":{"line":327,"column":43}},"type":"if","locations":[{"start":{"line":327,"column":4},"end":{"line":327,"column":43}},{"start":{},"end":{}}],"line":327},"32":{"loc":{"start":{"line":332,"column":8},"end":{"line":332,"column":87}},"type":"if","locations":[{"start":{"line":332,"column":8},"end":{"line":332,"column":87}},{"start":{},"end":{}}],"line":332},"33":{"loc":{"start":{"line":332,"column":12},"end":{"line":332,"column":76}},"type":"binary-expr","locations":[{"start":{"line":332,"column":12},"end":{"line":332,"column":19}},{"start":{"line":332,"column":23},"end":{"line":332,"column":46}},{"start":{"line":332,"column":50},"end":{"line":332,"column":76}}],"line":332},"34":{"loc":{"start":{"line":335,"column":14},"end":{"line":335,"column":49}},"type":"binary-expr","locations":[{"start":{"line":335,"column":14},"end":{"line":335,"column":20}},{"start":{"line":335,"column":24},"end":{"line":335,"column":49}}],"line":335},"35":{"loc":{"start":{"line":336,"column":14},"end":{"line":336,"column":54}},"type":"binary-expr","locations":[{"start":{"line":336,"column":14},"end":{"line":336,"column":37}},{"start":{"line":336,"column":41},"end":{"line":336,"column":54}}],"line":336},"36":{"loc":{"start":{"line":337,"column":14},"end":{"line":337,"column":60}},"type":"binary-expr","locations":[{"start":{"line":337,"column":14},"end":{"line":337,"column":40}},{"start":{"line":337,"column":44},"end":{"line":337,"column":60}}],"line":337},"37":{"loc":{"start":{"line":350,"column":8},"end":{"line":372,"column":9}},"type":"if","locations":[{"start":{"line":350,"column":8},"end":{"line":372,"column":9}},{"start":{"line":358,"column":15},"end":{"line":372,"column":9}}],"line":350},"38":{"loc":{"start":{"line":378,"column":10},"end":{"line":385,"column":11}},"type":"if","locations":[{"start":{"line":378,"column":10},"end":{"line":385,"column":11}},{"start":{},"end":{}}],"line":378},"39":{"loc":{"start":{"line":381,"column":18},"end":{"line":381,"column":82}},"type":"binary-expr","locations":[{"start":{"line":381,"column":18},"end":{"line":381,"column":42}},{"start":{"line":381,"column":46},"end":{"line":381,"column":82}}],"line":381},"40":{"loc":{"start":{"line":382,"column":18},"end":{"line":382,"column":105}},"type":"binary-expr","locations":[{"start":{"line":382,"column":18},"end":{"line":382,"column":59}},{"start":{"line":382,"column":63},"end":{"line":382,"column":105}}],"line":382},"41":{"loc":{"start":{"line":383,"column":18},"end":{"line":383,"column":114}},"type":"binary-expr","locations":[{"start":{"line":383,"column":18},"end":{"line":383,"column":62}},{"start":{"line":383,"column":66},"end":{"line":383,"column":114}}],"line":383},"42":{"loc":{"start":{"line":387,"column":27},"end":{"line":387,"column":46}},"type":"binary-expr","locations":[{"start":{"line":387,"column":27},"end":{"line":387,"column":41}},{"start":{"line":387,"column":45},"end":{"line":387,"column":46}}],"line":387},"43":{"loc":{"start":{"line":387,"column":51},"end":{"line":387,"column":70}},"type":"binary-expr","locations":[{"start":{"line":387,"column":51},"end":{"line":387,"column":65}},{"start":{"line":387,"column":69},"end":{"line":387,"column":70}}],"line":387},"44":{"loc":{"start":{"line":406,"column":10},"end":{"line":406,"column":56}},"type":"binary-expr","locations":[{"start":{"line":406,"column":10},"end":{"line":406,"column":29}},{"start":{"line":406,"column":33},"end":{"line":406,"column":56}}],"line":406},"45":{"loc":{"start":{"line":414,"column":4},"end":{"line":417,"column":5}},"type":"if","locations":[{"start":{"line":414,"column":4},"end":{"line":417,"column":5}},{"start":{},"end":{}}],"line":414},"46":{"loc":{"start":{"line":414,"column":8},"end":{"line":414,"column":80}},"type":"binary-expr","locations":[{"start":{"line":414,"column":8},"end":{"line":414,"column":50}},{"start":{"line":414,"column":54},"end":{"line":414,"column":80}}],"line":414},"47":{"loc":{"start":{"line":435,"column":6},"end":{"line":445,"column":7}},"type":"if","locations":[{"start":{"line":435,"column":6},"end":{"line":445,"column":7}},{"start":{},"end":{}}],"line":435},"48":{"loc":{"start":{"line":459,"column":8},"end":{"line":463,"column":9}},"type":"if","locations":[{"start":{"line":459,"column":8},"end":{"line":463,"column":9}},{"start":{"line":461,"column":15},"end":{"line":463,"column":9}}],"line":459},"49":{"loc":{"start":{"line":480,"column":8},"end":{"line":484,"column":9}},"type":"if","locations":[{"start":{"line":480,"column":8},"end":{"line":484,"column":9}},{"start":{"line":482,"column":15},"end":{"line":484,"column":9}}],"line":480},"50":{"loc":{"start":{"line":491,"column":6},"end":{"line":495,"column":7}},"type":"if","locations":[{"start":{"line":491,"column":6},"end":{"line":495,"column":7}},{"start":{},"end":{}}],"line":491},"51":{"loc":{"start":{"line":491,"column":10},"end":{"line":491,"column":61}},"type":"binary-expr","locations":[{"start":{"line":491,"column":10},"end":{"line":491,"column":26}},{"start":{"line":491,"column":30},"end":{"line":491,"column":61}}],"line":491},"52":{"loc":{"start":{"line":498,"column":24},"end":{"line":498,"column":77}},"type":"cond-expr","locations":[{"start":{"line":498,"column":57},"end":{"line":498,"column":72}},{"start":{"line":498,"column":75},"end":{"line":498,"column":77}}],"line":498},"53":{"loc":{"start":{"line":499,"column":27},"end":{"line":499,"column":86}},"type":"cond-expr","locations":[{"start":{"line":499,"column":63},"end":{"line":499,"column":81}},{"start":{"line":499,"column":84},"end":{"line":499,"column":86}}],"line":499},"54":{"loc":{"start":{"line":503,"column":6},"end":{"line":510,"column":7}},"type":"if","locations":[{"start":{"line":503,"column":6},"end":{"line":510,"column":7}},{"start":{"line":508,"column":13},"end":{"line":510,"column":7}}],"line":503},"55":{"loc":{"start":{"line":519,"column":8},"end":{"line":542,"column":9}},"type":"if","locations":[{"start":{"line":519,"column":8},"end":{"line":542,"column":9}},{"start":{"line":524,"column":13},"end":{"line":542,"column":9}}],"line":519},"56":{"loc":{"start":{"line":519,"column":12},"end":{"line":520,"column":105}},"type":"binary-expr","locations":[{"start":{"line":519,"column":12},"end":{"line":519,"column":30}},{"start":{"line":520,"column":12},"end":{"line":520,"column":105}}],"line":519},"57":{"loc":{"start":{"line":526,"column":10},"end":{"line":541,"column":11}},"type":"if","locations":[{"start":{"line":526,"column":10},"end":{"line":541,"column":11}},{"start":{"line":530,"column":15},"end":{"line":541,"column":11}}],"line":526},"58":{"loc":{"start":{"line":530,"column":15},"end":{"line":541,"column":11}},"type":"if","locations":[{"start":{"line":530,"column":15},"end":{"line":541,"column":11}},{"start":{"line":534,"column":15},"end":{"line":541,"column":11}}],"line":530},"59":{"loc":{"start":{"line":534,"column":15},"end":{"line":541,"column":11}},"type":"if","locations":[{"start":{"line":534,"column":15},"end":{"line":541,"column":11}},{"start":{"line":538,"column":15},"end":{"line":541,"column":11}}],"line":534},"60":{"loc":{"start":{"line":544,"column":8},"end":{"line":548,"column":9}},"type":"if","locations":[{"start":{"line":544,"column":8},"end":{"line":548,"column":9}},{"start":{},"end":{}}],"line":544},"61":{"loc":{"start":{"line":550,"column":8},"end":{"line":557,"column":9}},"type":"if","locations":[{"start":{"line":550,"column":8},"end":{"line":557,"column":9}},{"start":{},"end":{}}],"line":550},"62":{"loc":{"start":{"line":565,"column":16},"end":{"line":565,"column":35}},"type":"binary-expr","locations":[{"start":{"line":565,"column":16},"end":{"line":565,"column":30}},{"start":{"line":565,"column":34},"end":{"line":565,"column":35}}],"line":565},"63":{"loc":{"start":{"line":565,"column":40},"end":{"line":565,"column":59}},"type":"binary-expr","locations":[{"start":{"line":565,"column":40},"end":{"line":565,"column":54}},{"start":{"line":565,"column":58},"end":{"line":565,"column":59}}],"line":565},"64":{"loc":{"start":{"line":569,"column":6},"end":{"line":572,"column":7}},"type":"if","locations":[{"start":{"line":569,"column":6},"end":{"line":572,"column":7}},{"start":{},"end":{}}],"line":569},"65":{"loc":{"start":{"line":591,"column":8},"end":{"line":593,"column":9}},"type":"if","locations":[{"start":{"line":591,"column":8},"end":{"line":593,"column":9}},{"start":{},"end":{}}],"line":591},"66":{"loc":{"start":{"line":598,"column":6},"end":{"line":606,"column":7}},"type":"if","locations":[{"start":{"line":598,"column":6},"end":{"line":606,"column":7}},{"start":{},"end":{}}],"line":598},"67":{"loc":{"start":{"line":613,"column":4},"end":{"line":613,"column":26}},"type":"if","locations":[{"start":{"line":613,"column":4},"end":{"line":613,"column":26}},{"start":{},"end":{}}],"line":613},"68":{"loc":{"start":{"line":619,"column":6},"end":{"line":619,"column":45}},"type":"if","locations":[{"start":{"line":619,"column":6},"end":{"line":619,"column":45}},{"start":{},"end":{}}],"line":619},"69":{"loc":{"start":{"line":623,"column":8},"end":{"line":629,"column":9}},"type":"if","locations":[{"start":{"line":623,"column":8},"end":{"line":629,"column":9}},{"start":{},"end":{}}],"line":623},"70":{"loc":{"start":{"line":640,"column":8},"end":{"line":642,"column":9}},"type":"if","locations":[{"start":{"line":640,"column":8},"end":{"line":642,"column":9}},{"start":{},"end":{}}],"line":640},"71":{"loc":{"start":{"line":645,"column":8},"end":{"line":647,"column":9}},"type":"if","locations":[{"start":{"line":645,"column":8},"end":{"line":647,"column":9}},{"start":{},"end":{}}],"line":645},"72":{"loc":{"start":{"line":651,"column":6},"end":{"line":656,"column":7}},"type":"if","locations":[{"start":{"line":651,"column":6},"end":{"line":656,"column":7}},{"start":{},"end":{}}],"line":651},"73":{"loc":{"start":{"line":651,"column":10},"end":{"line":651,"column":59}},"type":"binary-expr","locations":[{"start":{"line":651,"column":10},"end":{"line":651,"column":17}},{"start":{"line":651,"column":21},"end":{"line":651,"column":59}}],"line":651},"74":{"loc":{"start":{"line":667,"column":4},"end":{"line":667,"column":61}},"type":"if","locations":[{"start":{"line":667,"column":4},"end":{"line":667,"column":61}},{"start":{},"end":{}}],"line":667},"75":{"loc":{"start":{"line":667,"column":8},"end":{"line":667,"column":52}},"type":"binary-expr","locations":[{"start":{"line":667,"column":8},"end":{"line":667,"column":17}},{"start":{"line":667,"column":21},"end":{"line":667,"column":30}},{"start":{"line":667,"column":34},"end":{"line":667,"column":52}}],"line":667},"76":{"loc":{"start":{"line":686,"column":6},"end":{"line":694,"column":7}},"type":"if","locations":[{"start":{"line":686,"column":6},"end":{"line":694,"column":7}},{"start":{},"end":{}}],"line":686},"77":{"loc":{"start":{"line":686,"column":10},"end":{"line":686,"column":65}},"type":"binary-expr","locations":[{"start":{"line":686,"column":10},"end":{"line":686,"column":48}},{"start":{"line":686,"column":52},"end":{"line":686,"column":65}}],"line":686},"78":{"loc":{"start":{"line":698,"column":6},"end":{"line":706,"column":7}},"type":"if","locations":[{"start":{"line":698,"column":6},"end":{"line":706,"column":7}},{"start":{},"end":{}}],"line":698},"79":{"loc":{"start":{"line":719,"column":4},"end":{"line":719,"column":37}},"type":"if","locations":[{"start":{"line":719,"column":4},"end":{"line":719,"column":37}},{"start":{},"end":{}}],"line":719},"80":{"loc":{"start":{"line":744,"column":6},"end":{"line":774,"column":7}},"type":"if","locations":[{"start":{"line":744,"column":6},"end":{"line":774,"column":7}},{"start":{"line":764,"column":13},"end":{"line":774,"column":7}}],"line":744},"81":{"loc":{"start":{"line":789,"column":4},"end":{"line":792,"column":5}},"type":"if","locations":[{"start":{"line":789,"column":4},"end":{"line":792,"column":5}},{"start":{},"end":{}}],"line":789},"82":{"loc":{"start":{"line":800,"column":6},"end":{"line":813,"column":7}},"type":"if","locations":[{"start":{"line":800,"column":6},"end":{"line":813,"column":7}},{"start":{"line":806,"column":13},"end":{"line":813,"column":7}}],"line":800},"83":{"loc":{"start":{"line":833,"column":4},"end":{"line":836,"column":5}},"type":"if","locations":[{"start":{"line":833,"column":4},"end":{"line":836,"column":5}},{"start":{},"end":{}}],"line":833},"84":{"loc":{"start":{"line":842,"column":4},"end":{"line":879,"column":5}},"type":"if","locations":[{"start":{"line":842,"column":4},"end":{"line":879,"column":5}},{"start":{"line":860,"column":9},"end":{"line":879,"column":5}}],"line":842},"85":{"loc":{"start":{"line":847,"column":6},"end":{"line":858,"column":7}},"type":"if","locations":[{"start":{"line":847,"column":6},"end":{"line":858,"column":7}},{"start":{},"end":{}}],"line":847},"86":{"loc":{"start":{"line":847,"column":10},"end":{"line":847,"column":55}},"type":"binary-expr","locations":[{"start":{"line":847,"column":10},"end":{"line":847,"column":20}},{"start":{"line":847,"column":24},"end":{"line":847,"column":55}}],"line":847},"87":{"loc":{"start":{"line":850,"column":10},"end":{"line":855,"column":11}},"type":"if","locations":[{"start":{"line":850,"column":10},"end":{"line":855,"column":11}},{"start":{},"end":{}}],"line":850},"88":{"loc":{"start":{"line":860,"column":9},"end":{"line":879,"column":5}},"type":"if","locations":[{"start":{"line":860,"c
[...]
","locations":[{"start":{"line":953,"column":6},"end":{"line":953,"column":36}},{"start":{},"end":{}}],"line":953},"113":{"loc":{"start":{"line":962,"column":6},"end":{"line":975,"column":7}},"type":"if","locations":[{"start":{"line":962,"column":6},"end":{"line":975,"column":7}},{"start":{"line":965,"column":13},"end":{"line":975,"column":7}}],"line":962},"114":{"loc":{"start":{"line":962,"column":10},"end":{"line":962,"column":61}},"type":"binary-expr","locations":[{"start":{"line":962,"column":10},"end":{"line":962,"column":22}},{"start":{"line":962,"column":26},"end":{"line":962,"column":61}}],"line":962},"115":{"loc":{"start":{"line":965,"column":13},"end":{"line":975,"column":7}},"type":"if","locations":[{"start":{"line":965,"column":13},"end":{"line":975,"column":7}},{"start":{"line":968,"column":13},"end":{"line":975,"column":7}}],"line":965},"116":{"loc":{"start":{"line":968,"column":13},"end":{"line":975,"column":7}},"type":"if","locations":[{"start":{"line":968,"column":13},"end":{"line":975,"column":7}},{"start":{},"end":{}}],"line":968},"117":{"loc":{"start":{"line":968,"column":17},"end":{"line":968,"column":62}},"type":"binary-expr","locations":[{"start":{"line":968,"column":17},"end":{"line":968,"column":29}},{"start":{"line":968,"column":33},"end":{"line":968,"column":62}}],"line":968},"118":{"loc":{"start":{"line":987,"column":38},"end":{"line":987,"column":85}},"type":"cond-expr","locations":[{"start":{"line":987,"column":61},"end":{"line":987,"column":78}},{"start":{"line":987,"column":81},"end":{"line":987,"column":85}}],"line":987},"119":{"loc":{"start":{"line":990,"column":6},"end":{"line":1053,"column":7}},"type":"if","locations":[{"start":{"line":990,"column":6},"end":{"line":1053,"column":7}},{"start":{"line":1036,"column":13},"end":{"line":1053,"column":7}}],"line":990},"120":{"loc":{"start":{"line":990,"column":10},"end":{"line":990,"column":96}},"type":"binary-expr","locations":[{"start":{"line":990,"column":10},"end":{"line":990,"column":39}},{"start":{"line":990,"column":44},"end":{"line":990,"column":56}},{"start":{"line":990,"column":60},"end":{"line":990,"column":95}}],"line":990},"121":{"loc":{"start":{"line":995,"column":8},"end":{"line":1035,"column":9}},"type":"if","locations":[{"start":{"line":995,"column":8},"end":{"line":1035,"column":9}},{"start":{},"end":{}}],"line":995},"122":{"loc":{"start":{"line":1002,"column":10},"end":{"line":1034,"column":11}},"type":"if","locations":[{"start":{"line":1002,"column":10},"end":{"line":1034,"column":11}},{"start":{"line":1019,"column":17},"end":{"line":1034,"column":11}}],"line":1002},"123":{"loc":{"start":{"line":1004,"column":12},"end":{"line":1018,"column":13}},"type":"if","locations":[{"start":{"line":1004,"column":12},"end":{"line":1018,"column":13}},{"start":{"line":1015,"column":19},"end":{"line":1018,"column":13}}],"line":1004},"124":{"loc":{"start":{"line":1011,"column":16},"end":{"line":1013,"column":17}},"type":"if","locations":[{"start":{"line":1011,"column":16},"end":{"line":1013,"column":17}},{"start":{},"end":{}}],"line":1011},"125":{"loc":{"start":{"line":1011,"column":20},"end":{"line":1011,"column":87}},"type":"binary-expr","locations":[{"start":{"line":1011,"column":20},"end":{"line":1011,"column":28}},{"start":{"line":1011,"column":32},"end":{"line":1011,"column":39}},{"start":{"line":1011,"column":43},"end":{"line":1011,"column":87}}],"line":1011},"126":{"loc":{"start":{"line":1024,"column":16},"end":{"line":1027,"column":17}},"type":"if","locations":[{"start":{"line":1024,"column":16},"end":{"line":1027,"column":17}},{"start":{},"end":{}}],"line":1024},"127":{"loc":{"start":{"line":1029,"column":12},"end":{"line":1033,"column":13}},"type":"if","locations":[{"start":{"line":1029,"column":12},"end":{"line":1033,"column":13}},{"start":{"line":1031,"column":19},"end":{"line":1033,"column":13}}],"line":1029},"128":{"loc":{"start":{"line":1036,"column":13},"end":{"line":1053,"column":7}},"type":"if","locations":[{"start":{"line":1036,"column":13},"end":{"line":1053,"column":7}},{"start":{},"end":{}}],"line":1036},"129":{"loc":{"start":{"line":1036,"column":17},"end":{"line":1036,"column":83}},"type":"binary-expr","locations":[{"start":{"line":1036,"column":17},"end":{"line":1036,"column":46}},{"start":{"line":1036,"column":50},"end":{"line":1036,"column":60}},{"start":{"line":1036,"column":64},"end":{"line":1036,"column":83}}],"line":1036},"130":{"loc":{"start":{"line":1048,"column":10},"end":{"line":1050,"column":11}},"type":"if","locations":[{"start":{"line":1048,"column":10},"end":{"line":1050,"column":11}},{"start":{},"end":{}}],"line":1048},"131":{"loc":{"start":{"line":1067,"column":41},"end":{"line":1069,"column":42}},"type":"if","locations":[{"start":{"line":1067,"column":41},"end":{"line":1069,"column":42}},{"start":{},"end":{}}],"line":1067},"132":{"loc":{"start":{"line":1067,"column":45},"end":{"line":1067,"column":65}},"type":"binary-expr","locations":[{"start":{"line":1067,"column":45},"end":{"line":1067,"column":53}},{"start":{"line":1067,"column":57},"end":{"line":1067,"column":65}}],"line":1067},"133":{"loc":{"start":{"line":1070,"column":49},"end":{"line":1070,"column":68}},"type":"binary-expr","locations":[{"start":{"line":1070,"column":49},"end":{"line":1070,"column":63}},{"start":{"line":1070,"column":67},"end":{"line":1070,"column":68}}],"line":1070},"134":{"loc":{"start":{"line":1070,"column":73},"end":{"line":1070,"column":92}},"type":"binary-expr","locations":[{"start":{"line":1070,"column":73},"end":{"line":1070,"column":87}},{"start":{"line":1070,"column":91},"end":{"line":1070,"column":92}}],"line":1070},"135":{"loc":{"start":{"line":1074,"column":10},"end":{"line":1089,"column":11}},"type":"if","locations":[{"start":{"line":1074,"column":10},"end":{"line":1089,"column":11}},{"start":{},"end":{}}],"line":1074},"136":{"loc":{"start":{"line":1074,"column":14},"end":{"line":1074,"column":65}},"type":"binary-expr","locations":[{"start":{"line":1074,"column":14},"end":{"line":1074,"column":41}},{"start":{"line":1074,"column":45},"end":{"line":1074,"column":65}}],"line":1074},"137":{"loc":{"start":{"line":1076,"column":12},"end":{"line":1088,"column":13}},"type":"if","locations":[{"start":{"line":1076,"column":12},"end":{"line":1088,"column":13}},{"start":{"line":1082,"column":19},"end":{"line":1088,"column":13}}],"line":1076},"138":{"loc":{"start":{"line":1078,"column":14},"end":{"line":1081,"column":15}},"type":"if","locations":[{"start":{"line":1078,"column":14},"end":{"line":1081,"column":15}},{"start":{},"end":{}}],"line":1078},"139":{"loc":{"start":{"line":1086,"column":20},"end":{"line":1086,"column":99}},"type":"binary-expr","locations":[{"start":{"line":1086,"column":20},"end":{"line":1086,"column":40}},{"start":{"line":1086,"column":44},"end":{"line":1086,"column":99}}],"line":1086},"140":{"loc":{"start":{"line":1094,"column":6},"end":{"line":1098,"column":7}},"type":"if","locations":[{"start":{"line":1094,"column":6},"end":{"line":1098,"column":7}},{"start":{"line":1096,"column":13},"end":{"line":1098,"column":7}}],"line":1094},"141":{"loc":{"start":{"line":1094,"column":10},"end":{"line":1094,"column":76}},"type":"binary-expr","locations":[{"start":{"line":1094,"column":10},"end":{"line":1094,"column":43}},{"start":{"line":1094,"column":47},"end":{"line":1094,"column":76}}],"line":1094},"142":{"loc":{"start":{"line":1096,"column":13},"end":{"line":1098,"column":7}},"type":"if","locations":[{"start":{"line":1096,"column":13},"end":{"line":1098,"column":7}},{"start":{},"end":{}}],"line":1096},"143":{"loc":{"start":{"line":1096,"column":17},"end":{"line":1096,"column":84}},"type":"binary-expr","locations":[{"start":{"line":1096,"column":17},"end":{"line":1096,"column":50}},{"start":{"line":1096,"column":54},"end":{"line":1096,"column":84}}],"line":1096},"144":{"loc":{"start":{"line":1101,"column":4},"end":{"line":1109,"column":5}},"type":"if","locations":[{"start":{"line":1101,"column":4},"end":{"line":1109,"column":5}},{"start":{},"end":{}}],"line":1101},"145":{"loc":{"start":{"line":1120,"column":4},"end":{"line":1127,"column":5}},"type":"switch","locations":[{"start":{"line":1121,"column":6},"end":{"line":1121,"column":42}},{"start":{"line":1122,"column":6},"end":{"line":1122,"column":44}},{"start":{"line":1123,"column":6},"end":{"line":1123,"column":48}},{"start":{"line":1124,"column":6},"end":{"line":1124,"column":48}},{"start":{"line":1125,"column":6},"end":{"line":1125,"column":46}},{"start":{"line":1126,"column":6},"end":{"line":1126,"column":25}}],"line":1120},"146":{"loc":{"start":{"line":1130,"column":2},"end":{"line":1149,"column":3}},"type":"if","locations":[{"start":{"line":1130,"column":2},"end":{"line":1149,"column":3}},{"start":{},"end":{}}],"line":1130},"147":{"loc":{"start":{"line":1151,"column":2},"end":{"line":1157,"column":3}},"type":"if","locations":[{"start":{"line":1151,"column":2},"end":{"line":1157,"column":3}},{"start":{},"end":{}}],"line":1151},"148":{"loc":{"start":{"line":1168,"column":12},"end":{"line":1168,"column":34}},"type":"if","locations":[{"start":{"line":1168,"column":12},"end":{"line":1168,"column":34}},{"start":{},"end":{}}],"line":1168},"149":{"loc":{"start":{"line":1201,"column":43},"end":{"line":1201,"column":74}},"type":"cond-expr","locations":[{"start":{"line":1201,"column":55},"end":{"line":1201,"column":69}},{"start":{"line":1201,"column":72},"end":{"line":1201,"column":74}}],"line":1201},"150":{"loc":{"start":{"line":1296,"column":11},"end":{"line":1332,"column":18}},"type":"cond-expr","locations":[{"start":{"line":1297,"column":12},"end":{"line":1331,"column":19}},{"start":{"line":1332,"column":14},"end":{"line":1332,"column":18}}],"line":1296},"151":{"loc":{"start":{"line":1296,"column":11},"end":{"line":1296,"column":37}},"type":"binary-expr","locations":[{"start":{"line":1296,"column":11},"end":{"line":1296,"column":23}},{"start":{"line":1296,"column":27},"end":{"line":1296,"column":37}}],"line":1296},"152":{"loc":{"start":{"line":1300,"column":17},"end":{"line":1306,"column":17}},"type":"binary-expr","locations":[{"start":{"line":1300,"column":17},"end":{"line":1300,"column":39}},{"start":{"line":1301,"column":18},"end":{"line":1305,"column":24}}],"line":1300},"153":{"loc":{"start":{"line":1302,"column":21},"end":{"line":1304,"column":46}},"type":"cond-expr","locations":[{"start":{"line":1303,"column":24},"end":{"line":1303,"column":71}},{"start":{"line":1304,"column":24},"end":{"line":1304,"column":46}}],"line":1302},"154":{"loc":{"start":{"line":1308,"column":19},"end":{"line":1319,"column":19}},"type":"binary-expr","locations":[{"start":{"line":1308,"column":19},"end":{"line":1308,"column":50}},{"start":{"line":1309,"column":20},"end":{"line":1318,"column":26}}],"line":1308},"155":{"loc":{"start":{"line":1310,"column":22},"end":{"line":1315,"column":49}},"type":"cond-expr","locations":[{"start":{"line":1310,"column":48},"end":{"line":1310,"column":77}},{"start":{"line":1311,"column":22},"end":{"line":1315,"column":49}}],"line":1310},"156":{"loc":{"start":{"line":1311,"column":22},"end":{"line":1315,"column":49}},"type":"cond-expr","locations":[{"start":{"line":1311,"column":48},"end":{"line":1311,"column":75}},{"start":{"line":1312,"column":22},"end":{"line":1315,"column":49}}],"line":1311},"157":{"loc":{"start":{"line":1312,"column":22},"end":{"line":1315,"column":49}},"type":"cond-expr","locations":[{"start":{"line":1312,"column":48},"end":{"line":1312,"column":79}},{"start":{"line":1313,"column":22},"end":{"line":1315,"column":49}}],"line":1312},"158":{"loc":{"start":{"line":1313,"column":22},"end":{"line":1315,"column":49}},"type":"cond-expr","locations":[{"start":{"line":1313,"column":48},"end":{"line":1313,"column":79}},{"start":{"line":1314,"column":22},"end":{"line":1315,"column":49}}],"line":1313},"159":{"loc":{"start":{"line":1314,"column":22},"end":{"line":1315,"column":49}},"type":"cond-expr","locations":[{"start":{"line":1314,"column":48},"end":{"line":1314,"column":73}},{"start":{"line":1315,"column":22},"end":{"line":1315,"column":49}}],"line":1314},"160":{"loc":{"start":{"line":1321,"column":17},"end":{"line":1329,"column":17}},"type":"binary-expr","locations":[{"start":{"line":1321,"column":17},"end":{"line":1321,"column":40}},{"start":{"line":1322,"column":18},"end":{"line":1328,"column":26}}],"line":1321},"161":{"loc":{"start":{"line":1325,"column":42},"end":{"line":1325,"column":76}},"type":"binary-expr","locations":[{"start":{"line":1325,"column":42},"end":{"line":1325,"column":66}},{"start":{"line":1325,"column":70},"end":{"line":1325,"column":76}}],"line":1325},"162":{"loc":{"start":{"line":1325,"column":85},"end":{"line":1325,"column":119}},"type":"binary-expr","locations":[{"start":{"line":1325,"column":85},"end":{"line":1325,"column":109}},{"start":{"line":1325,"column":113},"end":{"line":1325,"column":119}}],"line":1325},"163":{"loc":{"start":{"line":1337,"column":7},"end":{"line":1343,"column":7}},"type":"binary-expr","locations":[{"start":{"line":1337,"column":7},"end":{"line":1337,"column":19}},{"start":{"line":1338,"column":8},"end":{"line":1342,"column":10}}],"line":1337}},"s":{"0":0,"1":0,"2":0,"3":0,"4":0,"5":0,"6":0,"7":0,"8":0,"9":0,"10":0,"11":0,"12":0,"13":0,"14":0,"15":0,"16":0,"17":0,"18":0,"19":0,"20":0,"21":0,"22":0,"23":0,"24":0,"25":0,"26":0,"27":0,"28":0,"29":0,"30":0,"31":0,"32":0,"33":0,"34":0,"35":0,"36":0,"37":0,"38":0,"39":0,"40":0,"41":0,"42":0,"43":0,"44":0,"45":0,"46":0,"47":0,"48":0,"49":0,"50":0,"51":0,"52":0,"53":0,"54":0,"55":0,"56":0,"57":0,"58":0,"59":0,"60":0,"61":0,"62":0,"63":0,"64":0,"65":0,"66":0,"67":0,"68":0,"69":0,"70":0,"71":0,"72":0,"73":0,"74":0,"75":0,"76":0,"77":0,"78":0,"79":0,"80":0,"81":0,"82":0,"83":0,"84":0,"85":0,"86":0,"87":0,"88":0,"89":0,"90":0,"91":0,"92":0,"93":0,"94":0,"95":0,"96":0,"97":0,"98":0,"99":0,"100":0,"101":0,"102":0,"103":0,"104":0,"105":0,"106":0,"107":0,"108":0,"109":0,"110":0,"111":0,"112":0,"113":0,"114":0,"115":0,"116":0,"117":0,"118":0,"119":0,"120":0,"121":0,"122":0,"123":0,"124":0,"125":0,"126":0,"127":0,"128":0,"129":0,"130":0,"131":0,"132":0,"133":0,"134":0,"135":0,"136":0,"137":0,"138":0,"139":0,"140":0,"141":0,"142":0,"143":0,"144":0,"145":0,"146":0,"147":0,"148":0,"149":0,"150":0,"151":0,"152":0,"153":0,"154":0,"155":0,"156":0,"157":0,"158":0,"159":0,"160":0,"161":0,"162":0,"163":0,"164":0,"165":0,"166":0,"167":0,"168":0,"169":0,"170":0,"171":0,"172":0,"173":0,"174":0,"175":0,"176":0,"177":0,"178":0,"179":0,"180":0,"181":0,"182":0,"183":0,"184":0,"185":0,"186":0,"187":0,"188":0,"189":0,"190":0,"191":0,"192":0,"193":0,"194":0,"195":0,"196":0,"197":0,"198":0,"199":0,"200":0,"201":0,"202":0,"203":0,"204":0,"205":0,"206":0,"207":0,"208":0,"209":0,"210":0,"211":0,"212":0,"213":0,"214":0,"215":0,"216":0,"217":0,"218":0,"219":0,"220":0,"221":0,"222":0,"223":0,"224":0,"225":0,"226":0,"227":0,"228":0,"229":0,"230":0,"231":0,"232":0,"233":0,"234":0,"235":0,"236":0,"237":0,"238":0,"239":0,"240":0,"241":0,"242":0,"243":0,"244":0,"245":0,"246":0,"247":0,"248":0,"249":0,"250":0,"251":0,"252":0,"253":0,"254":0,"255":0,"256":0,"257":0,"258":0,"259":0,"260":0,"261":0,"262":0,"263":0,"264":0,"265":0,"266":0,"267":0,"268":0,"269":0,"270":0,"271":0,"272":0,"273":0,"274":0,"275":0,"276":0,"277":0,"278":0,"279":0,"280":0,"281":0,"282":0,"283":0,"284":0,"285":0,"286":0,"287":0,"288":0,"289":0,"290":0,"291":0,"292":0,"293":0,"294":0,"295":0,"296":0,"297":0,"298":0,"299":0,"300":0,"301":0,"302":0,"303":0,"304":0,"305":0,"306":0,"307":0,"308":0,"309":0,"310":0,"311":0,"312":0,"313":0,"314":0,"315":0,"316":0,"317":0,"318":0,"319":0,"320":0,"321":0,"322":0,"323":0,"324":0,"325":0,"326":0,"327":0,"328":0,"329":0,"330":0,"331":0,"332":0,"333":0,"334":0,"335":0,"336":0,"337":0,"338":0,"339":0,"340":0,"341":0,"342":0,"343":0,"344":0,"345":0,"346":0,"347":0,"348":0,"349":0,"350":0,"351":0,"352":0,"353":0,"354":0,"355":0,"356":0,"357":0,"358":0,"359":0,"360":0,"361":0,"362":0,"363":0,"364":0,"365":0,"366":0,"367":0,"368":0,"369":0,"370":0,"371":0,"372":0,"373":0,"374":0,"375":0,"376":0,"377":0,"378":0,"379":0,"380":0,"381":0,"382":0,"383":0,"384":0,"385":0,"386":0,"387":0,"388":0,"389":0,"390":0,"391":0,"392":0,"393":0,"394":0,"395":0,"396":0,"397":0,"398":0,"399":0,"400":0,"401":0,"402":0,"403":0,"404":0,"405":0,"406":0,"407":0,"408":0,"409":0,"410":0,"411":0,"412":0,"413":0,"414":0,"415":0,"416":0,"417":0,"418":0,"419":0,"420":0,"421":0,"422":0,"423":0,"424":0,"425":0,"426":0,"427":0,"428":0,"429":0,"430":0,"431":0,"432":0,"433":0,"434":0,"435":0,"436":0,"437":0,"438":0,"439":0,"440":0,"441":0,"442":0,"443":0,"444":0,"445":0,"446":0,"447":0,"448":0,"449":0,"450":0,"451":0,"452":0,"453":0,"454":0,"455":0,"456":0,"457":0,"458":0,"459":0,"460":0,"461":0,"462":0,"463":0,"464":0,"465":0,"466":0,"467":0,"468":0,"469":0,"470":0,"471":0,"472":0,"473":0,"474":0,"475":0,"476":0,"477":0,"478":0,"479":0,"480":0,"481":0,"482":0,"483":0,"484":0,"485":0,"486":0,"487":0,"488":0,"489":0,"490":0,"491":0,"492":0,"493":0,"494":0,"495":0,"496":0,"497":0,"498":0,"499":0,"500":0,"501":0,"502":0,"503":0,"504":0,"505":0,"506":0,"507":0,"508":0,"509":0,"510":0,"511":0,"512":0,"513":0,"514":0,"515":0,"516":0,"517":0,"518":0,"519":0,"520":0,"521":0,"522":0,"523":0,"524":0,"525":0,"526":0,"527":0,"528":0,"529":0,"530":0,"531":0,"532":0,"533":0,"534":0,"535":0,"536":0,"537":0,"538":0,"539":0,"540":0,"541":0},"f":{"0":0,"1":0,"2":0,"3":0,"4":0,"5":0,"6":0,"7":0,"8":0,"9":0,"10":0,"11":0,"12":0,"13":0,"14":0,"15":0,"16":0,"17":0,"18":0,"19":0,"20":0,"21":0,"22":0,"23":0,"24":0,"25":0,"26":0,"27":0,"28":0,"29":0,"30":0,"31":0,"32":0,"33":0,"34":0,"35":0,"36":0,"37":0,"38":0,"39":0,"40":0,"41":0,"42":0,"43":0,"44":0,"45":0,"46":0,"47":0,"48":0,"49":0,"50":0,"51":0,"52":0,"53":0,"54":0,"55":0,"56":0,"57":0,"58":0,"59":0,"60":0,"61":0,"62":0,"63":0,"64":0,"65":0,"66":0,"67":0,"68":0,"69":0,"70":0,"71":0,"72":0,"73":0,"74":0,"75":0,"76":0,"77":0,"78":0,"79":0,"80":0,"81":0,"82":0,"83":0,"84":0,"85":0,"86":0,"87":0,"88":0,"89":0,"90":0,"91":0,"92":0,"93":0,"94":0,"95":0,"96":0,"97":0,"98":0,"99":0,"100":0,"101":0,"102":0,"103":0},"b":{"0":[0,0],"1":[0,0],"2":[0,0,0,0,0,0],"3":[0,0,0,0,0,0],"4":[0,0],"5":[0,0],"6":[0,0],"7":[0,0],"8":[0,0],"9":[0,0],"10":[0,0],"11":[0,0],"12":[0,0],"13":[0,0],"14":[0,0],"15":[0,0],"16":[0,0],"17":[0,0],"18":[0,0],"19":[0,0],"20":[0,0],"21":[0,0],"22":[0,0],"23":[0,0],"24":[0,0],"25":[0,0],"26":[0,0],"27":[0,0],"28":[0,0],"29":[0,0],"30":[0,0],"31":[0,0],"32":[0,0],"33":[0,0,0],"34":[0,0],"35":[0,0],"36":[0,0],"37":[0,0],"38":[0,0],"39":[0,0],"40":[0,0],"41":[0,0],"42":[0,0],"43":[0,0],"44":[0,0],"45":[0,0],"46":[0,0],"47":[0,0],"48":[0,0],"49":[0,0],"50":[0,0],"51":[0,0],"52":[0,0],"53":[0,0],"54":[0,0],"55":[0,0],"56":[0,0],"57":[0,0],"58":[0,0],"59":[0,0],"60":[0,0],"61":[0,0],"62":[0,0],"63":[0,0],"64":[0,0],"65":[0,0],"66":[0,0],"67":[0,0],"68":[0,0],"69":[0,0],"70":[0,0],"71":[0,0],"72":[0,0],"73":[0,0],"74":[0,0],"75":[0,0,0],"76":[0,0],"77":[0,0],"78":[0,0],"79":[0,0],"80":[0,0],"81":[0,0],"82":[0,0],"83":[0,0],"84":[0,0],"85":[0,0],"86":[0,0],"87":[0,0],"88":[0,0],"89":[0,0],"90":[0,0],"91":[0,0],"92":[0,0],"93":[0,0],"94":[0,0],"95":[0,0],"96":[0,0],"97":[0,0],"98":[0,0],"99":[0,0],"100":[0,0],"101":[0,0],"102":[0,0],"103":[0,0],"104":[0,0],"105":[0,0],"106":[0,0],"107":[0,0],"108":[0,0],"109":[0,0],"110":[0,0],"111":[0,0],"112":[0,0],"113":[0,0],"114":[0,0],"115":[0,0],"116":[0,0],"117":[0,0],"118":[0,0],"119":[0,0],"120":[0,0,0],"121":[0,0],"122":[0,0],"123":[0,0],"124":[0,0],"125":[0,0,0],"126":[0,0],"127":[0,0],"128":[0,0],"129":[0,0,0],"130":[0,0],"131":[0,0],"132":[0,0],"133":[0,0],"134":[0,0],"135":[0,0],"136":[0,0],"137":[0,0],"138":[0,0],"139":[0,0],"140":[0,0],"141":[0,0],"142":[0,0],"143":[0,0],"144":[0,0],"145":[0,0,0,0,0,0],"146":[0,0],"147":[0,0],"148":[0,0],"149":[0,0],"150":[0,0],"151":[0,0],"152":[0,0],"153":[0,0],"154":[0,0],"155":[0,0],"156":[0,0],"157":[0,0],"158":[0,0],"159":[0,0],"160":[0,0],"161":[0,0],"162":[0,0],"163":[0,0]}}
}
