TN:
SF:components/kanban-board.tsx
FN:30,(anonymous_0)
FN:47,(anonymous_1)
FN:54,(anonymous_2)
FN:65,(anonymous_3)
FN:133,(anonymous_4)
FN:145,(anonymous_5)
FN:158,(anonymous_6)
FN:196,(anonymous_7)
FN:230,(anonymous_8)
FN:236,(anonymous_9)
FN:249,(anonymous_10)
FN:250,(anonymous_11)
FN:266,(anonymous_12)
FN:293,KanbanBoard
FN:308,(anonymous_14)
FN:322,(anonymous_15)
FN:326,(anonymous_16)
FN:375,(anonymous_17)
FN:376,(anonymous_18)
FN:377,(anonymous_19)
FN:387,(anonymous_20)
FN:397,(anonymous_21)
FN:401,(anonymous_22)
FN:410,(anonymous_23)
FN:505,(anonymous_24)
FN:514,(anonymous_25)
FN:530,(anonymous_26)
FN:534,(anonymous_27)
FN:564,(anonymous_28)
FN:575,(anonymous_29)
FN:576,(anonymous_30)
FN:577,(anonymous_31)
FN:578,(anonymous_32)
FN:579,(anonymous_33)
FN:580,(anonymous_34)
FN:612,(anonymous_35)
FN:618,(anonymous_36)
FN:639,(anonymous_37)
FN:644,(anonymous_38)
FN:650,(anonymous_39)
FN:653,(anonymous_40)
FN:659,(anonymous_41)
FN:666,(anonymous_42)
FN:669,(anonymous_43)
FN:679,(anonymous_44)
FN:682,(anonymous_45)
FN:685,(anonymous_46)
FN:691,(anonymous_47)
FN:697,(anonymous_48)
FN:703,(anonymous_49)
FN:712,(anonymous_50)
FN:718,(anonymous_51)
FN:773,(anonymous_52)
FN:783,(anonymous_53)
FN:787,(anonymous_54)
FN:788,(anonymous_55)
FN:794,(anonymous_56)
FN:801,(anonymous_57)
FN:812,(anonymous_58)
FN:820,(anonymous_59)
FN:824,(anonymous_60)
FN:830,(anonymous_61)
FN:838,(anonymous_62)
FN:849,(anonymous_63)
FN:861,(anonymous_64)
FN:868,(anonymous_65)
FN:882,(anonymous_66)
FN:893,(anonymous_67)
FN:906,(anonymous_68)
FN:950,(anonymous_69)
FN:950,(anonymous_70)
FN:951,(anonymous_71)
FN:960,(anonymous_72)
FN:966,(anonymous_73)
FN:987,(anonymous_74)
FN:993,(anonymous_75)
FN:1000,(anonymous_76)
FN:1003,(anonymous_77)
FN:1009,(anonymous_78)
FN:1038,(anonymous_79)
FN:1038,(anonymous_80)
FN:1039,(anonymous_81)
FN:1039,(anonymous_82)
FN:1042,(anonymous_83)
FN:1047,(anonymous_84)
FN:1060,(anonymous_85)
FN:1061,(anonymous_86)
FN:1062,(anonymous_87)
FN:1073,(anonymous_88)
FN:1075,(anonymous_89)
FN:1113,(anonymous_90)
FN:1114,(anonymous_91)
FN:1115,(anonymous_92)
FN:1116,(anonymous_93)
FN:1117,(anonymous_94)
FN:1119,(anonymous_95)
FN:1137,(anonymous_96)
FN:1141,(anonymous_97)
FN:1142,(anonymous_98)
FN:1166,(anonymous_99)
FN:1176,(anonymous_100)
FN:1184,(anonymous_101)
FN:1192,(anonymous_102)
FN:1196,(anonymous_103)
FNF:104
FNH:0
FNDA:0,(anonymous_0)
FNDA:0,(anonymous_1)
FNDA:0,(anonymous_2)
FNDA:0,(anonymous_3)
FNDA:0,(anonymous_4)
FNDA:0,(anonymous_5)
FNDA:0,(anonymous_6)
FNDA:0,(anonymous_7)
FNDA:0,(anonymous_8)
FNDA:0,(anonymous_9)
FNDA:0,(anonymous_10)
FNDA:0,(anonymous_11)
FNDA:0,(anonymous_12)
FNDA:0,KanbanBoard
FNDA:0,(anonymous_14)
FNDA:0,(anonymous_15)
FNDA:0,(anonymous_16)
FNDA:0,(anonymous_17)
FNDA:0,(anonymous_18)
FNDA:0,(anonymous_19)
FNDA:0,(anonymous_20)
FNDA:0,(anonymous_21)
FNDA:0,(anonymous_22)
FNDA:0,(anonymous_23)
FNDA:0,(anonymous_24)
FNDA:0,(anonymous_25)
FNDA:0,(anonymous_26)
FNDA:0,(anonymous_27)
FNDA:0,(anonymous_28)
FNDA:0,(anonymous_29)
FNDA:0,(anonymous_30)
FNDA:0,(anonymous_31)
FNDA:0,(anonymous_32)
FNDA:0,(anonymous_33)
FNDA:0,(anonymous_34)
FNDA:0,(anonymous_35)
FNDA:0,(anonymous_36)
FNDA:0,(anonymous_37)
FNDA:0,(anonymous_38)
FNDA:0,(anonymous_39)
FNDA:0,(anonymous_40)
FNDA:0,(anonymous_41)
FNDA:0,(anonymous_42)
FNDA:0,(anonymous_43)
FNDA:0,(anonymous_44)
FNDA:0,(anonymous_45)
FNDA:0,(anonymous_46)
FNDA:0,(anonymous_47)
FNDA:0,(anonymous_48)
FNDA:0,(anonymous_49)
FNDA:0,(anonymous_50)
FNDA:0,(anonymous_51)
FNDA:0,(anonymous_52)
FNDA:0,(anonymous_53)
FNDA:0,(anonymous_54)
FNDA:0,(anonymous_55)
FNDA:0,(anonymous_56)
FNDA:0,(anonymous_57)
FNDA:0,(anonymous_58)
FNDA:0,(anonymous_59)
FNDA:0,(anonymous_60)
FNDA:0,(anonymous_61)
FNDA:0,(anonymous_62)
FNDA:0,(anonymous_63)
FNDA:0,(anonymous_64)
FNDA:0,(anonymous_65)
FNDA:0,(anonymous_66)
FNDA:0,(anonymous_67)
FNDA:0,(anonymous_68)
FNDA:0,(anonymous_69)
FNDA:0,(anonymous_70)
FNDA:0,(anonymous_71)
FNDA:0,(anonymous_72)
FNDA:0,(anonymous_73)
FNDA:0,(anonymous_74)
FNDA:0,(anonymous_75)
FNDA:0,(anonymous_76)
FNDA:0,(anonymous_77)
FNDA:0,(anonymous_78)
FNDA:0,(anonymous_79)
FNDA:0,(anonymous_80)
FNDA:0,(anonymous_81)
FNDA:0,(anonymous_82)
FNDA:0,(anonymous_83)
FNDA:0,(anonymous_84)
FNDA:0,(anonymous_85)
FNDA:0,(anonymous_86)
FNDA:0,(anonymous_87)
FNDA:0,(anonymous_88)
FNDA:0,(anonymous_89)
FNDA:0,(anonymous_90)
FNDA:0,(anonymous_91)
FNDA:0,(anonymous_92)
FNDA:0,(anonymous_93)
FNDA:0,(anonymous_94)
FNDA:0,(anonymous_95)
FNDA:0,(anonymous_96)
FNDA:0,(anonymous_97)
FNDA:0,(anonymous_98)
FNDA:0,(anonymous_99)
FNDA:0,(anonymous_100)
FNDA:0,(anonymous_101)
FNDA:0,(anonymous_102)
FNDA:0,(anonymous_103)
DA:30,0
DA:31,0
DA:32,0
DA:40,0
DA:45,0
DA:47,0
DA:48,0
DA:49,0
DA:51,0
DA:54,0
DA:55,0
DA:56,0
DA:57,0
DA:58,0
DA:59,0
DA:60,0
DA:61,0
DA:65,0
DA:66,0
DA:67,0
DA:68,0
DA:69,0
DA:70,0
DA:71,0
DA:72,0
DA:76,0
DA:134,0
DA:135,0
DA:136,0
DA:146,0
DA:147,0
DA:148,0
DA:158,0
DA:187,0
DA:188,0
DA:196,0
DA:197,0
DA:198,0
DA:199,0
DA:200,0
DA:201,0
DA:202,0
DA:203,0
DA:204,0
DA:205,0
DA:206,0
DA:208,0
DA:211,0
DA:230,0
DA:237,0
DA:249,0
DA:251,0
DA:252,0
DA:267,0
DA:268,0
DA:294,0
DA:295,0
DA:296,0
DA:297,0
DA:298,0
DA:299,0
DA:300,0
DA:301,0
DA:302,0
DA:303,0
DA:304,0
DA:305,0
DA:306,0
DA:308,0
DA:310,0
DA:319,0
DA:320,0
DA:322,0
DA:323,0
DA:326,0
DA:327,0
DA:329,0
DA:330,0
DA:331,0
DA:332,0
DA:334,0
DA:340,0
DA:342,0
DA:350,0
DA:351,0
DA:352,0
DA:353,0
DA:354,0
DA:356,0
DA:359,0
DA:360,0
DA:361,0
DA:362,0
DA:364,0
DA:366,0
DA:375,0
DA:376,0
DA:377,0
DA:378,0
DA:379,0
DA:386,0
DA:387,0
DA:391,0
DA:396,0
DA:397,0
DA:401,0
DA:402,0
DA:410,0
DA:411,0
DA:412,0
DA:414,0
DA:415,0
DA:416,0
DA:419,0
DA:421,0
DA:422,0
DA:423,0
DA:425,0
DA:435,0
DA:436,0
DA:437,0
DA:442,0
DA:443,0
DA:444,0
DA:447,0
DA:448,0
DA:449,0
DA:459,0
DA:460,0
DA:462,0
DA:465,0
DA:468,0
DA:469,0
DA:470,0
DA:480,0
DA:481,0
DA:483,0
DA:486,0
DA:489,0
DA:491,0
DA:492,0
DA:493,0
DA:494,0
DA:497,0
DA:498,0
DA:499,0
DA:501,0
DA:503,0
DA:504,0
DA:505,0
DA:506,0
DA:509,0
DA:511,0
DA:512,0
DA:514,0
DA:516,0
DA:517,0
DA:519,0
DA:521,0
DA:522,0
DA:525,0
DA:526,0
DA:527,0
DA:528,0
DA:530,0
DA:531,0
DA:532,0
DA:534,0
DA:535,0
DA:536,0
DA:539,0
DA:540,0
DA:544,0
DA:545,0
DA:546,0
DA:547,0
DA:550,0
DA:551,0
DA:559,0
DA:565,0
DA:568,0
DA:569,0
DA:570,0
DA:571,0
DA:574,0
DA:575,0
DA:576,0
DA:577,0
DA:578,0
DA:579,0
DA:580,0
DA:582,0
DA:583,0
DA:584,0
DA:585,0
DA:586,0
DA:587,0
DA:588,0
DA:589,0
DA:591,0
DA:592,0
DA:596,0
DA:598,0
DA:599,0
DA:600,0
DA:605,0
DA:608,0
DA:612,0
DA:613,0
DA:615,0
DA:616,0
DA:618,0
DA:619,0
DA:621,0
DA:622,0
DA:623,0
DA:624,0
DA:625,0
DA:626,0
DA:627,0
DA:628,0
DA:631,0
DA:635,0
DA:637,0
DA:638,0
DA:640,0
DA:641,0
DA:645,0
DA:646,0
DA:650,0
DA:651,0
DA:652,0
DA:653,0
DA:654,0
DA:659,0
DA:660,0
DA:661,0
DA:662,0
DA:666,0
DA:667,0
DA:669,0
DA:670,0
DA:671,0
DA:672,0
DA:673,0
DA:675,0
DA:679,0
DA:682,0
DA:683,0
DA:685,0
DA:686,0
DA:687,0
DA:688,0
DA:690,0
DA:692,0
DA:697,0
DA:698,0
DA:699,0
DA:700,0
DA:702,0
DA:704,0
DA:709,0
DA:710,0
DA:712,0
DA:713,0
DA:714,0
DA:718,0
DA:719,0
DA:721,0
DA:722,0
DA:723,0
DA:725,0
DA:732,0
DA:734,0
DA:742,0
DA:744,0
DA:745,0
DA:746,0
DA:748,0
DA:749,0
DA:750,0
DA:752,0
DA:755,0
DA:757,0
DA:758,0
DA:760,0
DA:765,0
DA:766,0
DA:768,0
DA:773,0
DA:776,0
DA:778,0
DA:783,0
DA:787,0
DA:788,0
DA:789,0
DA:790,0
DA:791,0
DA:794,0
DA:795,0
DA:796,0
DA:800,0
DA:801,0
DA:803,0
DA:807,0
DA:812,0
DA:815,0
DA:820,0
DA:824,0
DA:825,0
DA:826,0
DA:827,0
DA:830,0
DA:831,0
DA:833,0
DA:834,0
DA:835,0
DA:838,0
DA:840,0
DA:842,0
DA:843,0
DA:845,0
DA:847,0
DA:848,0
DA:849,0
DA:850,0
DA:851,0
DA:856,0
DA:860,0
DA:861,0
DA:863,0
DA:864,0
DA:866,0
DA:867,0
DA:868,0
DA:869,0
DA:870,0
DA:875,0
DA:882,0
DA:883,0
DA:884,0
DA:885,0
DA:886,0
DA:888,0
DA:890,0
DA:891,0
DA:893,0
DA:894,0
DA:896,0
DA:897,0
DA:898,0
DA:900,0
DA:901,0
DA:903,0
DA:904,0
DA:905,0
DA:906,0
DA:907,0
DA:908,0
DA:912,0
DA:913,0
DA:915,0
DA:916,0
DA:917,0
DA:919,0
DA:922,0
DA:923,0
DA:924,0
DA:925,0
DA:927,0
DA:928,0
DA:929,0
DA:931,0
DA:932,0
DA:933,0
DA:938,0
DA:939,0
DA:944,0
DA:948,0
DA:949,0
DA:950,0
DA:951,0
DA:953,0
DA:959,0
DA:960,0
DA:962,0
DA:964,0
DA:965,0
DA:966,0
DA:967,0
DA:968,0
DA:980,0
DA:987,0
DA:990,0
DA:993,0
DA:995,0
DA:996,0
DA:997,0
DA:1000,0
DA:1002,0
DA:1003,0
DA:1004,0
DA:1006,0
DA:1007,0
DA:1009,0
DA:1011,0
DA:1012,0
DA:1014,0
DA:1017,0
DA:1022,0
DA:1023,0
DA:1024,0
DA:1025,0
DA:1026,0
DA:1029,0
DA:1030,0
DA:1032,0
DA:1036,0
DA:1038,0
DA:1039,0
DA:1042,0
DA:1043,0
DA:1046,0
DA:1047,0
DA:1048,0
DA:1049,0
DA:1051,0
DA:1055,0
DA:1058,0
DA:1060,0
DA:1061,0
DA:1065,0
DA:1066,0
DA:1067,0
DA:1068,0
DA:1070,0
DA:1073,0
DA:1074,0
DA:1075,0
DA:1076,0
DA:1077,0
DA:1078,0
DA:1079,0
DA:1080,0
DA:1083,0
DA:1094,0
DA:1095,0
DA:1096,0
DA:1097,0
DA:1101,0
DA:1102,0
DA:1103,0
DA:1105,0
DA:1113,0
DA:1114,0
DA:1115,0
DA:1116,0
DA:1117,0
DA:1119,0
DA:1120,0
DA:1121,0
DA:1122,0
DA:1123,0
DA:1124,0
DA:1125,0
DA:1126,0
DA:1130,0
DA:1131,0
DA:1138,0
DA:1139,0
DA:1140,0
DA:1141,0
DA:1142,0
DA:1151,0
DA:1152,0
DA:1159,0
DA:1168,0
DA:1171,0
DA:1172,0
DA:1175,0
DA:1177,0
DA:1178,0
DA:1185,0
DA:1186,0
DA:1193,0
DA:1196,0
LF:486
LH:0
BRDA:45,0,0,0
BRDA:45,0,1,0
BRDA:48,1,0,0
BRDA:48,1,1,0
BRDA:55,2,0,0
BRDA:55,2,1,0
BRDA:55,2,2,0
BRDA:55,2,3,0
BRDA:55,2,4,0
BRDA:55,2,5,0
BRDA:66,3,0,0
BRDA:66,3,1,0
BRDA:66,3,2,0
BRDA:66,3,3,0
BRDA:66,3,4,0
BRDA:66,3,5,0
BRDA:67,4,0,0
BRDA:67,4,1,0
BRDA:68,5,0,0
BRDA:68,5,1,0
BRDA:69,6,0,0
BRDA:69,6,1,0
BRDA:70,7,0,0
BRDA:70,7,1,0
BRDA:71,8,0,0
BRDA:71,8,1,0
BRDA:98,9,0,0
BRDA:98,9,1,0
BRDA:100,10,0,0
BRDA:100,10,1,0
BRDA:106,11,0,0
BRDA:106,11,1,0
BRDA:112,12,0,0
BRDA:112,12,1,0
BRDA:114,13,0,0
BRDA:114,13,1,0
BRDA:118,14,0,0
BRDA:118,14,1,0
BRDA:122,15,0,0
BRDA:122,15,1,0
BRDA:122,16,0,0
BRDA:122,16,1,0
BRDA:197,17,0,0
BRDA:197,17,1,0
BRDA:199,18,0,0
BRDA:199,18,1,0
BRDA:201,19,0,0
BRDA:201,19,1,0
BRDA:203,20,0,0
BRDA:203,20,1,0
BRDA:205,21,0,0
BRDA:205,21,1,0
BRDA:213,22,0,0
BRDA:213,22,1,0
BRDA:231,23,0,0
BRDA:231,23,1,0
BRDA:244,24,0,0
BRDA:244,24,1,0
BRDA:251,25,0,0
BRDA:251,25,1,0
BRDA:251,26,0,0
BRDA:251,26,1,0
BRDA:258,27,0,0
BRDA:258,27,1,0
BRDA:277,28,0,0
BRDA:277,28,1,0
BRDA:278,29,0,0
BRDA:278,29,1,0
BRDA:308,30,0,0
BRDA:308,30,1,0
BRDA:327,31,0,0
BRDA:327,31,1,0
BRDA:332,32,0,0
BRDA:332,32,1,0
BRDA:332,33,0,0
BRDA:332,33,1,0
BRDA:332,33,2,0
BRDA:335,34,0,0
BRDA:335,34,1,0
BRDA:336,35,0,0
BRDA:336,35,1,0
BRDA:337,36,0,0
BRDA:337,36,1,0
BRDA:350,37,0,0
BRDA:350,37,1,0
BRDA:378,38,0,0
BRDA:378,38,1,0
BRDA:381,39,0,0
BRDA:381,39,1,0
BRDA:382,40,0,0
BRDA:382,40,1,0
BRDA:383,41,0,0
BRDA:383,41,1,0
BRDA:387,42,0,0
BRDA:387,42,1,0
BRDA:387,43,0,0
BRDA:387,43,1,0
BRDA:406,44,0,0
BRDA:406,44,1,0
BRDA:414,45,0,0
BRDA:414,45,1,0
BRDA:414,46,0,0
BRDA:414,46,1,0
BRDA:435,47,0,0
BRDA:435,47,1,0
BRDA:459,48,0,0
BRDA:459,48,1,0
BRDA:480,49,0,0
BRDA:480,49,1,0
BRDA:491,50,0,0
BRDA:491,50,1,0
BRDA:491,51,0,0
BRDA:491,51,1,0
BRDA:498,52,0,0
BRDA:498,52,1,0
BRDA:499,53,0,0
BRDA:499,53,1,0
BRDA:503,54,0,0
BRDA:503,54,1,0
BRDA:519,55,0,0
BRDA:519,55,1,0
BRDA:519,56,0,0
BRDA:519,56,1,0
BRDA:526,57,0,0
BRDA:526,57,1,0
BRDA:530,58,0,0
BRDA:530,58,1,0
BRDA:534,59,0,0
BRDA:534,59,1,0
BRDA:544,60,0,0
BRDA:544,60,1,0
BRDA:550,61,0,0
BRDA:550,61,1,0
BRDA:565,62,0,0
BRDA:565,62,1,0
BRDA:565,63,0,0
BRDA:565,63,1,0
BRDA:569,64,0,0
BRDA:569,64,1,0
BRDA:591,65,0,0
BRDA:591,65,1,0
BRDA:598,66,0,0
BRDA:598,66,1,0
BRDA:613,67,0,0
BRDA:613,67,1,0
BRDA:619,68,0,0
BRDA:619,68,1,0
BRDA:623,69,0,0
BRDA:623,69,1,0
BRDA:640,70,0,0
BRDA:640,70,1,0
BRDA:645,71,0,0
BRDA:645,71,1,0
BRDA:651,72,0,0
BRDA:651,72,1,0
BRDA:651,73,0,0
BRDA:651,73,1,0
BRDA:667,74,0,0
BRDA:667,74,1,0
BRDA:667,75,0,0
BRDA:667,75,1,0
BRDA:667,75,2,0
BRDA:686,76,0,0
BRDA:686,76,1,0
BRDA:686,77,0,0
BRDA:686,77,1,0
BRDA:698,78,0,0
BRDA:698,78,1,0
BRDA:719,79,0,0
BRDA:719,79,1,0
BRDA:744,80,0,0
BRDA:744,80,1,0
BRDA:789,81,0,0
BRDA:789,81,1,0
BRDA:800,82,0,0
BRDA:800,82,1,0
BRDA:833,83,0,0
BRDA:833,83,1,0
BRDA:842,84,0,0
BRDA:842,84,1,0
BRDA:847,85,0,0
BRDA:847,85,1,0
BRDA:847,86,0,0
BRDA:847,86,1,0
BRDA:850,87,0,0
BRDA:850,87,1,0
BRDA:860,88,0,0
BRDA:860,88,1,0
BRDA:863,89,0,0
BRDA:863,89,1,0
BRDA:866,90,0,0
BRDA:866,90,1,0
BRDA:866,91,0,0
BRDA:866,91,1,0
BRDA:869,92,0,0
BRDA:869,92,1,0
BRDA:888,93,0,0
BRDA:888,93,1,0
BRDA:888,94,0,0
BRDA:888,94,1,0
BRDA:894,95,0,0
BRDA:894,95,1,0
BRDA:903,96,0,0
BRDA:903,96,1,0
BRDA:905,97,0,0
BRDA:905,97,1,0
BRDA:907,98,0,0
BRDA:907,98,1,0
BRDA:915,99,0,0
BRDA:915,99,1,0
BRDA:916,100,0,0
BRDA:916,100,1,0
BRDA:924,101,0,0
BRDA:924,101,1,0
BRDA:925,102,0,0
BRDA:925,102,1,0
BRDA:927,103,0,0
BRDA:927,103,1,0
BRDA:928,104,0,0
BRDA:928,104,1,0
BRDA:928,105,0,0
BRDA:928,105,1,0
BRDA:931,106,0,0
BRDA:931,106,1,0
BRDA:932,107,0,0
BRDA:932,107,1,0
BRDA:932,108,0,0
BRDA:932,108,1,0
BRDA:938,109,0,0
BRDA:938,109,1,0
BRDA:948,110,0,0
BRDA:948,110,1,0
BRDA:948,111,0,0
BRDA:948,111,1,0
BRDA:953,112,0,0
BRDA:953,112,1,0
BRDA:962,113,0,0
BRDA:962,113,1,0
BRDA:962,114,0,0
BRDA:962,114,1,0
BRDA:965,115,0,0
BRDA:965,115,1,0
BRDA:968,116,0,0
BRDA:968,116,1,0
BRDA:968,117,0,0
BRDA:968,117,1,0
BRDA:987,118,0,0
BRDA:987,118,1,0
BRDA:990,119,0,0
BRDA:990,119,1,0
BRDA:990,120,0,0
BRDA:990,120,1,0
BRDA:990,120,2,0
BRDA:995,121,0,0
BRDA:995,121,1,0
BRDA:1002,122,0,0
BRDA:1002,122,1,0
BRDA:1004,123,0,0
BRDA:1004,123,1,0
BRDA:1011,124,0,0
BRDA:1011,124,1,0
BRDA:1011,125,0,0
BRDA:1011,125,1,0
BRDA:1011,125,2,0
BRDA:1024,126,0,0
BRDA:1024,126,1,0
BRDA:1029,127,0,0
BRDA:1029,127,1,0
BRDA:1036,128,0,0
BRDA:1036,128,1,0
BRDA:1036,129,0,0
BRDA:1036,129,1,0
BRDA:1036,129,2,0
BRDA:1048,130,0,0
BRDA:1048,130,1,0
BRDA:1067,131,0,0
BRDA:1067,131,1,0
BRDA:1067,132,0,0
BRDA:1067,132,1,0
BRDA:1070,133,0,0
BRDA:1070,133,1,0
BRDA:1070,134,0,0
BRDA:1070,134,1,0
BRDA:1074,135,0,0
BRDA:1074,135,1,0
BRDA:1074,136,0,0
BRDA:1074,136,1,0
BRDA:1076,137,0,0
BRDA:1076,137,1,0
BRDA:1078,138,0,0
BRDA:1078,138,1,0
BRDA:1086,139,0,0
BRDA:1086,139,1,0
BRDA:1094,140,0,0
BRDA:1094,140,1,0
BRDA:1094,141,0,0
BRDA:1094,141,1,0
BRDA:1096,142,0,0
BRDA:1096,142,1,0
BRDA:1096,143,0,0
BRDA:1096,143,1,0
BRDA:1101,144,0,0
BRDA:1101,144,1,0
BRDA:1120,145,0,0
BRDA:1120,145,1,0
BRDA:1120,145,2,0
BRDA:1120,145,3,0
BRDA:1120,145,4,0
BRDA:1120,145,5,0
BRDA:1130,146,0,0
BRDA:1130,146,1,0
BRDA:1151,147,0,0
BRDA:1151,147,1,0
BRDA:1168,148,0,0
BRDA:1168,148,1,0
BRDA:1201,149,0,0
BRDA:1201,149,1,0
BRDA:1296,150,0,0
BRDA:1296,150,1,0
BRDA:1296,151,0,0
BRDA:1296,151,1,0
BRDA:1300,152,0,0
BRDA:1300,152,1,0
BRDA:1302,153,0,0
BRDA:1302,153,1,0
BRDA:1308,154,0,0
BRDA:1308,154,1,0
BRDA:1310,155,0,0
BRDA:1310,155,1,0
BRDA:1311,156,0,0
BRDA:1311,156,1,0
BRDA:1312,157,0,0
BRDA:1312,157,1,0
BRDA:1313,158,0,0
BRDA:1313,158,1,0
BRDA:1314,159,0,0
BRDA:1314,159,1,0
BRDA:1321,160,0,0
BRDA:1321,160,1,0
BRDA:1325,161,0,0
BRDA:1325,161,1,0
BRDA:1325,162,0,0
BRDA:1325,162,1,0
BRDA:1337,163,0,0
BRDA:1337,163,1,0
BRF:345
BRH:0
end_of_record
