TN:
SF:app/layout.tsx
FN:30,RootLayout
FNF:1
FNH:0
FNDA:0,RootLayout
DA:22,0
DA:35,0
DA:36,0
DA:38,0
DA:40,0
DA:41,0
DA:43,0
DA:48,0
DA:49,0
DA:50,0
DA:51,0
DA:52,0
DA:55,0
DA:56,0
DA:57,0
DA:58,0
DA:59,0
DA:60,0
DA:68,0
DA:78,0
LF:20
LH:0
BRDA:41,0,0,0
BRDA:41,0,1,0
BRDA:43,1,0,0
BRDA:43,1,1,0
BRDA:44,2,0,0
BRDA:44,2,1,0
BRDA:44,2,2,0
BRDA:44,2,3,0
BRDA:49,3,0,0
BRDA:49,3,1,0
BRDA:51,4,0,0
BRDA:51,4,1,0
BRDA:51,5,0,0
BRDA:51,5,1,0
BRDA:56,6,0,0
BRDA:56,6,1,0
BRDA:59,7,0,0
BRDA:59,7,1,0
BRDA:59,8,0,0
BRDA:59,8,1,0
BRDA:68,9,0,0
BRDA:68,9,1,0
BRDA:80,10,0,0
BRDA:80,10,1,0
BRDA:93,11,0,0
BRDA:93,11,1,0
BRF:26
BRH:0
end_of_record
TN:
SF:app/metadata.ts
FNF:0
FNH:0
DA:5,0
DA:6,0
DA:8,0
DA:55,0
LF:4
LH:0
BRDA:5,0,0,0
BRDA:5,0,1,0
BRDA:18,1,0,0
BRDA:18,1,1,0
BRF:4
BRH:0
end_of_record
TN:
SF:app/page.tsx
FN:5,Home
FNF:1
FNH:0
FNDA:0,Home
DA:6,0
DA:8,0
DA:9,0
DA:12,0
LF:4
LH:0
BRDA:8,0,0,0
BRDA:8,0,1,0
BRF:2
BRH:0
end_of_record
TN:
SF:app/api/attachments/[id]/route.ts
FN:5,GET
FNF:1
FNH:0
FNDA:0,GET
DA:9,0
DA:10,0
DA:11,0
DA:12,0
DA:15,0
DA:20,0
DA:21,0
DA:24,0
DA:25,0
DA:28,0
DA:29,0
DA:30,0
DA:33,0
DA:34,0
DA:35,0
DA:38,0
DA:40,0
DA:47,0
LF:18
LH:0
BRDA:11,0,0,0
BRDA:11,0,1,0
BRDA:20,1,0,0
BRDA:20,1,1,0
BRDA:24,2,0,0
BRDA:24,2,1,0
BRDA:28,3,0,0
BRDA:28,3,1,0
BRDA:28,4,0,0
BRDA:28,4,1,0
BRDA:33,5,0,0
BRDA:33,5,1,0
BRDA:33,6,0,0
BRDA:33,6,1,0
BRDA:42,7,0,0
BRDA:42,7,1,0
BRF:16
BRH:0
end_of_record
TN:
SF:app/api/attachments/download/[id]/route.ts
FN:5,GET
FNF:1
FNH:0
FNDA:0,GET
DA:9,0
DA:10,0
DA:11,0
DA:13,0
DA:14,0
DA:16,0
DA:17,0
DA:23,0
DA:25,0
DA:26,0
DA:27,0
DA:33,0
DA:34,0
DA:46,0
DA:48,0
DA:49,0
DA:50,0
DA:56,0
DA:57,0
DA:58,0
DA:64,0
DA:72,0
DA:73,0
DA:74,0
DA:78,0
DA:79,0
DA:82,0
DA:83,0
DA:84,0
DA:85,0
DA:86,0
DA:88,0
DA:90,0
DA:96,0
DA:97,0
DA:98,0
DA:99,0
DA:100,0
DA:103,0
LF:39
LH:0
BRDA:16,0,0,0
BRDA:16,0,1,0
BRDA:25,1,0,0
BRDA:25,1,1,0
BRDA:48,2,0,0
BRDA:48,2,1,0
BRDA:56,3,0,0
BRDA:56,3,1,0
BRDA:68,4,0,0
BRDA:68,4,1,0
BRDA:72,5,0,0
BRDA:72,5,1,0
BRDA:72,6,0,0
BRDA:72,6,1,0
BRDA:83,7,0,0
BRDA:83,7,1,0
BRDA:84,8,0,0
BRDA:84,8,1,0
BRDA:97,9,0,0
BRDA:97,9,1,0
BRDA:98,10,0,0
BRDA:98,10,1,0
BRDA:99,11,0,0
BRDA:99,11,1,0
BRDA:99,12,0,0
BRDA:99,12,1,0
BRDA:105,13,0,0
BRDA:105,13,1,0
BRF:28
BRH:0
end_of_record
TN:
SF:app/api/auth/check-email/route.ts
FN:6,GET
FNF:1
FNH:0
FNDA:0,GET
DA:4,0
DA:7,0
DA:8,0
DA:10,0
DA:11,0
DA:17,0
DA:18,0
DA:24,0
DA:26,0
DA:31,0
LF:10
LH:0
BRDA:10,0,0,0
BRDA:10,0,1,0
BRF:2
BRH:0
end_of_record
TN:
SF:app/api/auth/forgot-password/route.ts
FN:10,POST
FNF:1
FNH:0
FNDA:0,POST
DA:6,0
DA:8,0
DA:11,0
DA:12,0
DA:13,0
DA:15,0
DA:16,0
DA:22,0
DA:23,0
DA:25,0
DA:26,0
DA:27,0
DA:34,0
DA:35,0
DA:37,0
DA:38,0
DA:40,0
DA:41,0
DA:42,0
DA:44,0
DA:45,0
DA:46,0
DA:48,0
DA:54,0
DA:55,0
DA:60,0
DA:69,0
DA:79,0
DA:85,0
LF:29
LH:0
BRDA:15,0,0,0
BRDA:15,0,1,0
BRDA:23,1,0,0
BRDA:23,1,1,0
BRDA:23,2,0,0
BRDA:23,2,1,0
BRDA:23,2,2,0
BRDA:23,2,3,0
BRDA:26,3,0,0
BRDA:26,3,1,0
BRDA:35,4,0,0
BRDA:35,4,1,0
BRDA:40,5,0,0
BRDA:40,5,1,0
BRDA:41,6,0,0
BRDA:41,6,1,0
BRDA:44,7,0,0
BRDA:44,7,1,0
BRDA:54,8,0,0
BRDA:54,8,1,0
BRF:20
BRH:0
end_of_record
TN:
SF:app/api/auth/login/route.ts
FN:5,POST
FNF:1
FNH:0
FNDA:0,POST
DA:6,0
DA:7,0
DA:9,0
DA:10,0
DA:13,0
DA:15,0
DA:17,0
DA:18,0
DA:19,0
DA:21,0
DA:25,0
DA:27,0
DA:28,0
LF:13
LH:0
BRDA:9,0,0,0
BRDA:9,0,1,0
BRDA:9,1,0,0
BRDA:9,1,1,0
BRDA:17,2,0,0
BRDA:17,2,1,0
BRDA:17,3,0,0
BRDA:17,3,1,0
BRDA:17,3,2,0
BRDA:27,4,0,0
BRDA:27,4,1,0
BRF:11
BRH:0
end_of_record
TN:
SF:app/api/auth/logout/route.ts
FN:4,POST
FNF:1
FNH:0
FNDA:0,POST
DA:5,0
DA:6,0
DA:7,0
DA:9,0
LF:4
LH:0
BRF:0
BRH:0
end_of_record
TN:
SF:app/api/auth/me/route.ts
FN:4,GET
FNF:1
FNH:0
FNDA:0,GET
DA:5,0
DA:6,0
DA:8,0
DA:9,0
DA:12,0
DA:21,0
LF:6
LH:0
BRDA:8,0,0,0
BRDA:8,0,1,0
BRDA:23,1,0,0
BRDA:23,1,1,0
BRF:4
BRH:0
end_of_record
TN:
SF:app/api/auth/register/route.ts
FN:4,POST
FNF:1
FNH:0
FNDA:0,POST
DA:5,0
DA:6,0
DA:8,0
DA:9,0
DA:12,0
DA:14,0
DA:16,0
LF:7
LH:0
BRDA:8,0,0,0
BRDA:8,0,1,0
BRDA:8,1,0,0
BRDA:8,1,1,0
BRDA:8,1,2,0
BRDA:16,2,0,0
BRDA:16,2,1,0
BRF:7
BRH:0
end_of_record
TN:
SF:app/api/auth/reset-password/route.ts
FN:5,GET
FN:35,POST
FNF:2
FNH:0
FNDA:0,GET
FNDA:0,POST
DA:6,0
DA:7,0
DA:8,0
DA:10,0
DA:11,0
DA:17,0
DA:19,0
DA:27,0
DA:36,0
DA:37,0
DA:38,0
DA:40,0
DA:41,0
DA:47,0
DA:48,0
DA:54,0
DA:56,0
DA:57,0
DA:63,0
DA:71,0
LF:20
LH:0
BRDA:10,0,0,0
BRDA:10,0,1,0
BRDA:22,1,0,0
BRDA:22,1,1,0
BRDA:40,2,0,0
BRDA:40,2,1,0
BRDA:40,3,0,0
BRDA:40,3,1,0
BRDA:47,4,0,0
BRDA:47,4,1,0
BRDA:56,5,0,0
BRDA:56,5,1,0
BRF:12
BRH:0
end_of_record
TN:
SF:app/api/auth/session/route.ts
FN:4,GET
FNF:1
FNH:0
FNDA:0,GET
DA:5,0
DA:6,0
DA:8,0
DA:9,0
DA:12,0
DA:14,0
LF:6
LH:0
BRDA:8,0,0,0
BRDA:8,0,1,0
BRF:2
BRH:0
end_of_record
TN:
SF:app/api/auth/verify-db/route.ts
FN:6,GET
FNF:1
FNH:0
FNDA:0,GET
DA:4,0
DA:7,0
DA:9,0
DA:16,0
DA:18,0
DA:29,0
DA:33,0
DA:37,0
DA:43,0
DA:48,0
LF:10
LH:0
BRDA:16,0,0,0
BRDA:16,0,1,0
BRF:2
BRH:0
end_of_record
TN:
SF:app/api/auth/verify-reset-token/route.ts
FN:4,GET
FNF:1
FNH:0
FNDA:0,GET
DA:5,0
DA:6,0
DA:7,0
DA:9,0
DA:10,0
DA:16,0
DA:18,0
DA:22,0
DA:30,0
LF:9
LH:0
BRDA:9,0,0,0
BRDA:9,0,1,0
BRDA:18,1,0,0
BRDA:18,1,1,0
BRDA:25,2,0,0
BRDA:25,2,1,0
BRF:6
BRH:0
end_of_record
TN:
SF:app/api/backup/export/route.ts
FN:5,GET
FNF:1
FNH:0
FNDA:0,GET
DA:6,0
DA:7,0
DA:9,0
DA:10,0
DA:13,0
DA:16,0
DA:17,0
DA:18,0
DA:20,0
DA:27,0
LF:10
LH:0
BRDA:9,0,0,0
BRDA:9,0,1,0
BRDA:27,1,0,0
BRDA:27,1,1,0
BRF:4
BRH:0
end_of_record
TN:
SF:app/api/backup/import/route.ts
FN:5,POST
FNF:1
FNH:0
FNDA:0,POST
DA:6,0
DA:7,0
DA:9,0
DA:10,0
DA:13,0
DA:15,0
DA:16,0
DA:19,0
DA:21,0
DA:22,0
DA:25,0
DA:27,0
LF:12
LH:0
BRDA:9,0,0,0
BRDA:9,0,1,0
BRDA:15,1,0,0
BRDA:15,1,1,0
BRDA:15,2,0,0
BRDA:15,2,1,0
BRDA:21,3,0,0
BRDA:21,3,1,0
BRDA:27,4,0,0
BRDA:27,4,1,0
BRF:10
BRH:0
end_of_record
TN:
SF:app/api/labels/route.ts
FN:5,GET
FN:21,POST
FNF:2
FNH:0
FNDA:0,GET
FNDA:0,POST
DA:6,0
DA:7,0
DA:9,0
DA:10,0
DA:13,0
DA:15,0
DA:17,0
DA:22,0
DA:23,0
DA:25,0
DA:26,0
DA:29,0
DA:31,0
DA:32,0
DA:35,0
DA:37,0
DA:39,0
LF:17
LH:0
BRDA:9,0,0,0
BRDA:9,0,1,0
BRDA:17,1,0,0
BRDA:17,1,1,0
BRDA:25,2,0,0
BRDA:25,2,1,0
BRDA:31,3,0,0
BRDA:31,3,1,0
BRDA:39,4,0,0
BRDA:39,4,1,0
BRF:10
BRH:0
end_of_record
TN:
SF:app/api/labels/[id]/route.ts
FN:5,GET
FN:27,PATCH
FN:47,DELETE
FNF:3
FNH:0
FNDA:0,GET
FNDA:0,PATCH
FNDA:0,DELETE
DA:6,0
DA:7,0
DA:9,0
DA:10,0
DA:13,0
DA:14,0
DA:15,0
DA:17,0
DA:18,0
DA:21,0
DA:23,0
DA:28,0
DA:29,0
DA:31,0
DA:32,0
DA:35,0
DA:36,0
DA:37,0
DA:39,0
DA:41,0
DA:43,0
DA:48,0
DA:49,0
DA:51,0
DA:52,0
DA:55,0
DA:56,0
DA:58,0
DA:60,0
DA:62,0
LF:30
LH:0
BRDA:9,0,0,0
BRDA:9,0,1,0
BRDA:17,1,0,0
BRDA:17,1,1,0
BRDA:23,2,0,0
BRDA:23,2,1,0
BRDA:31,3,0,0
BRDA:31,3,1,0
BRDA:43,4,0,0
BRDA:43,4,1,0
BRDA:51,5,0,0
BRDA:51,5,1,0
BRDA:62,6,0,0
BRDA:62,6,1,0
BRF:14
BRH:0
end_of_record
TN:
SF:app/api/labels/[id]/tasks/route.ts
FN:5,GET
FNF:1
FNH:0
FNDA:0,GET
DA:6,0
DA:7,0
DA:9,0
DA:10,0
DA:13,0
DA:14,0
DA:15,0
DA:17,0
DA:19,0
LF:9
LH:0
BRDA:9,0,0,0
BRDA:9,0,1,0
BRDA:19,1,0,0
BRDA:19,1,1,0
BRF:4
BRH:0
end_of_record
TN:
SF:app/api/notifications/route.ts
FN:5,GET
FN:21,POST
FNF:2
FNH:0
FNDA:0,GET
FNDA:0,POST
DA:6,0
DA:7,0
DA:9,0
DA:10,0
DA:13,0
DA:15,0
DA:17,0
DA:22,0
DA:23,0
DA:25,0
DA:26,0
DA:29,0
DA:31,0
DA:32,0
DA:35,0
DA:37,0
DA:39,0
LF:17
LH:0
BRDA:9,0,0,0
BRDA:9,0,1,0
BRDA:17,1,0,0
BRDA:17,1,1,0
BRDA:25,2,0,0
BRDA:25,2,1,0
BRDA:31,3,0,0
BRDA:31,3,1,0
BRDA:31,4,0,0
BRDA:31,4,1,0
BRDA:39,5,0,0
BRDA:39,5,1,0
BRF:12
BRH:0
end_of_record
TN:
SF:app/api/notifications/[id]/route.ts
FN:5,DELETE
FNF:1
FNH:0
FNDA:0,DELETE
DA:6,0
DA:7,0
DA:9,0
DA:10,0
DA:13,0
DA:14,0
DA:16,0
DA:18,0
DA:20,0
LF:9
LH:0
BRDA:9,0,0,0
BRDA:9,0,1,0
BRDA:20,1,0,0
BRDA:20,1,1,0
BRF:4
BRH:0
end_of_record
TN:
SF:app/api/notifications/[id]/read/route.ts
FN:5,PATCH
FNF:1
FNH:0
FNDA:0,PATCH
DA:6,0
DA:7,0
DA:9,0
DA:10,0
DA:13,0
DA:14,0
DA:16,0
DA:18,0
DA:20,0
LF:9
LH:0
BRDA:9,0,0,0
BRDA:9,0,1,0
BRDA:20,1,0,0
BRDA:20,1,1,0
BRF:4
BRH:0
end_of_record
TN:
SF:app/api/notifications/tasks/route.ts
FN:6,GET
FN:62,(anonymous_1)
FN:63,(anonymous_2)
FN:64,(anonymous_3)
FNF:4
FNH:0
FNDA:0,GET
FNDA:0,(anonymous_1)
FNDA:0,(anonymous_2)
FNDA:0,(anonymous_3)
DA:7,0
DA:8,0
DA:10,0
DA:13,0
DA:16,0
DA:18,0
DA:19,0
DA:22,0
DA:23,0
DA:26,0
DA:29,0
DA:30,0
DA:33,0
DA:34,0
DA:59,0
DA:62,0
DA:63,0
DA:64,0
DA:67,0
DA:77,0
DA:79,0
DA:102,0
LF:22
LH:0
BRDA:10,0,0,0
BRDA:10,0,1,0
BRDA:18,1,0,0
BRDA:18,1,1,0
BRDA:22,2,0,0
BRDA:22,2,1,0
BRDA:22,3,0,0
BRDA:22,3,1,0
BRDA:33,4,0,0
BRDA:33,4,1,0
BRDA:102,5,0,0
BRDA:102,5,1,0
BRF:12
BRH:0
end_of_record
TN:
SF:app/api/pomodoro/log/route.ts
FN:6,POST
FN:92,GET
FNF:2
FNH:0
FNDA:0,POST
FNDA:0,GET
DA:7,0
DA:8,0
DA:10,0
DA:11,0
DA:15,0
DA:16,0
DA:18,0
DA:24,0
DA:25,0
DA:26,0
DA:28,0
DA:29,0
DA:35,0
DA:36,0
DA:37,0
DA:40,0
DA:41,0
DA:42,0
DA:43,0
DA:44,0
DA:48,0
DA:50,0
DA:51,0
DA:53,0
DA:66,0
DA:82,0
DA:83,0
DA:85,0
DA:93,0
DA:94,0
DA:96,0
DA:97,0
DA:100,0
DA:102,0
DA:103,0
DA:104,0
DA:105,0
DA:106,0
DA:108,0
DA:109,0
DA:110,0
DA:111,0
DA:112,0
DA:116,0
DA:120,0
DA:121,0
DA:124,0
DA:141,0
DA:144,0
DA:166,0
DA:167,0
LF:51
LH:0
BRDA:10,0,0,0
BRDA:10,0,1,0
BRDA:10,1,0,0
BRDA:10,1,1,0
BRDA:10,1,2,0
BRDA:28,2,0,0
BRDA:28,2,1,0
BRDA:28,3,0,0
BRDA:28,3,1,0
BRDA:28,3,2,0
BRDA:36,4,0,0
BRDA:36,4,1,0
BRDA:36,5,0,0
BRDA:36,5,1,0
BRDA:41,6,0,0
BRDA:41,6,1,0
BRDA:43,7,0,0
BRDA:43,7,1,0
BRDA:82,8,0,0
BRDA:82,8,1,0
BRDA:83,9,0,0
BRDA:83,9,1,0
BRDA:96,10,0,0
BRDA:96,10,1,0
BRDA:96,11,0,0
BRDA:96,11,1,0
BRDA:96,11,2,0
BRDA:103,12,0,0
BRDA:103,12,1,0
BRDA:104,13,0,0
BRDA:104,13,1,0
BRDA:109,14,0,0
BRDA:109,14,1,0
BRDA:111,15,0,0
BRDA:111,15,1,0
BRDA:120,16,0,0
BRDA:120,16,1,0
BRDA:166,17,0,0
BRDA:166,17,1,0
BRF:39
BRH:0
end_of_record
TN:
SF:app/api/profile/route.ts
FN:7,PATCH
FNF:1
FNH:0
FNDA:0,PATCH
DA:5,0
DA:8,0
DA:9,0
DA:11,0
DA:12,0
DA:15,0
DA:17,0
DA:18,0
DA:21,0
DA:26,0
DA:27,0
DA:30,0
DA:37,0
DA:39,0
LF:14
LH:0
BRDA:11,0,0,0
BRDA:11,0,1,0
BRDA:17,1,0,0
BRDA:17,1,1,0
BRDA:17,2,0,0
BRDA:17,2,1,0
BRDA:26,3,0,0
BRDA:26,3,1,0
BRDA:39,4,0,0
BRDA:39,4,1,0
BRF:10
BRH:0
end_of_record
TN:
SF:app/api/profile/avatar/route.ts
FN:9,POST
FNF:1
FNH:0
FNDA:0,POST
DA:7,0
DA:10,0
DA:11,0
DA:13,0
DA:14,0
DA:17,0
DA:18,0
DA:20,0
DA:21,0
DA:24,0
DA:25,0
DA:28,0
DA:29,0
DA:32,0
DA:33,0
DA:35,0
DA:40,0
DA:46,0
DA:51,0
DA:58,0
LF:20
LH:0
BRDA:13,0,0,0
BRDA:13,0,1,0
BRDA:20,1,0,0
BRDA:20,1,1,0
BRDA:24,2,0,0
BRDA:24,2,1,0
BRDA:28,3,0,0
BRDA:28,3,1,0
BRDA:32,4,0,0
BRDA:32,4,1,0
BRDA:52,5,0,0
BRDA:52,5,1,0
BRF:12
BRH:0
end_of_record
TN:
SF:app/api/projects/route.ts
FN:5,GET
FN:21,POST
FNF:2
FNH:0
FNDA:0,GET
FNDA:0,POST
DA:6,0
DA:7,0
DA:9,0
DA:10,0
DA:13,0
DA:15,0
DA:17,0
DA:22,0
DA:23,0
DA:25,0
DA:26,0
DA:29,0
DA:31,0
DA:32,0
DA:35,0
DA:37,0
DA:39,0
LF:17
LH:0
BRDA:9,0,0,0
BRDA:9,0,1,0
BRDA:17,1,0,0
BRDA:17,1,1,0
BRDA:25,2,0,0
BRDA:25,2,1,0
BRDA:31,3,0,0
BRDA:31,3,1,0
BRDA:39,4,0,0
BRDA:39,4,1,0
BRF:10
BRH:0
end_of_record
TN:
SF:app/api/projects/[id]/route.ts
FN:5,GET
FN:27,PATCH
FN:47,DELETE
FNF:3
FNH:0
FNDA:0,GET
FNDA:0,PATCH
FNDA:0,DELETE
DA:6,0
DA:7,0
DA:9,0
DA:10,0
DA:13,0
DA:14,0
DA:15,0
DA:17,0
DA:18,0
DA:21,0
DA:23,0
DA:28,0
DA:29,0
DA:31,0
DA:32,0
DA:35,0
DA:36,0
DA:37,0
DA:39,0
DA:41,0
DA:43,0
DA:48,0
DA:49,0
DA:51,0
DA:52,0
DA:55,0
DA:56,0
DA:58,0
DA:60,0
DA:62,0
LF:30
LH:0
BRDA:9,0,0,0
BRDA:9,0,1,0
BRDA:17,1,0,0
BRDA:17,1,1,0
BRDA:23,2,0,0
BRDA:23,2,1,0
BRDA:31,3,0,0
BRDA:31,3,1,0
BRDA:43,4,0,0
BRDA:43,4,1,0
BRDA:51,5,0,0
BRDA:51,5,1,0
BRDA:62,6,0,0
BRDA:62,6,1,0
BRF:14
BRH:0
end_of_record
TN:
SF:app/api/projects/[id]/favorite/route.ts
FN:5,PATCH
FNF:1
FNH:0
FNDA:0,PATCH
DA:6,0
DA:7,0
DA:9,0
DA:10,0
DA:13,0
DA:14,0
DA:16,0
DA:18,0
DA:20,0
LF:9
LH:0
BRDA:9,0,0,0
BRDA:9,0,1,0
BRDA:20,1,0,0
BRDA:20,1,1,0
BRF:4
BRH:0
end_of_record
TN:
SF:app/api/projects/[id]/tasks/route.ts
FN:5,GET
FNF:1
FNH:0
FNDA:0,GET
DA:6,0
DA:7,0
DA:9,0
DA:10,0
DA:13,0
DA:14,0
DA:15,0
DA:17,0
DA:19,0
LF:9
LH:0
BRDA:9,0,0,0
BRDA:9,0,1,0
BRDA:19,1,0,0
BRDA:19,1,1,0
BRF:4
BRH:0
end_of_record
TN:
SF:app/api/reports/pdf-generator.ts
FN:23,(anonymous_0)
FN:35,(anonymous_1)
FN:50,(anonymous_2)
FN:65,generatePDF
FN:75,(anonymous_4)
FN:160,(anonymous_5)
FN:165,(anonymous_6)
FN:173,(anonymous_7)
FN:174,(anonymous_8)
FN:178,(anonymous_9)
FN:179,(anonymous_10)
FN:260,(anonymous_11)
FN:348,(anonymous_12)
FN:387,(anonymous_13)
FN:395,(anonymous_14)
FN:408,(anonymous_15)
FN:420,(anonymous_16)
FN:447,(anonymous_17)
FN:448,(anonymous_18)
FN:448,(anonymous_19)
FN:462,(anonymous_20)
FN:471,(anonymous_21)
FNF:22
FNH:0
FNDA:0,(anonymous_0)
FNDA:0,(anonymous_1)
FNDA:0,(anonymous_2)
FNDA:0,generatePDF
FNDA:0,(anonymous_4)
FNDA:0,(anonymous_5)
FNDA:0,(anonymous_6)
FNDA:0,(anonymous_7)
FNDA:0,(anonymous_8)
FNDA:0,(anonymous_9)
FNDA:0,(anonymous_10)
FNDA:0,(anonymous_11)
FNDA:0,(anonymous_12)
FNDA:0,(anonymous_13)
FNDA:0,(anonymous_14)
FNDA:0,(anonymous_15)
FNDA:0,(anonymous_16)
FNDA:0,(anonymous_17)
FNDA:0,(anonymous_18)
FNDA:0,(anonymous_19)
FNDA:0,(anonymous_20)
FNDA:0,(anonymous_21)
DA:23,0
DA:24,0
DA:27,0
DA:28,0
DA:30,0
DA:35,0
DA:36,0
DA:38,0
DA:46,0
DA:50,0
DA:51,0
DA:53,0
DA:54,0
DA:55,0
DA:57,0
DA:58,0
DA:59,0
DA:60,0
DA:62,0
DA:66,0
DA:69,0
DA:70,0
DA:71,0
DA:75,0
DA:76,0
DA:79,0
DA:81,0
DA:82,0
DA:83,0
DA:85,0
DA:90,0
DA:91,0
DA:94,0
DA:97,0
DA:101,0
DA:108,0
DA:117,0
DA:126,0
DA:138,0
DA:139,0
DA:140,0
DA:143,0
DA:146,0
DA:147,0
DA:148,0
DA:150,0
DA:151,0
DA:152,0
DA:154,0
DA:155,0
DA:158,0
DA:159,0
DA:160,0
DA:161,0
DA:164,0
DA:165,0
DA:166,0
DA:167,0
DA:168,0
DA:173,0
DA:174,0
DA:175,0
DA:178,0
DA:179,0
DA:180,0
DA:183,0
DA:184,0
DA:186,0
DA:187,0
DA:188,0
DA:189,0
DA:192,0
DA:195,0
DA:196,0
DA:197,0
DA:198,0
DA:199,0
DA:200,0
DA:201,0
DA:204,0
DA:205,0
DA:206,0
DA:207,0
DA:208,0
DA:209,0
DA:210,0
DA:211,0
DA:214,0
DA:215,0
DA:216,0
DA:217,0
DA:218,0
DA:219,0
DA:220,0
DA:221,0
DA:224,0
DA:225,0
DA:226,0
DA:227,0
DA:228,0
DA:229,0
DA:230,0
DA:231,0
DA:232,0
DA:236,0
DA:237,0
DA:238,0
DA:239,0
DA:240,0
DA:241,0
DA:242,0
DA:243,0
DA:244,0
DA:248,0
DA:251,0
DA:252,0
DA:253,0
DA:256,0
DA:257,0
DA:259,0
DA:260,0
DA:262,0
DA:263,0
DA:264,0
DA:265,0
DA:266,0
DA:267,0
DA:268,0
DA:272,0
DA:273,0
DA:276,0
DA:277,0
DA:279,0
DA:284,0
DA:285,0
DA:286,0
DA:287,0
DA:288,0
DA:290,0
DA:291,0
DA:294,0
DA:299,0
DA:301,0
DA:302,0
DA:303,0
DA:304,0
DA:306,0
DA:307,0
DA:308,0
DA:311,0
DA:312,0
DA:315,0
DA:316,0
DA:318,0
DA:321,0
DA:322,0
DA:326,0
DA:327,0
DA:330,0
DA:331,0
DA:333,0
DA:336,0
DA:337,0
DA:341,0
DA:345,0
DA:346,0
DA:348,0
DA:351,0
DA:352,0
DA:355,0
DA:360,0
DA:361,0
DA:364,0
DA:370,0
DA:384,0
DA:385,0
DA:387,0
DA:388,0
DA:389,0
DA:395,0
DA:397,0
DA:400,0
DA:408,0
DA:416,0
DA:420,0
DA:421,0
DA:422,0
DA:425,0
DA:426,0
DA:429,0
DA:430,0
DA:431,0
DA:439,0
DA:445,0
DA:447,0
DA:448,0
DA:464,0
DA:473,0
DA:474,0
DA:475,0
DA:476,0
DA:479,0
DA:480,0
DA:483,0
DA:484,0
DA:485,0
DA:489,0
DA:490,0
DA:493,0
DA:496,0
DA:497,0
DA:498,0
DA:500,0
DA:501,0
DA:502,0
DA:504,0
DA:505,0
DA:506,0
DA:508,0
DA:509,0
DA:511,0
DA:512,0
DA:514,0
DA:515,0
DA:520,0
DA:521,0
DA:522,0
DA:523,0
DA:524,0
DA:526,0
DA:531,0
DA:532,0
DA:533,0
DA:534,0
DA:535,0
DA:536,0
DA:537,0
DA:538,0
DA:539,0
DA:540,0
DA:541,0
DA:542,0
DA:543,0
DA:547,0
DA:555,0
DA:558,0
DA:559,0
DA:560,0
DA:561,0
DA:564,0
DA:565,0
DA:566,0
DA:569,0
DA:570,0
DA:571,0
DA:572,0
DA:575,0
DA:579,0
DA:582,0
DA:583,0
DA:584,0
DA:586,0
DA:587,0
DA:590,0
DA:591,0
LF:265
LH:0
BRDA:36,0,0,0
BRDA:36,0,1,0
BRDA:46,1,0,0
BRDA:46,1,1,0
BRDA:51,2,0,0
BRDA:51,2,1,0
BRDA:51,3,0,0
BRDA:51,3,1,0
BRDA:58,4,0,0
BRDA:58,4,1,0
BRDA:59,5,0,0
BRDA:59,5,1,0
BRDA:60,6,0,0
BRDA:60,6,1,0
BRDA:62,7,0,0
BRDA:62,7,1,0
BRDA:70,8,0,0
BRDA:70,8,1,0
BRDA:79,9,0,0
BRDA:79,9,1,0
BRDA:81,10,0,0
BRDA:81,10,1,0
BRDA:90,11,0,0
BRDA:90,11,1,0
BRDA:158,12,0,0
BRDA:158,12,1,0
BRDA:161,13,0,0
BRDA:161,13,1,0
BRDA:166,14,0,0
BRDA:166,14,1,0
BRDA:167,15,0,0
BRDA:167,15,1,0
BRDA:168,16,0,0
BRDA:168,16,1,0
BRDA:173,17,0,0
BRDA:173,17,1,0
BRDA:174,18,0,0
BRDA:174,18,1,0
BRDA:175,19,0,0
BRDA:175,19,1,0
BRDA:178,20,0,0
BRDA:178,20,1,0
BRDA:179,21,0,0
BRDA:179,21,1,0
BRDA:180,22,0,0
BRDA:180,22,1,0
BRDA:224,23,0,0
BRDA:224,23,1,0
BRDA:236,24,0,0
BRDA:236,24,1,0
BRDA:248,25,0,0
BRDA:248,25,1,0
BRDA:248,26,0,0
BRDA:248,26,1,0
BRDA:262,27,0,0
BRDA:262,27,1,0
BRDA:262,27,2,0
BRDA:262,27,3,0
BRDA:262,27,4,0
BRDA:262,27,5,0
BRDA:285,28,0,0
BRDA:285,28,1,0
BRDA:286,29,0,0
BRDA:286,29,1,0
BRDA:287,30,0,0
BRDA:287,30,1,0
BRDA:288,31,0,0
BRDA:288,31,1,0
BRDA:290,32,0,0
BRDA:290,32,1,0
BRDA:290,33,0,0
BRDA:290,33,1,0
BRDA:290,33,2,0
BRDA:295,34,0,0
BRDA:295,34,1,0
BRDA:296,35,0,0
BRDA:296,35,1,0
BRDA:297,36,0,0
BRDA:297,36,1,0
BRDA:311,37,0,0
BRDA:311,37,1,0
BRDA:315,38,0,0
BRDA:315,38,1,0
BRDA:326,39,0,0
BRDA:326,39,1,0
BRDA:330,40,0,0
BRDA:330,40,1,0
BRDA:341,41,0,0
BRDA:341,41,1,0
BRDA:345,42,0,0
BRDA:345,42,1,0
BRDA:348,43,0,0
BRDA:348,43,1,0
BRDA:360,44,0,0
BRDA:360,44,1,0
BRDA:384,45,0,0
BRDA:384,45,1,0
BRDA:388,46,0,0
BRDA:388,46,1,0
BRDA:401,47,0,0
BRDA:401,47,1,0
BRDA:402,48,0,0
BRDA:402,48,1,0
BRDA:403,49,0,0
BRDA:403,49,1,0
BRDA:404,50,0,0
BRDA:404,50,1,0
BRDA:405,51,0,0
BRDA:405,51,1,0
BRDA:405,52,0,0
BRDA:405,52,1,0
BRDA:406,53,0,0
BRDA:406,53,1,0
BRDA:406,54,0,0
BRDA:406,54,1,0
BRDA:407,55,0,0
BRDA:407,55,1,0
BRDA:408,56,0,0
BRDA:408,56,1,0
BRDA:409,57,0,0
BRDA:409,57,1,0
BRDA:409,58,0,0
BRDA:409,58,1,0
BRDA:412,59,0,0
BRDA:412,59,1,0
BRDA:413,60,0,0
BRDA:413,60,1,0
BRDA:473,61,0,0
BRDA:473,61,1,0
BRDA:479,62,0,0
BRDA:479,62,1,0
BRDA:479,63,0,0
BRDA:479,63,1,0
BRDA:479,63,2,0
BRDA:484,64,0,0
BRDA:484,64,1,0
BRDA:489,65,0,0
BRDA:489,65,1,0
BRDA:489,66,0,0
BRDA:489,66,1,0
BRDA:489,66,2,0
BRDA:496,67,0,0
BRDA:496,67,1,0
BRDA:496,68,0,0
BRDA:496,68,1,0
BRDA:498,69,0,0
BRDA:498,69,1,0
BRDA:498,69,2,0
BRDA:498,69,3,0
BRDA:498,69,4,0
BRDA:520,70,0,0
BRDA:520,70,1,0
BRDA:520,71,0,0
BRDA:520,71,1,0
BRDA:522,72,0,0
BRDA:522,72,1,0
BRDA:531,73,0,0
BRDA:531,73,1,0
BRDA:531,74,0,0
BRDA:531,74,1,0
BRDA:531,74,2,0
BRDA:533,75,0,0
BRDA:533,75,1,0
BRDA:535,76,0,0
BRDA:535,76,1,0
BRDA:537,77,0,0
BRDA:537,77,1,0
BRDA:539,78,0,0
BRDA:539,78,1,0
BRDA:541,79,0,0
BRDA:541,79,1,0
BRDA:587,80,0,0
BRDA:587,80,1,0
BRDA:591,81,0,0
BRDA:591,81,1,0
BRF:175
BRH:0
end_of_record
TN:
SF:app/api/reports/route.ts
FN:7,POST
FN:36,(anonymous_1)
FN:59,GET
FN:112,(anonymous_3)
FN:141,(anonymous_4)
FN:155,(anonymous_5)
FN:155,(anonymous_6)
FN:170,(anonymous_7)
FN:184,(anonymous_8)
FN:192,(anonymous_9)
FN:194,(anonymous_10)
FN:200,(anonymous_11)
FN:200,(anonymous_12)
FN:214,(anonymous_13)
FN:228,(anonymous_14)
FNF:15
FNH:0
FNDA:0,POST
FNDA:0,(anonymous_1)
FNDA:0,GET
FNDA:0,(anonymous_3)
FNDA:0,(anonymous_4)
FNDA:0,(anonymous_5)
FNDA:0,(anonymous_6)
FNDA:0,(anonymous_7)
FNDA:0,(anonymous_8)
FNDA:0,(anonymous_9)
FNDA:0,(anonymous_10)
FNDA:0,(anonymous_11)
FNDA:0,(anonymous_12)
FNDA:0,(anonymous_13)
FNDA:0,(anonymous_14)
DA:5,0
DA:8,0
DA:9,0
DA:10,0
DA:11,0
DA:17,0
DA:26,0
DA:28,0
DA:29,0
DA:36,0
DA:38,0
DA:52,0
DA:60,0
DA:61,0
DA:62,0
DA:63,0
DA:69,0
DA:70,0
DA:71,0
DA:72,0
DA:73,0
DA:74,0
DA:75,0
DA:76,0
DA:77,0
DA:78,0
DA:80,0
DA:81,0
DA:87,0
DA:97,0
DA:98,0
DA:100,0
DA:101,0
DA:112,0
DA:113,0
DA:114,0
DA:115,0
DA:118,0
DA:120,0
DA:131,0
DA:132,0
DA:133,0
DA:134,0
DA:135,0
DA:136,0
DA:139,0
DA:140,0
DA:141,0
DA:142,0
DA:143,0
DA:144,0
DA:146,0
DA:149,0
DA:151,0
DA:153,0
DA:154,0
DA:155,0
DA:157,0
DA:158,0
DA:165,0
DA:167,0
DA:169,0
DA:170,0
DA:171,0
DA:172,0
DA:173,0
DA:175,0
DA:184,0
DA:185,0
DA:186,0
DA:188,0
DA:192,0
DA:193,0
DA:194,0
DA:197,0
DA:200,0
DA:202,0
DA:203,0
DA:210,0
DA:211,0
DA:213,0
DA:214,0
DA:215,0
DA:216,0
DA:217,0
DA:219,0
DA:228,0
DA:229,0
DA:230,0
DA:232,0
DA:238,0
DA:250,0
LF:92
LH:0
BRDA:10,0,0,0
BRDA:10,0,1,0
BRDA:28,1,0,0
BRDA:28,1,1,0
BRDA:28,2,0,0
BRDA:28,2,1,0
BRDA:45,3,0,0
BRDA:45,3,1,0
BRDA:46,4,0,0
BRDA:46,4,1,0
BRDA:47,5,0,0
BRDA:47,5,1,0
BRDA:48,6,0,0
BRDA:48,6,1,0
BRDA:62,7,0,0
BRDA:62,7,1,0
BRDA:73,8,0,0
BRDA:73,8,1,0
BRDA:74,9,0,0
BRDA:74,9,1,0
BRDA:75,10,0,0
BRDA:75,10,1,0
BRDA:76,11,0,0
BRDA:76,11,1,0
BRDA:77,12,0,0
BRDA:77,12,1,0
BRDA:78,13,0,0
BRDA:78,13,1,0
BRDA:80,14,0,0
BRDA:80,14,1,0
BRDA:80,15,0,0
BRDA:80,15,1,0
BRDA:100,16,0,0
BRDA:100,16,1,0
BRDA:113,17,0,0
BRDA:113,17,1,0
BRDA:131,18,0,0
BRDA:131,18,1,0
BRDA:133,19,0,0
BRDA:133,19,1,0
BRDA:135,20,0,0
BRDA:135,20,1,0
BRDA:139,21,0,0
BRDA:139,21,1,0
BRDA:142,22,0,0
BRDA:142,22,1,0
BRDA:153,23,0,0
BRDA:153,23,1,0
BRDA:155,24,0,0
BRDA:155,24,1,0
BRDA:157,25,0,0
BRDA:157,25,1,0
BRDA:169,26,0,0
BRDA:169,26,1,0
BRDA:171,27,0,0
BRDA:171,27,1,0
BRDA:171,28,0,0
BRDA:171,28,1,0
BRDA:172,29,0,0
BRDA:172,29,1,0
BRDA:185,30,0,0
BRDA:185,30,1,0
BRDA:185,31,0,0
BRDA:185,31,1,0
BRDA:186,32,0,0
BRDA:186,32,1,0
BRDA:193,33,0,0
BRDA:193,33,1,0
BRDA:193,34,0,0
BRDA:193,34,1,0
BRDA:200,35,0,0
BRDA:200,35,1,0
BRDA:202,36,0,0
BRDA:202,36,1,0
BRDA:213,37,0,0
BRDA:213,37,1,0
BRDA:215,38,0,0
BRDA:215,38,1,0
BRDA:215,39,0,0
BRDA:215,39,1,0
BRDA:216,40,0,0
BRDA:216,40,1,0
BRDA:229,41,0,0
BRDA:229,41,1,0
BRDA:229,42,0,0
BRDA:229,42,1,0
BRDA:230,43,0,0
BRDA:230,43,1,0
BRF:88
BRH:0
end_of_record
TN:
SF:app/api/reports/pdf/route.ts
FN:11,POST
FN:89,(anonymous_1)
FN:123,(anonymous_2)
FN:142,(anonymous_3)
FN:143,(anonymous_4)
FN:155,(anonymous_5)
FN:155,(anonymous_6)
FN:174,(anonymous_7)
FN:189,(anonymous_8)
FN:202,(anonymous_9)
FN:203,(anonymous_10)
FN:206,(anonymous_11)
FN:232,(anonymous_12)
FNF:13
FNH:0
FNDA:0,POST
FNDA:0,(anonymous_1)
FNDA:0,(anonymous_2)
FNDA:0,(anonymous_3)
FNDA:0,(anonymous_4)
FNDA:0,(anonymous_5)
FNDA:0,(anonymous_6)
FNDA:0,(anonymous_7)
FNDA:0,(anonymous_8)
FNDA:0,(anonymous_9)
FNDA:0,(anonymous_10)
FNDA:0,(anonymous_11)
FNDA:0,(anonymous_12)
DA:7,0
DA:9,0
DA:12,0
DA:13,0
DA:16,0
DA:17,0
DA:18,0
DA:19,0
DA:26,0
DA:36,0
DA:39,0
DA:40,0
DA:41,0
DA:42,0
DA:44,0
DA:53,0
DA:54,0
DA:55,0
DA:62,0
DA:73,0
DA:74,0
DA:77,0
DA:78,0
DA:89,0
DA:90,0
DA:91,0
DA:92,0
DA:95,0
DA:97,0
DA:100,0
DA:112,0
DA:113,0
DA:114,0
DA:115,0
DA:116,0
DA:117,0
DA:121,0
DA:122,0
DA:123,0
DA:124,0
DA:125,0
DA:126,0
DA:128,0
DA:132,0
DA:134,0
DA:135,0
DA:136,0
DA:137,0
DA:139,0
DA:142,0
DA:143,0
DA:147,0
DA:150,0
DA:151,0
DA:155,0
DA:157,0
DA:158,0
DA:160,0
DA:167,0
DA:168,0
DA:171,0
DA:173,0
DA:174,0
DA:175,0
DA:176,0
DA:177,0
DA:179,0
DA:189,0
DA:190,0
DA:191,0
DA:193,0
DA:198,0
DA:199,0
DA:202,0
DA:203,0
DA:204,0
DA:206,0
DA:207,0
DA:212,0
DA:213,0
DA:214,0
DA:218,0
DA:221,0
DA:225,0
DA:232,0
DA:234,0
DA:252,0
DA:253,0
DA:255,0
DA:256,0
DA:258,0
DA:262,0
DA:263,0
DA:266,0
DA:267,0
DA:271,0
DA:276,0
DA:296,0
DA:298,0
DA:300,0
DA:303,0
DA:304,0
DA:306,0
DA:309,0
DA:310,0
DA:311,0
DA:312,0
DA:315,0
DA:320,0
DA:321,0
DA:327,0
DA:328,0
DA:334,0
DA:337,0
DA:338,0
DA:344,0
LF:116
LH:0
BRDA:17,0,0,0
BRDA:17,0,1,0
BRDA:39,1,0,0
BRDA:39,1,1,0
BRDA:40,2,0,0
BRDA:40,2,1,0
BRDA:41,3,0,0
BRDA:41,3,1,0
BRDA:42,4,0,0
BRDA:42,4,1,0
BRDA:48,5,0,0
BRDA:48,5,1,0
BRDA:49,6,0,0
BRDA:49,6,1,0
BRDA:50,7,0,0
BRDA:50,7,1,0
BRDA:53,8,0,0
BRDA:53,8,1,0
BRDA:53,9,0,0
BRDA:53,9,1,0
BRDA:53,9,2,0
BRDA:77,10,0,0
BRDA:77,10,1,0
BRDA:90,11,0,0
BRDA:90,11,1,0
BRDA:112,12,0,0
BRDA:112,12,1,0
BRDA:114,13,0,0
BRDA:114,13,1,0
BRDA:116,14,0,0
BRDA:116,14,1,0
BRDA:121,15,0,0
BRDA:121,15,1,0
BRDA:124,16,0,0
BRDA:124,16,1,0
BRDA:150,17,0,0
BRDA:150,17,1,0
BRDA:155,18,0,0
BRDA:155,18,1,0
BRDA:157,19,0,0
BRDA:157,19,1,0
BRDA:173,20,0,0
BRDA:173,20,1,0
BRDA:175,21,0,0
BRDA:175,21,1,0
BRDA:175,22,0,0
BRDA:175,22,1,0
BRDA:176,23,0,0
BRDA:176,23,1,0
BRDA:190,24,0,0
BRDA:190,24,1,0
BRDA:190,25,0,0
BRDA:190,25,1,0
BRDA:191,26,0,0
BRDA:191,26,1,0
BRDA:198,27,0,0
BRDA:198,27,1,0
BRDA:202,28,0,0
BRDA:202,28,1,0
BRDA:202,29,0,0
BRDA:202,29,1,0
BRDA:202,29,2,0
BRDA:202,30,0,0
BRDA:202,30,1,0
BRDA:204,31,0,0
BRDA:204,31,1,0
BRDA:204,32,0,0
BRDA:204,32,1,0
BRDA:204,32,2,0
BRDA:204,32,3,0
BRDA:207,33,0,0
BRDA:207,33,1,0
BRDA:207,33,2,0
BRDA:212,34,0,0
BRDA:212,34,1,0
BRDA:235,35,0,0
BRDA:235,35,1,0
BRDA:236,36,0,0
BRDA:236,36,1,0
BRDA:237,37,0,0
BRDA:237,37,1,0
BRDA:238,38,0,0
BRDA:238,38,1,0
BRDA:239,39,0,0
BRDA:239,39,1,0
BRDA:240,40,0,0
BRDA:240,40,1,0
BRDA:241,41,0,0
BRDA:241,41,1,0
BRDA:242,42,0,0
BRDA:242,42,1,0
BRDA:243,43,0,0
BRDA:243,43,1,0
BRDA:244,44,0,0
BRDA:244,44,1,0
BRDA:245,45,0,0
BRDA:245,45,1,0
BRDA:246,46,0,0
BRDA:246,46,1,0
BRDA:247,47,0,0
BRDA:247,47,1,0
BRDA:252,48,0,0
BRDA:252,48,1,0
BRDA:255,49,0,0
BRDA:255,49,1,0
BRDA:262,50,0,0
BRDA:262,50,1,0
BRDA:277,51,0,0
BRDA:277,51,1,0
BRDA:278,52,0,0
BRDA:278,52,1,0
BRDA:279,53,0,0
BRDA:279,53,1,0
BRDA:280,54,0,0
BRDA:280,54,1,0
BRDA:322,55,0,0
BRDA:322,55,1,0
BRDA:329,56,0,0
BRDA:329,56,1,0
BRDA:337,57,0,0
BRDA:337,57,1,0
BRDA:337,58,0,0
BRDA:337,58,1,0
BRDA:345,59,0,0
BRDA:345,59,1,0
BRF:125
BRH:0
end_of_record
TN:
SF:app/api/run-migration/route.ts
FN:8,GET
FNF:1
FNH:0
FNDA:0,GET
DA:6,0
DA:9,0
DA:11,0
DA:12,0
DA:17,0
DA:20,0
DA:25,0
DA:37,0
DA:41,0
DA:44,0
DA:49,0
DA:50,0
LF:12
LH:0
BRDA:50,0,0,0
BRDA:50,0,1,0
BRF:2
BRH:0
end_of_record
TN:
SF:app/api/run-migration/comments-notification/route.ts
FN:6,GET
FNF:1
FNH:0
FNDA:0,GET
DA:4,0
DA:7,0
DA:8,0
DA:11,0
DA:12,0
DA:15,0
DA:16,0
DA:19,0
DA:25,0
DA:26,0
DA:34,0
DA:35,0
DA:36,0
DA:37,0
DA:41,0
DA:43,0
DA:47,0
DA:49,0
DA:55,0
DA:56,0
LF:20
LH:0
BRDA:25,0,0,0
BRDA:25,0,1,0
BRDA:57,1,0,0
BRDA:57,1,1,0
BRF:4
BRH:0
end_of_record
TN:
SF:app/api/run-migration/points/route.ts
FN:6,GET
FNF:1
FNH:0
FNDA:0,GET
DA:4,0
DA:7,0
DA:9,0
DA:10,0
DA:12,0
DA:15,0
DA:19,0
DA:20,0
DA:25,0
DA:28,0
DA:30,0
DA:35,0
DA:36,0
LF:13
LH:0
BRDA:36,0,0,0
BRDA:36,0,1,0
BRF:2
BRH:0
end_of_record
TN:
SF:app/api/settings/route.ts
FN:5,GET
FN:30,PATCH
FNF:2
FNH:0
FNDA:0,GET
FNDA:0,PATCH
DA:6,0
DA:7,0
DA:9,0
DA:10,0
DA:13,0
DA:14,0
DA:15,0
DA:17,0
DA:23,0
DA:31,0
DA:32,0
DA:34,0
DA:35,0
DA:38,0
DA:40,0
DA:43,0
DA:44,0
DA:46,0
DA:47,0
DA:49,0
DA:58,0
DA:60,0
DA:66,0
LF:23
LH:0
BRDA:9,0,0,0
BRDA:9,0,1,0
BRDA:24,1,0,0
BRDA:24,1,1,0
BRDA:34,2,0,0
BRDA:34,2,1,0
BRDA:40,3,0,0
BRDA:40,3,1,0
BRDA:46,4,0,0
BRDA:46,4,1,0
BRDA:67,5,0,0
BRDA:67,5,1,0
BRF:12
BRH:0
end_of_record
TN:
SF:app/api/tasks/route.ts
FN:9,GET
FN:48,POST
FNF:2
FNH:2
FNDA:8,GET
FNDA:7,POST
DA:7,1
DA:10,8
DA:11,8
DA:12,7
DA:13,1
DA:16,6
DA:17,6
DA:18,6
DA:19,6
DA:20,6
DA:21,6
DA:23,6
DA:25,6
DA:26,1
DA:28,5
DA:29,1
DA:30,4
DA:31,1
DA:32,3
DA:33,1
DA:34,1
DA:36,2
DA:39,5
DA:41,2
DA:49,7
DA:50,7
DA:51,6
DA:52,1
DA:55,5
DA:57,4
DA:58,1
DA:64,3
DA:65,3
DA:66,3
DA:67,3
DA:69,3
DA:70,3
DA:84,2
DA:92,1
DA:98,2
LF:40
LH:40
BRDA:12,0,0,1
BRDA:12,0,1,6
BRDA:25,1,0,1
BRDA:25,1,1,5
BRDA:28,2,0,1
BRDA:28,2,1,4
BRDA:30,3,0,1
BRDA:30,3,1,3
BRDA:32,4,0,1
BRDA:32,4,1,2
BRDA:51,5,0,1
BRDA:51,5,1,5
BRDA:57,6,0,1
BRDA:57,6,1,3
BRDA:64,7,0,3
BRDA:64,7,1,2
BRDA:65,8,0,3
BRDA:65,8,1,2
BRDA:66,9,0,3
BRDA:66,9,1,2
BRDA:67,10,0,3
BRDA:67,10,1,2
BRDA:75,11,0,3
BRDA:75,11,1,2
BRDA:77,12,0,3
BRDA:77,12,1,2
BRDA:78,13,0,3
BRDA:78,13,1,2
BRDA:88,14,0,2
BRDA:88,14,1,0
BRDA:93,15,0,1
BRDA:93,15,1,0
BRF:32
BRH:30
end_of_record
TN:
SF:app/api/tasks/[taskId]/[id]/route.ts
FN:5,GET
FN:38,PUT
FN:85,PATCH
FN:122,DELETE
FNF:4
FNH:4
FNDA:1,GET
FNDA:1,PUT
FNDA:2,PATCH
FNDA:1,DELETE
DA:9,1
DA:10,1
DA:11,1
DA:12,0
DA:15,1
DA:16,1
DA:17,1
DA:19,1
DA:20,0
DA:23,1
DA:25,1
DA:26,0
DA:29,1
DA:31,0
DA:42,1
DA:43,1
DA:44,1
DA:45,0
DA:48,1
DA:49,1
DA:50,1
DA:52,1
DA:53,0
DA:56,1
DA:58,1
DA:60,1
DA:61,0
DA:64,1
DA:76,1
DA:78,0
DA:89,2
DA:90,2
DA:91,2
DA:92,0
DA:95,2
DA:96,2
DA:97,2
DA:99,2
DA:100,0
DA:103,2
DA:105,2
DA:107,2
DA:108,0
DA:111,2
DA:113,2
DA:115,0
DA:126,1
DA:127,1
DA:128,1
DA:129,0
DA:132,1
DA:133,1
DA:134,1
DA:136,1
DA:137,0
DA:140,1
DA:142,1
DA:143,0
DA:146,1
DA:148,1
DA:150,0
LF:61
LH:45
BRDA:11,0,0,0
BRDA:11,0,1,1
BRDA:19,1,0,0
BRDA:19,1,1,1
BRDA:25,2,0,0
BRDA:25,2,1,1
BRDA:44,3,0,0
BRDA:44,3,1,1
BRDA:52,4,0,0
BRDA:52,4,1,1
BRDA:60,5,0,0
BRDA:60,5,1,1
BRDA:91,6,0,0
BRDA:91,6,1,2
BRDA:99,7,0,0
BRDA:99,7,1,2
BRDA:107,8,0,0
BRDA:107,8,1,2
BRDA:128,9,0,0
BRDA:128,9,1,1
BRDA:136,10,0,0
BRDA:136,10,1,1
BRDA:142,11,0,0
BRDA:142,11,1,1
BRF:24
BRH:12
end_of_record
TN:
SF:app/api/tasks/[taskId]/[id]/attachments/route.ts
FN:5,GET
FN:50,(anonymous_1)
FNF:2
FNH:0
FNDA:0,GET
FNDA:0,(anonymous_1)
DA:9,0
DA:10,0
DA:11,0
DA:12,0
DA:15,0
DA:16,0
DA:17,0
DA:20,0
DA:29,0
DA:30,0
DA:33,0
DA:34,0
DA:37,0
DA:38,0
DA:39,0
DA:40,0
DA:41,0
DA:42,0
DA:45,0
DA:48,0
DA:50,0
DA:59,0
DA:60,0
LF:23
LH:0
BRDA:11,0,0,0
BRDA:11,0,1,0
BRDA:16,1,0,0
BRDA:16,1,1,0
BRDA:29,2,0,0
BRDA:29,2,1,0
BRDA:33,3,0,0
BRDA:33,3,1,0
BRDA:39,4,0,0
BRDA:39,4,1,0
BRDA:39,5,0,0
BRDA:39,5,1,0
BRDA:41,6,0,0
BRDA:41,6,1,0
BRDA:53,7,0,0
BRDA:53,7,1,0
BRDA:54,8,0,0
BRDA:54,8,1,0
BRF:18
BRH:0
end_of_record
TN:
SF:app/api/tasks/[taskId]/[id]/complete/route.ts
FN:5,PATCH
FNF:1
FNH:0
FNDA:0,PATCH
DA:6,0
DA:7,0
DA:9,0
DA:10,0
DA:13,0
DA:15,0
DA:16,0
DA:20,0
DA:22,0
DA:24,0
LF:10
LH:0
BRDA:9,0,0,0
BRDA:9,0,1,0
BRDA:15,1,0,0
BRDA:15,1,1,0
BRDA:24,2,0,0
BRDA:24,2,1,0
BRF:6
BRH:0
end_of_record
TN:
SF:app/api/tasks/[taskId]/[id]/labels/route.ts
FN:5,GET
FN:23,POST
FN:47,DELETE
FNF:3
FNH:0
FNDA:0,GET
FNDA:0,POST
FNDA:0,DELETE
DA:6,0
DA:7,0
DA:9,0
DA:10,0
DA:13,0
DA:14,0
DA:15,0
DA:17,0
DA:19,0
DA:24,0
DA:25,0
DA:27,0
DA:28,0
DA:31,0
DA:32,0
DA:33,0
DA:35,0
DA:36,0
DA:39,0
DA:41,0
DA:43,0
DA:48,0
DA:49,0
DA:51,0
DA:52,0
DA:55,0
DA:56,0
DA:57,0
DA:59,0
DA:60,0
DA:63,0
DA:65,0
DA:67,0
LF:33
LH:0
BRDA:9,0,0,0
BRDA:9,0,1,0
BRDA:19,1,0,0
BRDA:19,1,1,0
BRDA:27,2,0,0
BRDA:27,2,1,0
BRDA:35,3,0,0
BRDA:35,3,1,0
BRDA:43,4,0,0
BRDA:43,4,1,0
BRDA:51,5,0,0
BRDA:51,5,1,0
BRDA:59,6,0,0
BRDA:59,6,1,0
BRDA:67,7,0,0
BRDA:67,7,1,0
BRF:16
BRH:0
end_of_record
TN:
SF:app/api/tasks/[taskId]/[id]/project/route.ts
FN:5,GET
FN:24,PUT
FNF:2
FNH:0
FNDA:0,GET
FNDA:0,PUT
DA:6,0
DA:7,0
DA:9,0
DA:10,0
DA:13,0
DA:14,0
DA:15,0
DA:16,0
DA:18,0
DA:20,0
DA:25,0
DA:26,0
DA:28,0
DA:29,0
DA:32,0
DA:33,0
DA:35,0
DA:36,0
DA:39,0
DA:40,0
DA:43,0
DA:44,0
DA:48,0
DA:49,0
DA:51,0
DA:53,0
DA:58,0
LF:27
LH:0
BRDA:9,0,0,0
BRDA:9,0,1,0
BRDA:20,1,0,0
BRDA:20,1,1,0
BRDA:28,2,0,0
BRDA:28,2,1,0
BRDA:35,3,0,0
BRDA:35,3,1,0
BRDA:35,4,0,0
BRDA:35,4,1,0
BRDA:43,5,0,0
BRDA:43,5,1,0
BRDA:43,6,0,0
BRDA:43,6,1,0
BRDA:43,6,2,0
BRDA:48,7,0,0
BRDA:48,7,1,0
BRDA:59,8,0,0
BRDA:59,8,1,0
BRF:19
BRH:0
end_of_record
TN:
SF:app/api/tasks/[taskId]/[id]/toggle/route.ts
FN:5,PATCH
FNF:1
FNH:0
FNDA:0,PATCH
DA:6,0
DA:7,0
DA:9,0
DA:10,0
DA:13,0
DA:14,0
DA:16,0
DA:18,0
DA:20,0
LF:9
LH:0
BRDA:9,0,0,0
BRDA:9,0,1,0
BRDA:20,1,0,0
BRDA:20,1,1,0
BRF:4
BRH:0
end_of_record
TN:
SF:app/api/tasks/[taskId]/comments/route.ts
FN:7,GET
FN:37,POST
FNF:2
FNH:0
FNDA:0,GET
FNDA:0,POST
DA:5,0
DA:11,0
DA:12,0
DA:13,0
DA:14,0
DA:16,0
DA:18,0
DA:20,0
DA:30,0
DA:32,0
DA:33,0
DA:41,0
DA:42,0
DA:43,0
DA:44,0
DA:46,0
DA:48,0
DA:49,0
DA:51,0
DA:52,0
DA:55,0
DA:63,0
DA:65,0
DA:66,0
LF:24
LH:0
BRDA:13,0,0,0
BRDA:13,0,1,0
BRDA:43,1,0,0
BRDA:43,1,1,0
BRDA:51,2,0,0
BRDA:51,2,1,0
BRDA:51,3,0,0
BRDA:51,3,1,0
BRDA:51,3,2,0
BRF:9
BRH:0
end_of_record
TN:
SF:app/api/tasks/[taskId]/comments/[commentId]/route.ts
FN:7,PATCH
FN:45,DELETE
FNF:2
FNH:0
FNDA:0,PATCH
FNDA:0,DELETE
DA:5,0
DA:11,0
DA:12,0
DA:13,0
DA:14,0
DA:16,0
DA:18,0
DA:19,0
DA:21,0
DA:22,0
DA:25,0
DA:34,0
DA:35,0
DA:38,0
DA:40,0
DA:41,0
DA:49,0
DA:50,0
DA:51,0
DA:52,0
DA:54,0
DA:56,0
DA:58,0
DA:64,0
DA:65,0
DA:68,0
DA:70,0
DA:71,0
LF:28
LH:0
BRDA:13,0,0,0
BRDA:13,0,1,0
BRDA:21,1,0,0
BRDA:21,1,1,0
BRDA:21,2,0,0
BRDA:21,2,1,0
BRDA:21,2,2,0
BRDA:34,3,0,0
BRDA:34,3,1,0
BRDA:51,4,0,0
BRDA:51,4,1,0
BRDA:64,5,0,0
BRDA:64,5,1,0
BRF:13
BRH:0
end_of_record
TN:
SF:app/api/tasks/calendar/route.ts
FN:7,GET
FNF:1
FNH:0
FNDA:0,GET
DA:5,0
DA:8,0
DA:9,0
DA:11,0
DA:12,0
DA:15,0
DA:16,0
DA:17,0
DA:19,0
DA:20,0
DA:23,0
DA:35,0
DA:37,0
LF:13
LH:0
BRDA:11,0,0,0
BRDA:11,0,1,0
BRDA:19,1,0,0
BRDA:19,1,1,0
BRDA:19,2,0,0
BRDA:19,2,1,0
BRDA:37,3,0,0
BRDA:37,3,1,0
BRF:8
BRH:0
end_of_record
TN:
SF:app/api/tasks/inbox/route.ts
FN:5,GET
FNF:1
FNH:0
FNDA:0,GET
DA:6,0
DA:7,0
DA:9,0
DA:10,0
DA:13,0
DA:15,0
DA:17,0
LF:7
LH:0
BRDA:9,0,0,0
BRDA:9,0,1,0
BRDA:17,1,0,0
BRDA:17,1,1,0
BRF:4
BRH:0
end_of_record
TN:
SF:app/api/tasks/search/route.ts
FN:8,GET
FNF:1
FNH:0
FNDA:0,GET
DA:5,0
DA:6,0
DA:9,0
DA:10,0
DA:12,0
DA:13,0
DA:16,0
DA:17,0
DA:19,0
DA:20,0
DA:26,0
DA:28,0
DA:29,0
DA:31,0
DA:32,0
DA:41,0
DA:54,0
DA:56,0
DA:60,0
DA:62,0
LF:20
LH:0
BRDA:12,0,0,0
BRDA:12,0,1,0
BRDA:19,1,0,0
BRDA:19,1,1,0
BRDA:31,2,0,0
BRDA:31,2,1,0
BRDA:60,3,0,0
BRDA:60,3,1,0
BRF:8
BRH:0
end_of_record
TN:
SF:app/api/tasks/today/route.ts
FN:13,OPTIONS
FN:17,GET
FNF:2
FNH:0
FNDA:0,OPTIONS
FNDA:0,GET
DA:6,0
DA:14,0
DA:18,0
DA:19,0
DA:21,0
DA:22,0
DA:28,0
DA:30,0
DA:32,0
LF:9
LH:0
BRDA:21,0,0,0
BRDA:21,0,1,0
BRDA:32,1,0,0
BRDA:32,1,1,0
BRF:4
BRH:0
end_of_record
TN:
SF:app/api/tasks/upcoming/route.ts
FN:5,GET
FNF:1
FNH:0
FNDA:0,GET
DA:6,0
DA:7,0
DA:9,0
DA:10,0
DA:13,0
DA:15,0
DA:17,0
LF:7
LH:0
BRDA:9,0,0,0
BRDA:9,0,1,0
BRDA:17,1,0,0
BRDA:17,1,1,0
BRF:4
BRH:0
end_of_record
TN:
SF:app/api/upload/route.ts
FN:7,POST
FNF:1
FNH:0
FNDA:0,POST
DA:5,0
DA:8,0
DA:9,0
DA:10,0
DA:11,0
DA:14,0
DA:15,0
DA:16,0
DA:18,0
DA:19,0
DA:26,0
DA:27,0
DA:28,0
DA:31,0
DA:38,0
DA:40,0
DA:44,0
DA:45,0
DA:53,0
DA:54,0
DA:55,0
DA:56,0
DA:57,0
DA:58,0
DA:60,0
DA:64,0
DA:67,0
DA:70,0
DA:77,0
DA:79,0
LF:30
LH:0
BRDA:10,0,0,0
BRDA:10,0,1,0
BRDA:18,1,0,0
BRDA:18,1,1,0
BRDA:32,2,0,0
BRDA:32,2,1,0
BRDA:38,3,0,0
BRDA:38,3,1,0
BRDA:44,4,0,0
BRDA:44,4,1,0
BRDA:44,5,0,0
BRDA:44,5,1,0
BRDA:55,6,0,0
BRDA:55,6,1,0
BRDA:56,7,0,0
BRDA:56,7,1,0
BRDA:58,8,0,0
BRDA:58,8,1,0
BRF:18
BRH:0
end_of_record
TN:
SF:app/app/layout.tsx
FN:14,(anonymous_0)
FN:19,AppLayout
FN:26,(anonymous_2)
FN:27,loadData
FN:59,(anonymous_4)
FNF:5
FNH:0
FNDA:0,(anonymous_0)
FNDA:0,AppLayout
FNDA:0,(anonymous_2)
FNDA:0,loadData
FNDA:0,(anonymous_4)
DA:13,0
DA:14,0
DA:20,0
DA:21,0
DA:22,0
DA:23,0
DA:24,0
DA:26,0
DA:28,0
DA:30,0
DA:32,0
DA:33,0
DA:34,0
DA:37,0
DA:39,0
DA:40,0
DA:41,0
DA:44,0
DA:47,0
DA:48,0
DA:49,0
DA:51,0
DA:52,0
DA:55,0
DA:58,0
DA:59,0
DA:60,0
DA:63,0
DA:64,0
DA:65,0
DA:66,0
DA:70,0
DA:74,0
DA:76,0
DA:77,0
DA:81,0
DA:84,0
DA:85,0
DA:92,0
LF:39
LH:0
BRDA:32,0,0,0
BRDA:32,0,1,0
BRDA:39,1,0,0
BRDA:39,1,1,0
BRDA:39,2,0,0
BRDA:39,2,1,0
BRDA:48,3,0,0
BRDA:48,3,1,0
BRDA:51,4,0,0
BRDA:51,4,1,0
BRDA:51,5,0,0
BRDA:51,5,1,0
BRDA:63,6,0,0
BRDA:63,6,1,0
BRDA:65,7,0,0
BRDA:65,7,1,0
BRDA:65,8,0,0
BRDA:65,8,1,0
BRDA:84,9,0,0
BRDA:84,9,1,0
BRDA:96,10,0,0
BRDA:96,10,1,0
BRDA:99,11,0,0
BRDA:99,11,1,0
BRDA:107,12,0,0
BRDA:107,12,1,0
BRF:26
BRH:0
end_of_record
TN:
SF:app/app/loading.tsx
FN:4,Loading
FN:14,(anonymous_1)
FNF:2
FNH:0
FNDA:0,Loading
FNDA:0,(anonymous_1)
DA:5,0
DA:15,0
LF:2
LH:0
BRF:0
BRH:0
end_of_record
TN:
SF:app/app/page.tsx
FN:17,generateMetadata
FN:34,AppPage
FN:69,(anonymous_2)
FN:112,TaskListWrapper
FNF:4
FNH:0
FNDA:0,generateMetadata
FNDA:0,AppPage
FNDA:0,(anonymous_2)
FNDA:0,TaskListWrapper
DA:18,0
DA:19,0
DA:20,0
DA:22,0
DA:23,0
DA:27,0
DA:29,0
DA:35,0
DA:36,0
DA:38,0
DA:39,0
DA:40,0
DA:42,0
DA:43,0
DA:49,0
DA:52,0
DA:70,0
DA:113,0
DA:114,0
DA:116,0
LF:20
LH:0
BRDA:22,0,0,0
BRDA:22,0,1,0
BRDA:22,1,0,0
BRDA:22,1,1,0
BRDA:42,2,0,0
BRDA:42,2,1,0
BRDA:42,3,0,0
BRDA:42,3,1,0
BRDA:100,4,0,0
BRDA:100,4,1,0
BRDA:101,5,0,0
BRDA:101,5,1,0
BRDA:102,6,0,0
BRDA:102,6,1,0
BRDA:103,7,0,0
BRDA:103,7,1,0
BRDA:121,8,0,0
BRDA:121,8,1,0
BRDA:122,9,0,0
BRDA:122,9,1,0
BRF:20
BRH:0
end_of_record
TN:
SF:app/app/api-docs/layout.tsx
FN:8,ApiDocsLayout
FNF:1
FNH:0
FNDA:0,ApiDocsLayout
DA:3,0
DA:13,0
LF:2
LH:0
BRF:0
BRH:0
end_of_record
TN:
SF:app/app/api-docs/page.tsx
FN:11,(anonymous_0)
FN:13,ApiDocsPage
FN:17,(anonymous_2)
FN:21,(anonymous_3)
FN:22,(anonymous_4)
FN:25,(anonymous_5)
FN:31,(anonymous_6)
FNF:7
FNH:0
FNDA:0,(anonymous_0)
FNDA:0,ApiDocsPage
FNDA:0,(anonymous_2)
FNDA:0,(anonymous_3)
FNDA:0,(anonymous_4)
FNDA:0,(anonymous_5)
FNDA:0,(anonymous_6)
DA:11,0
DA:14,0
DA:15,0
DA:17,0
DA:19,0
DA:20,0
DA:21,0
DA:23,0
DA:26,0
DA:31,0
DA:33,0
DA:34,0
DA:35,0
DA:36,0
DA:37,0
DA:38,0
DA:39,0
DA:42,0
LF:18
LH:0
BRDA:19,0,0,0
BRDA:19,0,1,0
BRF:2
BRH:0
end_of_record
TN:
SF:app/app/calendar/loading.tsx
FN:4,Loading
FN:20,(anonymous_1)
FN:26,(anonymous_2)
FN:28,(anonymous_3)
FNF:4
FNH:0
FNDA:0,Loading
FNDA:0,(anonymous_1)
FNDA:0,(anonymous_2)
FNDA:0,(anonymous_3)
DA:5,0
DA:21,0
DA:27,0
DA:29,0
LF:4
LH:0
BRF:0
BRH:0
end_of_record
TN:
SF:app/app/calendar/page.tsx
FN:11,generateMetadata
FN:28,CalendarPage
FN:63,(anonymous_2)
FN:69,(anonymous_3)
FN:71,(anonymous_4)
FNF:5
FNH:0
FNDA:0,generateMetadata
FNDA:0,CalendarPage
FNDA:0,(anonymous_2)
FNDA:0,(anonymous_3)
FNDA:0,(anonymous_4)
DA:12,0
DA:13,0
DA:14,0
DA:16,0
DA:17,0
DA:21,0
DA:23,0
DA:29,0
DA:31,0
DA:32,0
DA:33,0
DA:36,0
DA:37,0
DA:41,0
DA:46,0
DA:64,0
DA:70,0
DA:72,0
LF:18
LH:0
BRDA:16,0,0,0
BRDA:16,0,1,0
BRDA:16,1,0,0
BRDA:16,1,1,0
BRDA:36,2,0,0
BRDA:36,2,1,0
BRDA:36,3,0,0
BRDA:36,3,1,0
BRF:8
BRH:0
end_of_record
TN:
SF:app/app/changelog/layout.tsx
FN:3,ChangelogLayout
FNF:1
FNH:0
FNDA:0,ChangelogLayout
DA:8,0
LF:1
LH:0
BRF:0
BRH:0
end_of_record
TN:
SF:app/app/changelog/page.tsx
FN:9,ChangelogPage
FN:23,(anonymous_1)
FNF:2
FNH:0
FNDA:0,ChangelogPage
FNDA:0,(anonymous_1)
DA:10,0
DA:11,0
DA:13,0
DA:24,0
LF:4
LH:0
BRF:0
BRH:0
end_of_record
TN:
SF:app/app/completed/page.tsx
FN:9,generateMetadata
FN:26,CompletedPage
FNF:2
FNH:0
FNDA:0,generateMetadata
FNDA:0,CompletedPage
DA:10,0
DA:11,0
DA:12,0
DA:14,0
DA:15,0
DA:19,0
DA:21,0
DA:27,0
DA:28,0
DA:30,0
DA:31,0
DA:32,0
DA:35,0
DA:36,0
DA:40,0
DA:45,0
LF:16
LH:0
BRDA:14,0,0,0
BRDA:14,0,1,0
BRDA:14,1,0,0
BRDA:14,1,1,0
BRDA:35,2,0,0
BRDA:35,2,1,0
BRDA:35,3,0,0
BRDA:35,3,1,0
BRF:8
BRH:0
end_of_record
TN:
SF:app/app/inbox/page.tsx
FN:12,generateMetadata
FN:29,InboxPage
FNF:2
FNH:0
FNDA:0,generateMetadata
FNDA:0,InboxPage
DA:13,0
DA:14,0
DA:15,0
DA:17,0
DA:18,0
DA:22,0
DA:24,0
DA:30,0
DA:31,0
DA:33,0
DA:34,0
DA:35,0
DA:38,0
DA:39,0
DA:43,0
DA:48,0
LF:16
LH:0
BRDA:17,0,0,0
BRDA:17,0,1,0
BRDA:17,1,0,0
BRDA:17,1,1,0
BRDA:38,2,0,0
BRDA:38,2,1,0
BRDA:38,3,0,0
BRDA:38,3,1,0
BRF:8
BRH:0
end_of_record
TN:
SF:app/app/kanban/page.tsx
FN:8,KanbanPage
FN:12,(anonymous_1)
FN:13,(anonymous_2)
FN:20,(anonymous_3)
FNF:4
FNH:0
FNDA:0,KanbanPage
FNDA:0,(anonymous_1)
FNDA:0,(anonymous_2)
FNDA:0,(anonymous_3)
DA:9,0
DA:10,0
DA:12,0
DA:13,0
DA:14,0
DA:17,0
DA:18,0
DA:20,0
DA:21,0
DA:25,0
LF:10
LH:0
BRDA:26,0,0,0
BRDA:26,0,1,0
BRDA:27,1,0,0
BRDA:27,1,1,0
BRF:4
BRH:0
end_of_record
TN:
SF:app/app/labels/[id]/page.tsx
FN:11,LabelPage
FNF:1
FNH:0
FNDA:0,LabelPage
DA:12,0
DA:13,0
DA:15,0
DA:16,0
DA:18,0
DA:19,0
DA:31,0
LF:7
LH:0
BRDA:18,0,0,0
BRDA:18,0,1,0
BRF:2
BRH:0
end_of_record
TN:
SF:app/app/notifications/actions.ts
FN:6,markAllNotificationsAsRead
FNF:1
FNH:0
FNDA:0,markAllNotificationsAsRead
DA:7,0
DA:8,0
DA:10,0
DA:16,0
LF:4
LH:0
BRDA:8,0,0,0
BRDA:8,0,1,0
BRF:2
BRH:0
end_of_record
TN:
SF:app/app/notifications/loading.tsx
FN:4,Loading
FN:13,(anonymous_1)
FNF:2
FNH:0
FNDA:0,Loading
FNDA:0,(anonymous_1)
DA:5,0
DA:14,0
LF:2
LH:0
BRF:0
BRH:0
end_of_record
TN:
SF:app/app/notifications/page.tsx
FN:11,NotificationsPage
FN:22,(anonymous_1)
FNF:2
FNH:0
FNDA:0,NotificationsPage
FNDA:0,(anonymous_1)
DA:13,0
DA:14,0
DA:17,0
DA:18,0
DA:19,0
DA:22,0
DA:25,0
DA:28,0
DA:29,0
DA:35,0
LF:10
LH:0
BRDA:19,0,0,0
BRDA:19,0,1,0
BRDA:28,1,0,0
BRDA:28,1,1,0
BRDA:29,2,0,0
BRDA:29,2,1,0
BRDA:39,3,0,0
BRDA:39,3,1,0
BRDA:51,4,0,0
BRDA:51,4,1,0
BRDA:54,5,0,0
BRDA:54,5,1,0
BRDA:63,6,0,0
BRDA:63,6,1,0
BRF:14
BRH:0
end_of_record
TN:
SF:app/app/pomodoro/page.tsx
FN:24,PomodoroPage
FN:53,(anonymous_1)
FN:63,(anonymous_2)
FN:67,(anonymous_3)
FN:70,(anonymous_4)
FN:116,(anonymous_5)
FN:129,(anonymous_6)
FN:131,(anonymous_7)
FN:134,(anonymous_8)
FN:137,(anonymous_9)
FN:145,(anonymous_10)
FN:148,(anonymous_11)
FN:156,(anonymous_12)
FN:171,(anonymous_13)
FN:214,(anonymous_14)
FN:233,(anonymous_15)
FN:236,(anonymous_16)
FN:262,(anonymous_17)
FNF:18
FNH:0
FNDA:0,PomodoroPage
FNDA:0,(anonymous_1)
FNDA:0,(anonymous_2)
FNDA:0,(anonymous_3)
FNDA:0,(anonymous_4)
FNDA:0,(anonymous_5)
FNDA:0,(anonymous_6)
FNDA:0,(anonymous_7)
FNDA:0,(anonymous_8)
FNDA:0,(anonymous_9)
FNDA:0,(anonymous_10)
FNDA:0,(anonymous_11)
FNDA:0,(anonymous_12)
FNDA:0,(anonymous_13)
FNDA:0,(anonymous_14)
FNDA:0,(anonymous_15)
FNDA:0,(anonymous_16)
FNDA:0,(anonymous_17)
DA:25,0
DA:26,0
DA:27,0
DA:28,0
DA:29,0
DA:30,0
DA:32,0
DA:33,0
DA:34,0
DA:35,0
DA:36,0
DA:37,0
DA:38,0
DA:48,0
DA:50,0
DA:53,0
DA:54,0
DA:55,0
DA:56,0
DA:58,0
DA:59,0
DA:63,0
DA:64,0
DA:67,0
DA:68,0
DA:70,0
DA:71,0
DA:72,0
DA:73,0
DA:77,0
DA:78,0
DA:79,0
DA:81,0
DA:92,0
DA:103,0
DA:106,0
DA:108,0
DA:112,0
DA:116,0
DA:117,0
DA:129,0
DA:130,0
DA:131,0
DA:132,0
DA:133,0
DA:134,0
DA:137,0
DA:138,0
DA:139,0
DA:141,0
DA:145,0
DA:146,0
DA:147,0
DA:148,0
DA:149,0
DA:150,0
DA:151,0
DA:152,0
DA:153,0
DA:154,0
DA:155,0
DA:156,0
DA:157,0
DA:159,0
DA:162,0
DA:165,0
DA:167,0
DA:170,0
DA:171,0
DA:180,0
DA:181,0
DA:183,0
DA:184,0
DA:191,0
DA:215,0
DA:234,0
DA:235,0
DA:236,0
DA:237,0
DA:238,0
DA:242,0
DA:263,0
LF:82
LH:0
BRDA:54,0,0,0
BRDA:54,0,1,0
BRDA:68,1,0,0
BRDA:68,1,1,0
BRDA:68,2,0,0
BRDA:68,2,1,0
BRDA:77,3,0,0
BRDA:77,3,1,0
BRDA:88,4,0,0
BRDA:88,4,1,0
BRDA:99,5,0,0
BRDA:99,5,1,0
BRDA:130,6,0,0
BRDA:130,6,1,0
BRDA:138,7,0,0
BRDA:138,7,1,0
BRDA:146,8,0,0
BRDA:146,8,1,0
BRDA:152,9,0,0
BRDA:152,9,1,0
BRDA:154,10,0,0
BRDA:154,10,1,0
BRDA:155,11,0,0
BRDA:155,11,1,0
BRDA:155,12,0,0
BRDA:155,12,1,0
BRDA:155,12,2,0
BRDA:167,13,0,0
BRDA:167,13,1,0
BRDA:183,14,0,0
BRDA:183,14,1,0
BRDA:192,15,0,0
BRDA:192,15,1,0
BRDA:193,16,0,0
BRDA:193,16,1,0
BRDA:199,17,0,0
BRDA:199,17,1,0
BRDA:205,18,0,0
BRDA:205,18,1,0
BRDA:207,19,0,0
BRDA:207,19,1,0
BRDA:207,19,2,0
BRDA:221,20,0,0
BRDA:221,20,1,0
BRDA:221,20,2,0
BRDA:224,21,0,0
BRDA:224,21,1,0
BRDA:224,21,2,0
BRDA:224,21,3,0
BRDA:230,22,0,0
BRDA:230,22,1,0
BRDA:237,23,0,0
BRDA:237,23,1,0
BRDA:253,24,0,0
BRDA:253,24,1,0
BRDA:255,25,0,0
BRDA:255,25,1,0
BRDA:255,25,2,0
BRDA:269,26,0,0
BRDA:269,26,1,0
BRDA:272,27,0,0
BRDA:272,27,1,0
BRDA:272,27,2,0
BRDA:272,27,3,0
BRDA:282,28,0,0
BRDA:282,28,1,0
BRDA:292,29,0,0
BRDA:292,29,1,0
BRDA:305,30,0,0
BRDA:305,30,1,0
BRDA:307,31,0,0
BRDA:307,31,1,0
BRDA:310,32,0,0
BRDA:310,32,1,0
BRDA:320,33,0,0
BRDA:320,33,1,0
BRF:76
BRH:0
end_of_record
TN:
SF:app/app/profile/loading.tsx
FN:4,Loading
FNF:1
FNH:0
FNDA:0,Loading
DA:5,0
LF:1
LH:0
BRF:0
BRH:0
end_of_record
TN:
SF:app/app/profile/page.tsx
FN:4,ProfilePage
FNF:1
FNH:0
FNDA:0,ProfilePage
DA:5,0
DA:7,0
LF:2
LH:0
BRF:0
BRH:0
end_of_record
TN:
SF:app/app/projects/[id]/page.tsx
FN:12,ProjectPage
FNF:1
FNH:0
FNDA:0,ProjectPage
DA:13,0
DA:14,0
DA:15,0
DA:17,0
DA:18,0
DA:20,0
DA:21,0
DA:33,0
LF:8
LH:0
BRDA:20,0,0,0
BRDA:20,0,1,0
BRF:2
BRH:0
end_of_record
TN:
SF:app/app/reports/layout.tsx
FN:8,ReportsLayout
FNF:1
FNH:0
FNDA:0,ReportsLayout
DA:3,0
DA:13,0
LF:2
LH:0
BRF:0
BRH:0
end_of_record
TN:
SF:app/app/reports/page.tsx
FN:66,ReportsPage
FN:114,(anonymous_1)
FN:136,(anonymous_2)
FN:142,(anonymous_3)
FN:152,(anonymous_4)
FN:156,(anonymous_5)
FN:161,(anonymous_6)
FN:162,(anonymous_7)
FN:165,(anonymous_8)
FN:173,(anonymous_9)
FN:174,(anonymous_10)
FN:177,(anonymous_11)
FN:185,(anonymous_12)
FN:186,(anonymous_13)
FN:189,(anonymous_14)
FN:197,(anonymous_15)
FN:198,(anonymous_16)
FN:201,(anonymous_17)
FN:209,(anonymous_18)
FN:216,(anonymous_19)
FN:229,(anonymous_20)
FN:259,(anonymous_21)
FN:573,(anonymous_22)
FN:582,(anonymous_23)
FN:604,(anonymous_24)
FN:630,(anonymous_25)
FN:639,(anonymous_26)
FN:659,(anonymous_27)
FN:683,(anonymous_28)
FN:691,(anonymous_29)
FN:700,(anonymous_30)
FN:713,(anonymous_31)
FN:730,(anonymous_32)
FN:738,(anonymous_33)
FN:767,(anonymous_34)
FN:787,(anonymous_35)
FN:807,(anonymous_36)
FN:895,(anonymous_37)
FN:897,(anonymous_38)
FN:922,(anonymous_39)
FN:924,(anonymous_40)
FN:949,(anonymous_41)
FN:951,(anonymous_42)
FN:970,(anonymous_43)
FN:972,(anonymous_44)
FN:1201,(anonymous_45)
FN:1273,(anonymous_46)
FN:1312,(anonymous_47)
FNF:48
FNH:0
FNDA:0,ReportsPage
FNDA:0,(anonymous_1)
FNDA:0,(anonymous_2)
FNDA:0,(anonymous_3)
FNDA:0,(anonymous_4)
FNDA:0,(anonymous_5)
FNDA:0,(anonymous_6)
FNDA:0,(anonymous_7)
FNDA:0,(anonymous_8)
FNDA:0,(anonymous_9)
FNDA:0,(anonymous_10)
FNDA:0,(anonymous_11)
FNDA:0,(anonymous_12)
FNDA:0,(anonymous_13)
FNDA:0,(anonymous_14)
FNDA:0,(anonymous_15)
FNDA:0,(anonymous_16)
FNDA:0,(anonymous_17)
FNDA:0,(anonymous_18)
FNDA:0,(anonymous_19)
FNDA:0,(anonymous_20)
FNDA:0,(anonymous_21)
FNDA:0,(anonymous_22)
FNDA:0,(anonymous_23)
FNDA:0,(anonymous_24)
FNDA:0,(anonymous_25)
FNDA:0,(anonymous_26)
FNDA:0,(anonymous_27)
FNDA:0,(anonymous_28)
FNDA:0,(anonymous_29)
FNDA:0,(anonymous_30)
FNDA:0,(anonymous_31)
FNDA:0,(anonymous_32)
FNDA:0,(anonymous_33)
FNDA:0,(anonymous_34)
FNDA:0,(anonymous_35)
FNDA:0,(anonymous_36)
FNDA:0,(anonymous_37)
FNDA:0,(anonymous_38)
FNDA:0,(anonymous_39)
FNDA:0,(anonymous_40)
FNDA:0,(anonymous_41)
FNDA:0,(anonymous_42)
FNDA:0,(anonymous_43)
FNDA:0,(anonymous_44)
FNDA:0,(anonymous_45)
FNDA:0,(anonymous_46)
FNDA:0,(anonymous_47)
DA:67,0
DA:68,0
DA:69,0
DA:70,0
DA:71,0
DA:72,0
DA:75,0
DA:76,0
DA:79,0
DA:80,0
DA:81,0
DA:82,0
DA:83,0
DA:86,0
DA:87,0
DA:90,0
DA:105,0
DA:114,0
DA:115,0
DA:118,0
DA:119,0
DA:120,0
DA:123,0
DA:126,0
DA:127,0
DA:128,0
DA:129,0
DA:132,0
DA:136,0
DA:137,0
DA:138,0
DA:142,0
DA:143,0
DA:144,0
DA:147,0
DA:148,0
DA:152,0
DA:153,0
DA:156,0
DA:157,0
DA:161,0
DA:162,0
DA:163,0
DA:164,0
DA:165,0
DA:167,0
DA:173,0
DA:174,0
DA:175,0
DA:176,0
DA:177,0
DA:179,0
DA:185,0
DA:186,0
DA:187,0
DA:188,0
DA:189,0
DA:191,0
DA:197,0
DA:198,0
DA:199,0
DA:200,0
DA:201,0
DA:203,0
DA:209,0
DA:210,0
DA:211,0
DA:212,0
DA:216,0
DA:217,0
DA:218,0
DA:221,0
DA:222,0
DA:224,0
DA:225,0
DA:229,0
DA:230,0
DA:231,0
DA:236,0
DA:239,0
DA:241,0
DA:243,0
DA:254,0
DA:255,0
DA:257,0
DA:258,0
DA:259,0
DA:262,0
DA:282,0
DA:284,0
DA:286,0
DA:287,0
DA:293,0
DA:294,0
DA:295,0
DA:296,0
DA:297,0
DA:303,0
DA:307,0
DA:310,0
DA:311,0
DA:312,0
DA:313,0
DA:314,0
DA:315,0
DA:316,0
DA:317,0
DA:318,0
DA:321,0
DA:326,0
DA:329,0
DA:330,0
DA:336,0
DA:340,0
DA:343,0
DA:370,0
DA:372,0
DA:373,0
DA:374,0
DA:375,0
DA:379,0
DA:380,0
DA:381,0
DA:382,0
DA:387,0
DA:389,0
DA:396,0
DA:404,0
DA:405,0
DA:408,0
DA:409,0
DA:411,0
DA:414,0
DA:415,0
DA:424,0
DA:429,0
DA:430,0
DA:449,0
DA:457,0
DA:573,0
DA:583,0
DA:605,0
DA:630,0
DA:640,0
DA:659,0
DA:683,0
DA:692,0
DA:700,0
DA:713,0
DA:731,0
DA:739,0
DA:767,0
DA:787,0
DA:807,0
DA:896,0
DA:897,0
DA:899,0
DA:923,0
DA:924,0
DA:926,0
DA:950,0
DA:951,0
DA:953,0
DA:971,0
DA:972,0
DA:974,0
DA:1202,0
DA:1275,0
DA:1276,0
DA:1277,0
DA:1278,0
DA:1282,0
DA:1286,0
DA:1290,0
DA:1296,0
DA:1312,0
LF:176
LH:0
BRDA:128,0,0,0
BRDA:128,0,1,0
BRDA:164,1,0,0
BRDA:164,1,1,0
BRDA:176,2,0,0
BRDA:176,2,1,0
BRDA:188,3,0,0
BRDA:188,3,1,0
BRDA:200,4,0,0
BRDA:200,4,1,0
BRDA:217,5,0,0
BRDA:217,5,1,0
BRDA:230,6,0,0
BRDA:230,6,1,0
BRDA:230,7,0,0
BRDA:230,7,1,0
BRDA:245,8,0,0
BRDA:245,8,1,0
BRDA:246,9,0,0
BRDA:246,9,1,0
BRDA:248,10,0,0
BRDA:248,10,1,0
BRDA:250,11,0,0
BRDA:250,11,1,0
BRDA:254,12,0,0
BRDA:254,12,1,0
BRDA:284,13,0,0
BRDA:284,13,1,0
BRDA:286,14,0,0
BRDA:286,14,1,0
BRDA:286,15,0,0
BRDA:286,15,1,0
BRDA:296,16,0,0
BRDA:296,16,1,0
BRDA:296,17,0,0
BRDA:296,17,1,0
BRDA:329,18,0,0
BRDA:329,18,1,0
BRDA:329,19,0,0
BRDA:329,19,1,0
BRDA:345,20,0,0
BRDA:345,20,1,0
BRDA:347,21,0,0
BRDA:347,21,1,0
BRDA:349,22,0,0
BRDA:349,22,1,0
BRDA:351,23,0,0
BRDA:351,23,1,0
BRDA:370,24,0,0
BRDA:370,24,1,0
BRDA:419,25,0,0
BRDA:419,25,1,0
BRDA:429,26,0,0
BRDA:429,26,1,0
BRDA:569,27,0,0
BRDA:569,27,1,0
BRDA:581,28,0,0
BRDA:581,28,1,0
BRDA:586,29,0,0
BRDA:586,29,1,0
BRDA:592,30,0,0
BRDA:592,30,1,0
BRDA:598,31,0,0
BRDA:598,31,1,0
BRDA:626,32,0,0
BRDA:626,32,1,0
BRDA:638,33,0,0
BRDA:638,33,1,0
BRDA:643,34,0,0
BRDA:643,34,1,0
BRDA:649,35,0,0
BRDA:649,35,1,0
BRDA:655,36,0,0
BRDA:655,36,1,0
BRDA:679,37,0,0
BRDA:679,37,1,0
BRDA:695,38,0,0
BRDA:695,38,1,0
BRDA:720,39,0,0
BRDA:720,39,1,0
BRDA:723,40,0,0
BRDA:723,40,1,0
BRDA:831,41,0,0
BRDA:831,41,1,0
BRDA:831,41,2,0
BRDA:841,42,0,0
BRDA:841,42,1,0
BRDA:841,42,2,0
BRDA:844,43,0,0
BRDA:844,43,1,0
BRDA:869,44,0,0
BRDA:869,44,1,0
BRDA:869,45,0,0
BRDA:869,45,1,0
BRDA:889,46,0,0
BRDA:889,46,1,0
BRDA:899,47,0,0
BRDA:899,47,1,0
BRDA:916,48,0,0
BRDA:916,48,1,0
BRDA:926,49,0,0
BRDA:926,49,1,0
BRDA:943,50,0,0
BRDA:943,50,1,0
BRDA:953,51,0,0
BRDA:953,51,1,0
BRDA:964,52,0,0
BRDA:964,52,1,0
BRDA:974,53,0,0
BRDA:974,53,1,0
BRDA:1186,54,0,0
BRDA:1186,54,1,0
BRDA:1208,55,0,0
BRDA:1208,55,1,0
BRDA:1213,56,0,0
BRDA:1213,56,1,0
BRDA:1230,57,0,0
BRDA:1230,57,1,0
BRDA:1230,57,2,0
BRDA:1237,58,0,0
BRDA:1237,58,1,0
BRDA:1242,59,0,0
BRDA:1242,59,1,0
BRDA:1242,59,2,0
BRDA:1249,60,0,0
BRDA:1249,60,1,0
BRDA:1254,61,0,0
BRDA:1254,61,1,0
BRDA:1254,61,2,0
BRDA:1261,62,0,0
BRDA:1261,62,1,0
BRDA:1277,63,0,0
BRDA:1277,63,1,0
BRDA:1278,64,0,0
BRDA:1278,64,1,0
BRDA:1282,65,0,0
BRDA:1282,65,1,0
BRDA:1286,66,0,0
BRDA:1286,66,1,0
BRDA:1290,67,0,0
BRDA:1290,67,1,0
BRF:141
BRH:0
end_of_record
TN:
SF:app/app/reports/utils.ts
FN:26,getContrastColor
FN:52,fetchTasks
FN:91,(anonymous_2)
FN:93,(anonymous_3)
FN:112,fetchProjects
FN:127,fetchLabels
FN:142,generateCSV
FN:197,(anonymous_7)
FN:210,(anonymous_8)
FN:232,(anonymous_9)
FN:244,(anonymous_10)
FN:275,escapeCsvField
FN:285,generateHTML
FN:328,(anonymous_13)
FN:335,(anonymous_14)
FN:346,(anonymous_15)
FN:358,(anonymous_16)
FN:365,(anonymous_17)
FN:380,(anonymous_18)
FN:389,(anonymous_19)
FN:403,(anonymous_20)
FN:405,(anonymous_21)
FN:417,(anonymous_22)
FN:424,(anonymous_23)
FN:455,(anonymous_24)
FN:483,(anonymous_25)
FN:490,(anonymous_26)
FN:495,(anonymous_27)
FN:497,(anonymous_28)
FN:507,(anonymous_29)
FN:510,(anonymous_30)
FN:525,(anonymous_31)
FN:529,(anonymous_32)
FN:539,(anonymous_33)
FN:552,(anonymous_34)
FN:574,(anonymous_35)
FN:581,(anonymous_36)
FN:611,(anonymous_37)
FN:623,(anonymous_38)
FN:624,(anonymous_39)
FN:632,(anonymous_40)
FN:636,(anonymous_41)
FN:639,(anonymous_42)
FN:647,(anonymous_43)
FN:656,(anonymous_44)
FN:659,(anonymous_45)
FN:713,(anonymous_46)
FN:714,(anonymous_47)
FN:732,(anonymous_48)
FN:734,(anonymous_49)
FN:747,(anonymous_50)
FN:861,(anonymous_51)
FN:863,(anonymous_52)
FN:864,(anonymous_53)
FN:896,(anonymous_54)
FN:1015,(anonymous_55)
FN:1016,(anonymous_56)
FN:1024,(anonymous_57)
FN:1025,(anonymous_58)
FN:1026,(anonymous_59)
FN:1028,(anonymous_60)
FN:1036,(anonymous_61)
FN:1045,(anonymous_62)
FN:1061,(anonymous_63)
FN:1597,escapeHtml
FN:1607,generateFileName
FN:1619,triggerDownload
FN:1631,(anonymous_67)
FNF:68
FNH:0
FNDA:0,getContrastColor
FNDA:0,fetchTasks
FNDA:0,(anonymous_2)
FNDA:0,(anonymous_3)
FNDA:0,fetchProjects
FNDA:0,fetchLabels
FNDA:0,generateCSV
FNDA:0,(anonymous_7)
FNDA:0,(anonymous_8)
FNDA:0,(anonymous_9)
FNDA:0,(anonymous_10)
FNDA:0,escapeCsvField
FNDA:0,generateHTML
FNDA:0,(anonymous_13)
FNDA:0,(anonymous_14)
FNDA:0,(anonymous_15)
FNDA:0,(anonymous_16)
FNDA:0,(anonymous_17)
FNDA:0,(anonymous_18)
FNDA:0,(anonymous_19)
FNDA:0,(anonymous_20)
FNDA:0,(anonymous_21)
FNDA:0,(anonymous_22)
FNDA:0,(anonymous_23)
FNDA:0,(anonymous_24)
FNDA:0,(anonymous_25)
FNDA:0,(anonymous_26)
FNDA:0,(anonymous_27)
FNDA:0,(anonymous_28)
FNDA:0,(anonymous_29)
FNDA:0,(anonymous_30)
FNDA:0,(anonymous_31)
FNDA:0,(anonymous_32)
FNDA:0,(anonymous_33)
FNDA:0,(anonymous_34)
FNDA:0,(anonymous_35)
FNDA:0,(anonymous_36)
FNDA:0,(anonymous_37)
FNDA:0,(anonymous_38)
FNDA:0,(anonymous_39)
FNDA:0,(anonymous_40)
FNDA:0,(anonymous_41)
FNDA:0,(anonymous_42)
FNDA:0,(anonymous_43)
FNDA:0,(anonymous_44)
FNDA:0,(anonymous_45)
FNDA:0,(anonymous_46)
FNDA:0,(anonymous_47)
FNDA:0,(anonymous_48)
FNDA:0,(anonymous_49)
FNDA:0,(anonymous_50)
FNDA:0,(anonymous_51)
FNDA:0,(anonymous_52)
FNDA:0,(anonymous_53)
FNDA:0,(anonymous_54)
FNDA:0,(anonymous_55)
FNDA:0,(anonymous_56)
FNDA:0,(anonymous_57)
FNDA:0,(anonymous_58)
FNDA:0,(anonymous_59)
FNDA:0,(anonymous_60)
FNDA:0,(anonymous_61)
FNDA:0,(anonymous_62)
FNDA:0,(anonymous_63)
FNDA:0,escapeHtml
FNDA:0,generateFileName
FNDA:0,triggerDownload
FNDA:0,(anonymous_67)
DA:28,0
DA:29,0
DA:33,0
DA:34,0
DA:35,0
DA:36,0
DA:37,0
DA:38,0
DA:39,0
DA:40,0
DA:41,0
DA:46,0
DA:49,0
DA:53,0
DA:54,0
DA:56,0
DA:59,0
DA:60,0
DA:61,0
DA:65,0
DA:66,0
DA:67,0
DA:71,0
DA:72,0
DA:73,0
DA:79,0
DA:81,0
DA:82,0
DA:83,0
DA:86,0
DA:89,0
DA:90,0
DA:91,0
DA:92,0
DA:94,0
DA:95,0
DA:99,0
DA:100,0
DA:101,0
DA:105,0
DA:107,0
DA:108,0
DA:113,0
DA:114,0
DA:115,0
DA:116,0
DA:119,0
DA:120,0
DA:122,0
DA:123,0
DA:128,0
DA:129,0
DA:130,0
DA:131,0
DA:134,0
DA:135,0
DA:137,0
DA:138,0
DA:143,0
DA:144,0
DA:146,0
DA:148,0
DA:162,0
DA:164,0
DA:165,0
DA:167,0
DA:168,0
DA:169,0
DA:174,0
DA:175,0
DA:178,0
DA:180,0
DA:188,0
DA:197,0
DA:198,0
DA:199,0
DA:206,0
DA:210,0
DA:211,0
DA:213,0
DA:214,0
DA:215,0
DA:217,0
DA:218,0
DA:219,0
DA:221,0
DA:222,0
DA:223,0
DA:224,0
DA:226,0
DA:228,0
DA:232,0
DA:233,0
DA:234,0
DA:235,0
DA:236,0
DA:237,0
DA:238,0
DA:239,0
DA:240,0
DA:242,0
DA:243,0
DA:244,0
DA:247,0
DA:248,0
DA:249,0
DA:250,0
DA:252,0
DA:257,0
DA:258,0
DA:259,0
DA:260,0
DA:261,0
DA:262,0
DA:263,0
DA:264,0
DA:265,0
DA:266,0
DA:267,0
DA:269,0
DA:272,0
DA:276,0
DA:278,0
DA:279,0
DA:282,0
DA:286,0
DA:287,0
DA:289,0
DA:297,0
DA:305,0
DA:313,0
DA:323,0
DA:328,0
DA:336,0
DA:337,0
DA:338,0
DA:347,0
DA:348,0
DA:349,0
DA:350,0
DA:358,0
DA:366,0
DA:368,0
DA:369,0
DA:370,0
DA:372,0
DA:380,0
DA:390,0
DA:392,0
DA:393,0
DA:395,0
DA:404,0
DA:405,0
DA:406,0
DA:407,0
DA:408,0
DA:417,0
DA:425,0
DA:427,0
DA:435,0
DA:443,0
DA:444,0
DA:445,0
DA:447,0
DA:456,0
DA:458,0
DA:459,0
DA:460,0
DA:461,0
DA:463,0
DA:464,0
DA:465,0
DA:467,0
DA:468,0
DA:469,0
DA:470,0
DA:472,0
DA:474,0
DA:483,0
DA:490,0
DA:495,0
DA:497,0
DA:498,0
DA:504,0
DA:506,0
DA:507,0
DA:508,0
DA:510,0
DA:511,0
DA:514,0
DA:517,0
DA:520,0
DA:521,0
DA:523,0
DA:524,0
DA:525,0
DA:526,0
DA:528,0
DA:529,0
DA:530,0
DA:531,0
DA:532,0
DA:534,0
DA:538,0
DA:539,0
DA:540,0
DA:541,0
DA:543,0
DA:548,0
DA:549,0
DA:550,0
DA:552,0
DA:553,0
DA:554,0
DA:561,0
DA:562,0
DA:563,0
DA:564,0
DA:568,0
DA:571,0
DA:572,0
DA:574,0
DA:575,0
DA:576,0
DA:577,0
DA:581,0
DA:582,0
DA:583,0
DA:584,0
DA:586,0
DA:587,0
DA:588,0
DA:590,0
DA:591,0
DA:592,0
DA:593,0
DA:595,0
DA:597,0
DA:601,0
DA:603,0
DA:608,0
DA:610,0
DA:611,0
DA:612,0
DA:613,0
DA:614,0
DA:619,0
DA:624,0
DA:625,0
DA:631,0
DA:632,0
DA:635,0
DA:636,0
DA:639,0
DA:646,0
DA:648,0
DA:649,0
DA:651,0
DA:652,0
DA:655,0
DA:656,0
DA:659,0
DA:667,0
DA:714,0
DA:715,0
DA:717,0
DA:732,0
DA:734,0
DA:748,0
DA:755,0
DA:757,0
DA:771,0
DA:861,0
DA:863,0
DA:864,0
DA:897,0
DA:904,0
DA:1010,0
DA:1011,0
DA:1012,0
DA:1014,0
DA:1015,0
DA:1016,0
DA:1017,0
DA:1020,0
DA:1023,0
DA:1024,0
DA:1025,0
DA:1026,0
DA:1028,0
DA:1029,0
DA:1032,0
DA:1035,0
DA:1036,0
DA:1037,0
DA:1040,0
DA:1041,0
DA:1045,0
DA:1052,0
DA:1061,0
DA:1062,0
DA:1063,0
DA:1064,0
DA:1066,0
DA:1067,0
DA:1071,0
DA:1598,0
DA:1599,0
DA:1608,0
DA:1609,0
DA:1610,0
DA:1612,0
DA:1613,0
DA:1616,0
DA:1620,0
DA:1622,0
DA:1624,0
DA:1625,0
DA:1626,0
DA:1628,0
DA:1629,0
DA:1631,0
DA:1632,0
DA:1633,0
LF:324
LH:0
BRDA:28,0,0,0
BRDA:28,0,1,0
BRDA:28,1,0,0
BRDA:28,1,1,0
BRDA:34,2,0,0
BRDA:34,2,1,0
BRDA:38,3,0,0
BRDA:38,3,1,0
BRDA:49,4,0,0
BRDA:49,4,1,0
BRDA:56,5,0,0
BRDA:56,5,1,0
BRDA:59,6,0,0
BRDA:59,6,1,0
BRDA:59,7,0,0
BRDA:59,7,1,0
BRDA:59,7,2,0
BRDA:65,8,0,0
BRDA:65,8,1,0
BRDA:65,9,0,0
BRDA:65,9,1,0
BRDA:65,9,2,0
BRDA:71,10,0,0
BRDA:71,10,1,0
BRDA:71,11,0,0
BRDA:71,11,1,0
BRDA:71,11,2,0
BRDA:81,12,0,0
BRDA:81,12,1,0
BRDA:89,13,0,0
BRDA:89,13,1,0
BRDA:89,14,0,0
BRDA:89,14,1,0
BRDA:91,15,0,0
BRDA:91,15,1,0
BRDA:92,16,0,0
BRDA:92,16,1,0
BRDA:95,17,0,0
BRDA:95,17,1,0
BRDA:99,18,0,0
BRDA:99,18,1,0
BRDA:100,19,0,0
BRDA:100,19,1,0
BRDA:105,20,0,0
BRDA:105,20,1,0
BRDA:115,21,0,0
BRDA:115,21,1,0
BRDA:120,22,0,0
BRDA:120,22,1,0
BRDA:130,23,0,0
BRDA:130,23,1,0
BRDA:135,24,0,0
BRDA:135,24,1,0
BRDA:143,25,0,0
BRDA:143,25,1,0
BRDA:164,26,0,0
BRDA:164,26,1,0
BRDA:168,27,0,0
BRDA:168,27,1,0
BRDA:174,28,0,0
BRDA:174,28,1,0
BRDA:174,29,0,0
BRDA:174,29,1,0
BRDA:198,30,0,0
BRDA:198,30,1,0
BRDA:206,31,0,0
BRDA:206,31,1,0
BRDA:211,32,0,0
BRDA:211,32,1,0
BRDA:217,33,0,0
BRDA:217,33,1,0
BRDA:218,34,0,0
BRDA:218,34,1,0
BRDA:218,35,0,0
BRDA:218,35,1,0
BRDA:219,36,0,0
BRDA:219,36,1,0
BRDA:219,37,0,0
BRDA:219,37,1,0
BRDA:222,38,0,0
BRDA:222,38,1,0
BRDA:223,39,0,0
BRDA:223,39,1,0
BRDA:233,40,0,0
BRDA:233,40,1,0
BRDA:234,41,0,0
BRDA:234,41,1,0
BRDA:234,42,0,0
BRDA:234,42,1,0
BRDA:235,43,0,0
BRDA:235,43,1,0
BRDA:236,44,0,0
BRDA:236,44,1,0
BRDA:236,45,0,0
BRDA:236,45,1,0
BRDA:239,46,0,0
BRDA:239,46,1,0
BRDA:240,47,0,0
BRDA:240,47,1,0
BRDA:243,48,0,0
BRDA:243,48,1,0
BRDA:243,49,0,0
BRDA:243,49,1,0
BRDA:248,50,0,0
BRDA:248,50,1,0
BRDA:249,51,0,0
BRDA:249,51,1,0
BRDA:257,52,0,0
BRDA:257,52,1,0
BRDA:257,53,0,0
BRDA:257,53,1,0
BRDA:258,54,0,0
BRDA:258,54,1,0
BRDA:258,55,0,0
BRDA:258,55,1,0
BRDA:259,56,0,0
BRDA:259,56,1,0
BRDA:259,57,0,0
BRDA:259,57,1,0
BRDA:260,58,0,0
BRDA:260,58,1,0
BRDA:260,59,0,0
BRDA:260,59,1,0
BRDA:261,60,0,0
BRDA:261,60,1,0
BRDA:261,61,0,0
BRDA:261,61,1,0
BRDA:262,62,0,0
BRDA:262,62,1,0
BRDA:262,63,0,0
BRDA:262,63,1,0
BRDA:263,64,0,0
BRDA:263,64,1,0
BRDA:263,65,0,0
BRDA:263,65,1,0
BRDA:264,66,0,0
BRDA:264,66,1,0
BRDA:264,67,0,0
BRDA:264,67,1,0
BRDA:265,68,0,0
BRDA:265,68,1,0
BRDA:265,69,0,0
BRDA:265,69,1,0
BRDA:266,70,0,0
BRDA:266,70,1,0
BRDA:266,71,0,0
BRDA:266,71,1,0
BRDA:267,72,0,0
BRDA:267,72,1,0
BRDA:267,73,0,0
BRDA:267,73,1,0
BRDA:276,74,0,0
BRDA:276,74,1,0
BRDA:278,75,0,0
BRDA:278,75,1,0
BRDA:278,76,0,0
BRDA:278,76,1,0
BRDA:278,76,2,0
BRDA:286,77,0,0
BRDA:286,77,1,0
BRDA:336,78,0,0
BRDA:336,78,1,0
BRDA:337,79,0,0
BRDA:337,79,1,0
BRDA:345,80,0,0
BRDA:345,80,1,0
BRDA:347,81,0,0
BRDA:347,81,1,0
BRDA:348,82,0,0
BRDA:348,82,1,0
BRDA:349,83,0,0
BRDA:349,83,1,0
BRDA:357,84,0,0
BRDA:357,84,1,0
BRDA:358,85,0,0
BRDA:358,85,1,0
BRDA:364,86,0,0
BRDA:364,86,1,0
BRDA:366,87,0,0
BRDA:366,87,1,0
BRDA:368,88,0,0
BRDA:368,88,1,0
BRDA:369,89,0,0
BRDA:369,89,1,0
BRDA:379,90,0,0
BRDA:379,90,1,0
BRDA:380,91,0,0
BRDA:380,91,1,0
BRDA:388,92,0,0
BRDA:388,92,1,0
BRDA:390,93,0,0
BRDA:390,93,1,0
BRDA:392,94,0,0
BRDA:392,94,1,0
BRDA:402,95,0,0
BRDA:402,95,1,0
BRDA:404,96,0,0
BRDA:404,96,1,0
BRDA:404,97,0,0
BRDA:404,97,1,0
BRDA:406,98,0,0
BRDA:406,98,1,0
BRDA:416,99,0,0
BRDA:416,99,1,0
BRDA:417,100,0,0
BRDA:417,100,1,0
BRDA:417,101,0,0
BRDA:417,101,1,0
BRDA:423,102,0,0
BRDA:423,102,1,0
BRDA:425,103,0,0
BRDA:425,103,1,0
BRDA:443,104,0,0
BRDA:443,104,1,0
BRDA:444,105,0,0
BRDA:444,105,1,0
BRDA:454,106,0,0
BRDA:454,106,1,0
BRDA:456,107,0,0
BRDA:456,107,1,0
BRDA:463,108,0,0
BRDA:463,108,1,0
BRDA:464,109,0,0
BRDA:464,109,1,0
BRDA:464,110,0,0
BRDA:464,110,1,0
BRDA:465,111,0,0
BRDA:465,111,1,0
BRDA:465,112,0,0
BRDA:465,112,1,0
BRDA:468,113,0,0
BRDA:468,113,1,0
BRDA:469,114,0,0
BRDA:469,114,1,0
BRDA:482,115,0,0
BRDA:482,115,1,0
BRDA:483,116,0,0
BRDA:483,116,1,0
BRDA:489,117,0,0
BRDA:489,117,1,0
BRDA:490,118,0,0
BRDA:490,118,1,0
BRDA:498,119,0,0
BRDA:498,119,1,0
BRDA:506,120,0,0
BRDA:506,120,1,0
BRDA:506,121,0,0
BRDA:506,121,1,0
BRDA:508,122,0,0
BRDA:508,122,1,0
BRDA:511,123,0,0
BRDA:511,123,1,0
BRDA:523,124,0,0
BRDA:523,124,1,0
BRDA:523,125,0,0
BRDA:523,125,1,0
BRDA:526,126,0,0
BRDA:526,126,1,0
BRDA:530,127,0,0
BRDA:530,127,1,0
BRDA:531,128,0,0
BRDA:531,128,1,0
BRDA:532,129,0,0
BRDA:532,129,1,0
BRDA:534,130,0,0
BRDA:534,130,1,0
BRDA:540,131,0,0
BRDA:540,131,1,0
BRDA:541,132,0,0
BRDA:541,132,1,0
BRDA:543,133,0,0
BRDA:543,133,1,0
BRDA:553,134,0,0
BRDA:553,134,1,0
BRDA:561,135,0,0
BRDA:561,135,1,0
BRDA:562,136,0,0
BRDA:562,136,1,0
BRDA:568,137,0,0
BRDA:568,137,1,0
BRDA:575,138,0,0
BRDA:575,138,1,0
BRDA:586,139,0,0
BRDA:586,139,1,0
BRDA:587,140,0,0
BRDA:587,140,1,0
BRDA:587,141,0,0
BRDA:587,141,1,0
BRDA:588,142,0,0
BRDA:588,142,1,0
BRDA:588,143,0,0
BRDA:588,143,1,0
BRDA:591,144,0,0
BRDA:591,144,1,0
BRDA:592,145,0,0
BRDA:592,145,1,0
BRDA:601,146,0,0
BRDA:601,146,1,0
BRDA:610,147,0,0
BRDA:610,147,1,0
BRDA:612,148,0,0
BRDA:612,148,1,0
BRDA:614,149,0,0
BRDA:614,149,1,0
BRDA:625,150,0,0
BRDA:625,150,1,0
BRDA:651,151,0,0
BRDA:651,151,1,0
BRDA:687,152,0,0
BRDA:687,152,1,0
BRDA:697,153,0,0
BRDA:697,153,1,0
BRDA:715,154,0,0
BRDA:715,154,1,0
BRDA:727,155,0,0
BRDA:727,155,1,0
BRDA:736,156,0,0
BRDA:736,156,1,0
BRDA:743,157,0,0
BRDA:743,157,1,0
BRDA:755,158,0,0
BRDA:755,158,1,0
BRDA:790,159,0,0
BRDA:790,159,1,0
BRDA:799,160,0,0
BRDA:799,160,1,0
BRDA:808,161,0,0
BRDA:808,161,1,0
BRDA:887,162,0,0
BRDA:887,162,1,0
BRDA:904,163,0,0
BRDA:904,163,1,0
BRDA:936,164,0,0
BRDA:936,164,1,0
BRDA:971,165,0,0
BRDA:971,165,1,0
BRDA:1011,166,0,0
BRDA:1011,166,1,0
BRDA:1014,167,0,0
BRDA:1014,167,1,0
BRDA:1014,168,0,0
BRDA:1014,168,1,0
BRDA:1016,169,0,0
BRDA:1016,169,1,0
BRDA:1017,170,0,0
BRDA:1017,170,1,0
BRDA:1023,171,0,0
BRDA:1023,171,1,0
BRDA:1023,172,0,0
BRDA:1023,172,1,0
BRDA:1026,173,0,0
BRDA:1026,173,1,0
BRDA:1029,174,0,0
BRDA:1029,174,1,0
BRDA:1035,175,0,0
BRDA:1035,175,1,0
BRDA:1035,176,0,0
BRDA:1035,176,1,0
BRDA:1036,177,0,0
BRDA:1036,177,1,0
BRDA:1040,178,0,0
BRDA:1040,178,1,0
BRDA:1598,179,0,0
BRDA:1598,179,1,0
BRDA:1612,180,0,0
BRDA:1612,180,1,0
BRF:366
BRH:0
end_of_record
TN:
SF:app/app/settings/loading.tsx
FN:4,Loading
FNF:1
FNH:0
FNDA:0,Loading
DA:5,0
LF:1
LH:0
BRF:0
BRH:0
end_of_record
TN:
SF:app/app/settings/page.tsx
FN:6,SettingsPage
FNF:1
FNH:0
FNDA:0,SettingsPage
DA:12,0
DA:13,0
DA:18,0
LF:3
LH:0
BRF:0
BRH:0
end_of_record
TN:
SF:app/app/storage/loading.tsx
FN:4,Loading
FNF:1
FNH:0
FNDA:0,Loading
DA:5,0
LF:1
LH:0
BRF:0
BRH:0
end_of_record
TN:
SF:app/app/storage/page.tsx
FN:8,generateMetadata
FN:25,StoragePage
FNF:2
FNH:0
FNDA:0,generateMetadata
FNDA:0,StoragePage
DA:9,0
DA:10,0
DA:11,0
DA:13,0
DA:14,0
DA:18,0
DA:20,0
DA:26,0
DA:28,0
DA:29,0
DA:30,0
DA:32,0
DA:33,0
DA:39,0
DA:42,0
LF:15
LH:0
BRDA:13,0,0,0
BRDA:13,0,1,0
BRDA:13,1,0,0
BRDA:13,1,1,0
BRDA:32,2,0,0
BRDA:32,2,1,0
BRDA:32,3,0,0
BRDA:32,3,1,0
BRF:8
BRH:0
end_of_record
TN:
SF:app/app/todo/page.tsx
FN:10,TodoPage
FNF:1
FNH:0
FNDA:0,TodoPage
DA:11,0
DA:12,0
DA:14,0
DA:15,0
DA:17,0
LF:5
LH:0
BRDA:15,0,0,0
BRDA:15,0,1,0
BRDA:61,1,0,0
BRDA:61,1,1,0
BRF:4
BRH:0
end_of_record
TN:
SF:app/app/upcoming/page.tsx
FN:12,generateMetadata
FN:29,UpcomingPage
FNF:2
FNH:0
FNDA:0,generateMetadata
FNDA:0,UpcomingPage
DA:13,0
DA:14,0
DA:15,0
DA:17,0
DA:18,0
DA:22,0
DA:24,0
DA:30,0
DA:31,0
DA:33,0
DA:34,0
DA:35,0
DA:38,0
DA:39,0
DA:45,0
DA:48,0
LF:16
LH:0
BRDA:17,0,0,0
BRDA:17,0,1,0
BRDA:17,1,0,0
BRDA:17,1,1,0
BRDA:38,2,0,0
BRDA:38,2,1,0
BRDA:38,3,0,0
BRDA:38,3,1,0
BRF:8
BRH:0
end_of_record
TN:
SF:app/components/spotify-player-wrapper.tsx
FN:9,(anonymous_0)
FN:13,SpotifyPlayerWrapper
FN:18,(anonymous_2)
FN:37,(anonymous_3)
FN:42,(anonymous_4)
FN:49,(anonymous_5)
FNF:6
FNH:0
FNDA:0,(anonymous_0)
FNDA:0,SpotifyPlayerWrapper
FNDA:0,(anonymous_2)
FNDA:0,(anonymous_3)
FNDA:0,(anonymous_4)
FNDA:0,(anonymous_5)
DA:8,0
DA:9,0
DA:14,0
DA:15,0
DA:18,0
DA:19,0
DA:20,0
DA:21,0
DA:22,0
DA:25,0
DA:26,0
DA:28,0
DA:32,0
DA:33,0
DA:37,0
DA:39,0
DA:42,0
DA:44,0
DA:47,0
DA:49,0
DA:50,0
DA:55,0
DA:57,0
DA:60,0
LF:24
LH:0
BRDA:21,0,0,0
BRDA:21,0,1,0
BRDA:25,1,0,0
BRDA:25,1,1,0
BRDA:25,2,0,0
BRDA:25,2,1,0
BRDA:55,3,0,0
BRDA:55,3,1,0
BRF:8
BRH:0
end_of_record
TN:
SF:app/forgot-password/page.tsx
FN:6,generateMetadata
FN:22,ForgotPasswordPage
FNF:2
FNH:0
FNDA:0,generateMetadata
FNDA:0,ForgotPasswordPage
DA:7,0
DA:8,0
DA:9,0
DA:11,0
DA:12,0
DA:15,0
DA:17,0
DA:23,0
LF:8
LH:0
BRDA:11,0,0,0
BRDA:11,0,1,0
BRDA:11,1,0,0
BRDA:11,1,1,0
BRF:4
BRH:0
end_of_record
TN:
SF:app/lib/auth.ts
FN:16,(anonymous_0)
FN:56,(anonymous_1)
FN:64,(anonymous_2)
FNF:3
FNH:0
FNDA:0,(anonymous_0)
FNDA:0,(anonymous_1)
FNDA:0,(anonymous_2)
DA:7,0
DA:17,0
DA:18,0
DA:21,0
DA:27,0
DA:28,0
DA:31,0
DA:36,0
DA:37,0
DA:40,0
DA:57,0
DA:58,0
DA:59,0
DA:60,0
DA:62,0
DA:65,0
DA:71,0
DA:72,0
DA:73,0
DA:75,0
DA:78,0
LF:21
LH:0
BRDA:17,0,0,0
BRDA:17,0,1,0
BRDA:17,1,0,0
BRDA:17,1,1,0
BRDA:27,2,0,0
BRDA:27,2,1,0
BRDA:27,3,0,0
BRDA:27,3,1,0
BRDA:36,4,0,0
BRDA:36,4,1,0
BRDA:57,5,0,0
BRDA:57,5,1,0
BRDA:71,6,0,0
BRDA:71,6,1,0
BRDA:72,7,0,0
BRDA:72,7,1,0
BRF:16
BRH:0
end_of_record
TN:
SF:app/lib/prisma.ts
FNF:0
FNH:0
DA:9,0
DA:17,0
DA:18,0
LF:3
LH:0
BRDA:9,0,0,0
BRDA:9,0,1,0
BRDA:10,1,0,0
BRDA:10,1,1,0
BRDA:17,2,0,0
BRDA:17,2,1,0
BRF:6
BRH:0
end_of_record
TN:
SF:app/login/page.tsx
FN:9,LoginPage
FNF:1
FNH:0
FNDA:0,LoginPage
DA:10,0
DA:12,0
DA:13,0
DA:17,0
DA:18,0
DA:19,0
DA:21,0
DA:22,0
DA:23,0
DA:24,0
DA:25,0
DA:28,0
DA:33,0
LF:13
LH:0
BRDA:12,0,0,0
BRDA:12,0,1,0
BRDA:21,1,0,0
BRDA:21,1,1,0
BRDA:24,2,0,0
BRDA:24,2,1,0
BRDA:24,3,0,0
BRDA:24,3,1,0
BRF:8
BRH:0
end_of_record
TN:
SF:app/register/page.tsx
FN:7,RegisterPage
FNF:1
FNH:0
FNDA:0,RegisterPage
DA:8,0
DA:10,0
DA:11,0
DA:14,0
DA:15,0
DA:16,0
DA:18,0
DA:19,0
DA:20,0
DA:21,0
DA:22,0
DA:25,0
DA:29,0
LF:13
LH:0
BRDA:10,0,0,0
BRDA:10,0,1,0
BRDA:18,1,0,0
BRDA:18,1,1,0
BRDA:21,2,0,0
BRDA:21,2,1,0
BRDA:21,3,0,0
BRDA:21,3,1,0
BRF:8
BRH:0
end_of_record
TN:
SF:app/reset-password/page.tsx
FN:6,generateMetadata
FN:26,ResetPasswordPage
FNF:2
FNH:0
FNDA:0,generateMetadata
FNDA:0,ResetPasswordPage
DA:7,0
DA:8,0
DA:9,0
DA:11,0
DA:12,0
DA:15,0
DA:17,0
DA:27,0
DA:29,0
LF:9
LH:0
BRDA:11,0,0,0
BRDA:11,0,1,0
BRDA:11,1,0,0
BRDA:11,1,1,0
BRDA:27,2,0,0
BRDA:27,2,1,0
BRF:6
BRH:0
end_of_record
TN:
SF:components/Todo.tsx
FN:26,getPointsColor
FN:38,getPointsLabel
FN:50,getPriorityColor
FN:60,formatDueDate
FN:68,(anonymous_4)
FN:93,Todo
FN:103,(anonymous_6)
FN:111,(anonymous_7)
FN:127,(anonymous_8)
FN:130,(anonymous_9)
FN:138,(anonymous_10)
FN:147,(anonymous_11)
FN:155,(anonymous_12)
FN:172,(anonymous_13)
FN:180,(anonymous_14)
FN:197,(anonymous_15)
FNF:16
FNH:15
FNDA:25,getPointsColor
FNDA:25,getPointsLabel
FNDA:25,getPriorityColor
FNDA:25,formatDueDate
FNDA:27,(anonymous_4)
FNDA:29,Todo
FNDA:14,(anonymous_6)
FNDA:28,(anonymous_7)
FNDA:28,(anonymous_8)
FNDA:0,(anonymous_9)
FNDA:12,(anonymous_10)
FNDA:3,(anonymous_11)
FNDA:1,(anonymous_12)
FNDA:3,(anonymous_13)
FNDA:1,(anonymous_14)
FNDA:1,(anonymous_15)
DA:27,25
DA:28,0
DA:29,0
DA:30,23
DA:31,0
DA:32,2
DA:33,0
DA:39,25
DA:40,0
DA:41,0
DA:42,23
DA:43,0
DA:44,2
DA:45,0
DA:51,25
DA:52,2
DA:53,23
DA:54,0
DA:55,0
DA:61,25
DA:63,25
DA:64,25
DA:65,25
DA:66,25
DA:68,25
DA:69,27
DA:75,25
DA:76,25
DA:78,25
DA:79,23
DA:82,2
DA:83,2
DA:87,0
DA:94,29
DA:95,29
DA:96,29
DA:97,29
DA:100,29
DA:103,29
DA:104,14
DA:108,29
DA:111,29
DA:112,28
DA:114,14
DA:115,14
DA:116,2
DA:117,2
DA:118,1
DA:121,14
DA:123,0
DA:127,29
DA:128,28
DA:130,12
DA:131,0
DA:132,0
DA:134,0
DA:138,12
DA:141,29
DA:143,29
DA:144,4
DA:147,25
DA:148,3
DA:149,3
DA:150,1
DA:152,2
DA:153,2
DA:156,1
DA:160,1
DA:163,1
DA:172,25
DA:173,3
DA:174,3
DA:175,1
DA:177,2
DA:178,2
DA:181,1
DA:185,1
DA:188,1
DA:197,25
DA:198,1
DA:199,1
DA:203,25
LF:82
LH:67
BRDA:27,0,0,0
BRDA:27,0,1,0
BRDA:27,0,2,23
BRDA:27,0,3,0
BRDA:27,0,4,2
BRDA:27,0,5,0
BRDA:39,1,0,0
BRDA:39,1,1,0
BRDA:39,1,2,23
BRDA:39,1,3,0
BRDA:39,1,4,2
BRDA:39,1,5,0
BRDA:51,2,0,2
BRDA:51,2,1,23
BRDA:51,2,2,0
BRDA:51,2,3,0
BRDA:61,3,0,0
BRDA:61,3,1,25
BRDA:69,4,0,27
BRDA:69,4,1,25
BRDA:69,4,2,25
BRDA:75,5,0,25
BRDA:75,5,1,0
BRDA:76,6,0,25
BRDA:76,6,1,0
BRDA:78,7,0,23
BRDA:78,7,1,2
BRDA:79,8,0,23
BRDA:79,8,1,0
BRDA:80,9,0,23
BRDA:80,9,1,0
BRDA:81,10,0,0
BRDA:81,10,1,0
BRDA:82,11,0,2
BRDA:82,11,1,0
BRDA:83,12,0,2
BRDA:83,12,1,0
BRDA:84,13,0,2
BRDA:84,13,1,0
BRDA:85,14,0,0
BRDA:85,14,1,0
BRDA:87,15,0,0
BRDA:87,15,1,0
BRDA:112,16,0,14
BRDA:112,16,1,14
BRDA:112,17,0,28
BRDA:112,17,1,14
BRDA:115,18,0,2
BRDA:115,18,1,12
BRDA:115,19,0,14
BRDA:115,19,1,2
BRDA:117,20,0,1
BRDA:117,20,1,1
BRDA:128,21,0,16
BRDA:128,21,1,12
BRDA:128,22,0,28
BRDA:128,22,1,14
BRDA:141,23,0,29
BRDA:141,23,1,5
BRDA:143,24,0,4
BRDA:143,24,1,25
BRDA:149,25,0,1
BRDA:149,25,1,2
BRDA:157,26,0,1
BRDA:157,26,1,0
BRDA:158,27,0,1
BRDA:158,27,1,0
BRDA:165,28,0,1
BRDA:165,28,1,0
BRDA:166,29,0,1
BRDA:166,29,1,0
BRDA:174,30,0,1
BRDA:174,30,1,2
BRDA:182,31,0,1
BRDA:182,31,1,0
BRDA:183,32,0,1
BRDA:183,32,1,0
BRDA:190,33,0,1
BRDA:190,33,1,0
BRDA:191,34,0,1
BRDA:191,34,1,0
BRDA:198,35,0,1
BRDA:198,35,1,0
BRDA:207,36,0,2
BRDA:207,36,1,23
BRDA:208,37,0,2
BRDA:208,37,1,23
BRDA:210,38,0,2
BRDA:210,38,1,23
BRDA:213,39,0,2
BRDA:213,39,1,23
BRDA:216,40,0,25
BRDA:216,40,1,2
BRDA:223,41,0,2
BRDA:223,41,1,0
BRDA:230,42,0,25
BRDA:230,42,1,25
BRDA:231,43,0,2
BRDA:231,43,1,23
BRDA:237,44,0,25
BRDA:237,44,1,25
BRDA:243,45,0,25
BRDA:243,45,1,25
BRDA:249,46,0,25
BRDA:249,46,1,25
BRDA:255,47,0,25
BRDA:255,47,1,25
BRDA:269,48,0,25
BRDA:269,48,1,23
BRDA:274,49,0,23
BRDA:274,49,1,0
BRDA:281,50,0,25
BRDA:281,50,1,0
BRF:113
BRH:77
end_of_record
TN:
SF:components/add-label-dialog.tsx
FN:22,AddLabelDialog
FN:27,(anonymous_1)
FNF:2
FNH:0
FNDA:0,AddLabelDialog
FNDA:0,(anonymous_1)
DA:23,0
DA:24,0
DA:25,0
DA:27,0
DA:28,0
DA:29,0
DA:32,0
LF:7
LH:0
BRF:0
BRH:0
end_of_record
TN:
SF:components/add-project-dialog.tsx
FN:33,AddProjectDialog
FN:48,onSubmit
FN:72,(anonymous_2)
FN:88,(anonymous_3)
FN:105,(anonymous_4)
FN:118,(anonymous_5)
FNF:6
FNH:0
FNDA:0,AddProjectDialog
FNDA:0,onSubmit
FNDA:0,(anonymous_2)
FNDA:0,(anonymous_3)
FNDA:0,(anonymous_4)
FNDA:0,(anonymous_5)
DA:26,0
DA:34,0
DA:35,0
DA:36,0
DA:37,0
DA:38,0
DA:40,0
DA:49,0
DA:51,0
DA:53,0
DA:54,0
DA:60,0
DA:61,0
DA:64,0
DA:69,0
DA:70,0
DA:72,0
DA:73,0
DA:77,0
DA:83,0
DA:87,0
DA:89,0
DA:90,0
DA:92,0
DA:106,0
DA:119,0
LF:26
LH:0
BRDA:49,0,0,0
BRDA:49,0,1,0
BRDA:60,1,0,0
BRDA:60,1,1,0
BRDA:89,2,0,0
BRDA:89,2,1,0
BRDA:134,3,0,0
BRDA:134,3,1,0
BRF:8
BRH:0
end_of_record
TN:
SF:components/add-task-dialog.tsx
FN:114,AddTaskDialog
FN:143,(anonymous_1)
FN:168,(anonymous_2)
FN:169,(anonymous_3)
FN:184,(anonymous_4)
FN:205,(anonymous_5)
FN:209,(anonymous_6)
FN:211,(anonymous_7)
FN:218,(anonymous_8)
FN:220,(anonymous_9)
FN:222,(anonymous_10)
FN:225,(anonymous_11)
FN:238,(anonymous_12)
FN:245,(anonymous_13)
FN:262,(anonymous_14)
FN:270,(anonymous_15)
FN:287,(anonymous_16)
FN:294,(anonymous_17)
FN:310,(anonymous_18)
FN:378,(anonymous_19)
FN:386,(anonymous_20)
FN:448,(anonymous_21)
FN:489,(anonymous_22)
FN:534,(anonymous_23)
FN:550,(anonymous_24)
FN:568,(anonymous_25)
FN:592,(anonymous_26)
FN:635,(anonymous_27)
FN:644,(anonymous_28)
FN:647,(anonymous_29)
FN:650,(anonymous_30)
FN:658,(anonymous_31)
FN:664,(anonymous_32)
FN:672,(anonymous_33)
FN:692,(anonymous_34)
FN:702,(anonymous_35)
FN:711,(anonymous_36)
FN:721,(anonymous_37)
FN:742,(anonymous_38)
FN:788,(anonymous_39)
FN:835,(anonymous_40)
FN:839,(anonymous_41)
FN:891,(anonymous_42)
FN:906,(anonymous_43)
FN:923,(anonymous_44)
FN:953,(anonymous_45)
FN:965,(anonymous_46)
FN:971,(anonymous_47)
FN:979,(anonymous_48)
FN:1008,(anonymous_49)
FN:1026,(anonymous_50)
FN:1031,(anonymous_51)
FN:1050,(anonymous_52)
FN:1060,(anonymous_53)
FN:1070,(anonymous_54)
FN:1099,(anonymous_55)
FN:1104,(anonymous_56)
FN:1120,(anonymous_57)
FN:1149,(anonymous_58)
FN:1169,(anonymous_59)
FN:1171,(anonymous_60)
FN:1174,(anonymous_61)
FN:1179,(anonymous_62)
FN:1198,(anonymous_63)
FN:1208,(anonymous_64)
FN:1218,(anonymous_65)
FN:1254,(anonymous_66)
FN:1275,(anonymous_67)
FN:1294,(anonymous_68)
FN:1305,(anonymous_69)
FN:1316,(anonymous_70)
FN:1328,(anonymous_71)
FN:1334,(anonymous_72)
FN:1350,(anonymous_73)
FN:1397,(anonymous_74)
FN:1410,(anonymous_75)
FNF:76
FNH:0
FNDA:0,AddTaskDialog
FNDA:0,(anonymous_1)
FNDA:0,(anonymous_2)
FNDA:0,(anonymous_3)
FNDA:0,(anonymous_4)
FNDA:0,(anonymous_5)
FNDA:0,(anonymous_6)
FNDA:0,(anonymous_7)
FNDA:0,(anonymous_8)
FNDA:0,(anonymous_9)
FNDA:0,(anonymous_10)
FNDA:0,(anonymous_11)
FNDA:0,(anonymous_12)
FNDA:0,(anonymous_13)
FNDA:0,(anonymous_14)
FNDA:0,(anonymous_15)
FNDA:0,(anonymous_16)
FNDA:0,(anonymous_17)
FNDA:0,(anonymous_18)
FNDA:0,(anonymous_19)
FNDA:0,(anonymous_20)
FNDA:0,(anonymous_21)
FNDA:0,(anonymous_22)
FNDA:0,(anonymous_23)
FNDA:0,(anonymous_24)
FNDA:0,(anonymous_25)
FNDA:0,(anonymous_26)
FNDA:0,(anonymous_27)
FNDA:0,(anonymous_28)
FNDA:0,(anonymous_29)
FNDA:0,(anonymous_30)
FNDA:0,(anonymous_31)
FNDA:0,(anonymous_32)
FNDA:0,(anonymous_33)
FNDA:0,(anonymous_34)
FNDA:0,(anonymous_35)
FNDA:0,(anonymous_36)
FNDA:0,(anonymous_37)
FNDA:0,(anonymous_38)
FNDA:0,(anonymous_39)
FNDA:0,(anonymous_40)
FNDA:0,(anonymous_41)
FNDA:0,(anonymous_42)
FNDA:0,(anonymous_43)
FNDA:0,(anonymous_44)
FNDA:0,(anonymous_45)
FNDA:0,(anonymous_46)
FNDA:0,(anonymous_47)
FNDA:0,(anonymous_48)
FNDA:0,(anonymous_49)
FNDA:0,(anonymous_50)
FNDA:0,(anonymous_51)
FNDA:0,(anonymous_52)
FNDA:0,(anonymous_53)
FNDA:0,(anonymous_54)
FNDA:0,(anonymous_55)
FNDA:0,(anonymous_56)
FNDA:0,(anonymous_57)
FNDA:0,(anonymous_58)
FNDA:0,(anonymous_59)
FNDA:0,(anonymous_60)
FNDA:0,(anonymous_61)
FNDA:0,(anonymous_62)
FNDA:0,(anonymous_63)
FNDA:0,(anonymous_64)
FNDA:0,(anonymous_65)
FNDA:0,(anonymous_66)
FNDA:0,(anonymous_67)
FNDA:0,(anonymous_68)
FNDA:0,(anonymous_69)
FNDA:0,(anonymous_70)
FNDA:0,(anonymous_71)
FNDA:0,(anonymous_72)
FNDA:0,(anonymous_73)
FNDA:0,(anonymous_74)
FNDA:0,(anonymous_75)
DA:81,0
DA:120,0
DA:121,0
DA:122,0
DA:123,0
DA:124,0
DA:125,0
DA:126,0
DA:127,0
DA:128,0
DA:129,0
DA:130,0
DA:131,0
DA:132,0
DA:133,0
DA:134,0
DA:135,0
DA:136,0
DA:137,0
DA:138,0
DA:139,0
DA:140,0
DA:141,0
DA:143,0
DA:144,0
DA:145,0
DA:149,0
DA:168,0
DA:169,0
DA:170,0
DA:171,0
DA:172,0
DA:173,0
DA:174,0
DA:175,0
DA:178,0
DA:180,0
DA:184,0
DA:185,0
DA:186,0
DA:187,0
DA:188,0
DA:189,0
DA:190,0
DA:193,0
DA:195,0
DA:199,0
DA:200,0
DA:201,0
DA:205,0
DA:206,0
DA:208,0
DA:209,0
DA:210,0
DA:211,0
DA:213,0
DA:214,0
DA:218,0
DA:219,0
DA:220,0
DA:221,0
DA:222,0
DA:225,0
DA:226,0
DA:227,0
DA:228,0
DA:229,0
DA:230,0
DA:232,0
DA:233,0
DA:234,0
DA:238,0
DA:241,0
DA:245,0
DA:246,0
DA:247,0
DA:248,0
DA:249,0
DA:250,0
DA:252,0
DA:253,0
DA:260,0
DA:262,0
DA:263,0
DA:266,0
DA:270,0
DA:271,0
DA:273,0
DA:279,0
DA:280,0
DA:281,0
DA:282,0
DA:283,0
DA:284,0
DA:287,0
DA:288,0
DA:289,0
DA:290,0
DA:291,0
DA:294,0
DA:298,0
DA:300,0
DA:302,0
DA:304,0
DA:306,0
DA:310,0
DA:313,0
DA:314,0
DA:315,0
DA:317,0
DA:318,0
DA:319,0
DA:324,0
DA:327,0
DA:329,0
DA:330,0
DA:331,0
DA:333,0
DA:338,0
DA:339,0
DA:342,0
DA:343,0
DA:349,0
DA:350,0
DA:352,0
DA:353,0
DA:357,0
DA:360,0
DA:361,0
DA:364,0
DA:369,0
DA:370,0
DA:378,0
DA:379,0
DA:380,0
DA:381,0
DA:382,0
DA:386,0
DA:387,0
DA:388,0
DA:393,0
DA:396,0
DA:397,0
DA:398,0
DA:400,0
DA:401,0
DA:403,0
DA:404,0
DA:409,0
DA:414,0
DA:415,0
DA:416,0
DA:418,0
DA:419,0
DA:421,0
DA:422,0
DA:425,0
DA:430,0
DA:431,0
DA:434,0
DA:435,0
DA:442,0
DA:448,0
DA:456,0
DA:472,0
DA:478,0
DA:479,0
DA:480,0
DA:483,0
DA:484,0
DA:485,0
DA:487,0
DA:488,0
DA:490,0
DA:496,0
DA:497,0
DA:504,0
DA:505,0
DA:506,0
DA:507,0
DA:513,0
DA:514,0
DA:516,0
DA:517,0
DA:523,0
DA:527,0
DA:534,0
DA:551,0
DA:569,0
DA:593,0
DA:635,0
DA:645,0
DA:646,0
DA:647,0
DA:651,0
DA:659,0
DA:665,0
DA:666,0
DA:667,0
DA:669,0
DA:671,0
DA:672,0
DA:673,0
DA:693,0
DA:703,0
DA:713,0
DA:714,0
DA:715,0
DA:721,0
DA:722,0
DA:743,0
DA:789,0
DA:836,0
DA:839,0
DA:892,0
DA:907,0
DA:924,0
DA:954,0
DA:965,0
DA:971,0
DA:979,0
DA:1008,0
DA:1027,0
DA:1032,0
DA:1033,0
DA:1050,0
DA:1061,0
DA:1062,0
DA:1070,0
DA:1100,0
DA:1105,0
DA:1120,0
DA:1149,0
DA:1170,0
DA:1171,0
DA:1175,0
DA:1180,0
DA:1181,0
DA:1198,0
DA:1209,0
DA:1210,0
DA:1218,0
DA:1255,0
DA:1275,0
DA:1294,0
DA:1305,0
DA:1316,0
DA:1328,0
DA:1334,0
DA:1351,0
DA:1352,0
DA:1353,0
DA:1397,0
DA:1410,0
LF:254
LH:0
BRDA:144,0,0,0
BRDA:144,0,1,0
BRDA:158,1,0,0
BRDA:158,1,1,0
BRDA:164,2,0,0
BRDA:164,2,1,0
BRDA:173,3,0,0
BRDA:173,3,1,0
BRDA:188,4,0,0
BRDA:188,4,1,0
BRDA:199,5,0,0
BRDA:199,5,1,0
BRDA:206,6,0,0
BRDA:206,6,1,0
BRDA:208,7,0,0
BRDA:208,7,1,0
BRDA:219,8,0,0
BRDA:219,8,1,0
BRDA:232,9,0,0
BRDA:232,9,1,0
BRDA:233,10,0,0
BRDA:233,10,1,0
BRDA:252,11,0,0
BRDA:252,11,1,0
BRDA:271,12,0,0
BRDA:271,12,1,0
BRDA:276,13,0,0
BRDA:276,13,1,0
BRDA:279,14,0,0
BRDA:279,14,1,0
BRDA:298,15,0,0
BRDA:298,15,1,0
BRDA:300,16,0,0
BRDA:300,16,1,0
BRDA:300,16,2,0
BRDA:315,17,0,0
BRDA:315,17,1,0
BRDA:318,18,0,0
BRDA:318,18,1,0
BRDA:338,19,0,0
BRDA:338,19,1,0
BRDA:360,20,0,0
BRDA:360,20,1,0
BRDA:379,21,0,0
BRDA:379,21,1,0
BRDA:381,22,0,0
BRDA:381,22,1,0
BRDA:387,23,0,0
BRDA:387,23,1,0
BRDA:400,24,0,0
BRDA:400,24,1,0
BRDA:403,25,0,0
BRDA:403,25,1,0
BRDA:414,26,0,0
BRDA:414,26,1,0
BRDA:418,27,0,0
BRDA:418,27,1,0
BRDA:421,28,0,0
BRDA:421,28,1,0
BRDA:421,29,0,0
BRDA:421,29,1,0
BRDA:458,30,0,0
BRDA:458,30,1,0
BRDA:462,31,0,0
BRDA:462,31,1,0
BRDA:462,32,0,0
BRDA:462,32,1,0
BRDA:465,33,0,0
BRDA:465,33,1,0
BRDA:478,34,0,0
BRDA:478,34,1,0
BRDA:485,35,0,0
BRDA:485,35,1,0
BRDA:487,36,0,0
BRDA:487,36,1,0
BRDA:496,37,0,0
BRDA:496,37,1,0
BRDA:504,38,0,0
BRDA:504,38,1,0
BRDA:604,39,0,0
BRDA:604,39,1,0
BRDA:609,40,0,0
BRDA:609,40,1,0
BRDA:610,41,0,0
BRDA:610,41,1,0
BRDA:613,42,0,0
BRDA:613,42,1,0
BRDA:645,43,0,0
BRDA:645,43,1,0
BRDA:666,44,0,0
BRDA:666,44,1,0
BRDA:671,45,0,0
BRDA:671,45,1,0
BRDA:694,46,0,0
BRDA:694,46,1,0
BRDA:701,47,0,0
BRDA:701,47,1,0
BRDA:704,48,0,0
BRDA:704,48,1,0
BRDA:715,49,0,0
BRDA:715,49,1,0
BRDA:716,50,0,0
BRDA:716,50,1,0
BRDA:790,51,0,0
BRDA:790,51,1,0
BRDA:801,52,0,0
BRDA:801,52,1,0
BRDA:803,53,0,0
BRDA:803,53,1,0
BRDA:805,54,0,0
BRDA:805,54,1,0
BRDA:807,55,0,0
BRDA:807,55,1,0
BRDA:809,56,0,0
BRDA:809,56,1,0
BRDA:816,57,0,0
BRDA:816,57,1,0
BRDA:817,58,0,0
BRDA:817,58,1,0
BRDA:818,59,0,0
BRDA:818,59,1,0
BRDA:819,60,0,0
BRDA:819,60,1,0
BRDA:820,61,0,0
BRDA:820,61,1,0
BRDA:821,62,0,0
BRDA:821,62,1,0
BRDA:822,63,0,0
BRDA:822,63,1,0
BRDA:823,64,0,0
BRDA:823,64,1,0
BRDA:824,65,0,0
BRDA:824,65,1,0
BRDA:825,66,0,0
BRDA:825,66,1,0
BRDA:826,67,0,0
BRDA:826,67,1,0
BRDA:841,68,0,0
BRDA:841,68,1,0
BRDA:849,69,0,0
BRDA:849,69,1,0
BRDA:851,70,0,0
BRDA:851,70,1,0
BRDA:853,71,0,0
BRDA:853,71,1,0
BRDA:855,72,0,0
BRDA:855,72,1,0
BRDA:857,73,0,0
BRDA:857,73,1,0
BRDA:863,74,0,0
BRDA:863,74,1,0
BRDA:864,75,0,0
BRDA:864,75,1,0
BRDA:865,76,0,0
BRDA:865,76,1,0
BRDA:866,77,0,0
BRDA:866,77,1,0
BRDA:867,78,0,0
BRDA:867,78,1,0
BRDA:868,79,0,0
BRDA:868,79,1,0
BRDA:869,80,0,0
BRDA:869,80,1,0
BRDA:870,81,0,0
BRDA:870,81,1,0
BRDA:871,82,0,0
BRDA:871,82,1,0
BRDA:872,83,0,0
BRDA:872,83,1,0
BRDA:905,84,0,0
BRDA:905,84,1,0
BRDA:908,85,0,0
BRDA:908,85,1,0
BRDA:957,86,0,0
BRDA:957,86,1,0
BRDA:957,87,0,0
BRDA:957,87,1,0
BRDA:964,88,0,0
BRDA:964,88,1,0
BRDA:970,89,0,0
BRDA:970,89,1,0
BRDA:1017,90,0,0
BRDA:1017,90,1,0
BRDA:1021,91,0,0
BRDA:1021,91,1,0
BRDA:1129,92,0,0
BRDA:1129,92,1,0
BRDA:1158,93,0,0
BRDA:1158,93,1,0
BRDA:1162,94,0,0
BRDA:1162,94,1,0
BRDA:1252,95,0,0
BRDA:1252,95,1,0
BRDA:1260,96,0,0
BRDA:1260,96,1,0
BRDA:1263,97,0,0
BRDA:1263,97,1,0
BRDA:1266,98,0,0
BRDA:1266,98,1,0
BRDA:1285,99,0,0
BRDA:1285,99,1,0
BRDA:1291,100,0,0
BRDA:1291,100,1,0
BRDA:1302,101,0,0
BRDA:1302,101,1,0
BRDA:1313,102,0,0
BRDA:1313,102,1,0
BRDA:1323,103,0,0
BRDA:1323,103,1,0
BRDA:1364,104,0,0
BRDA:1364,104,1,0
BRDA:1368,105,0,0
BRDA:1368,105,1,0
BRDA:1373,106,0,0
BRDA:1373,106,1,0
BRDA:1378,107,0,0
BRDA:1378,107,1,0
BRDA:1389,108,0,0
BRDA:1389,108,1,0
BRDA:1421,109,0,0
BRDA:1421,109,1,0
BRF:221
BRH:0
end_of_record
TN:
SF:components/app-header.tsx
FN:33,AppHeader
FN:40,(anonymous_1)
FN:68,(anonymous_2)
FN:71,(anonymous_3)
FNF:4
FNH:0
FNDA:0,AppHeader
FNDA:0,(anonymous_1)
FNDA:0,(anonymous_2)
FNDA:0,(anonymous_3)
DA:34,0
DA:35,0
DA:36,0
DA:37,0
DA:38,0
DA:40,0
DA:41,0
DA:43,0
DA:44,0
DA:47,0
DA:48,0
DA:50,0
DA:53,0
DA:54,0
DA:57,0
DA:58,0
DA:60,0
DA:68,0
DA:69,0
DA:71,0
DA:76,0
LF:21
LH:0
BRDA:37,0,0,0
BRDA:37,0,1,0
BRDA:150,1,0,0
BRDA:150,1,1,0
BRDA:160,2,0,0
BRDA:160,2,1,0
BRF:6
BRH:0
end_of_record
TN:
SF:components/app-loading.tsx
FN:11,AppLoading
FN:17,(anonymous_1)
FN:21,(anonymous_2)
FN:24,(anonymous_3)
FN:28,(anonymous_4)
FNF:5
FNH:0
FNDA:0,AppLoading
FNDA:0,(anonymous_1)
FNDA:0,(anonymous_2)
FNDA:0,(anonymous_3)
FNDA:0,(anonymous_4)
DA:12,0
DA:13,0
DA:14,0
DA:15,0
DA:17,0
DA:18,0
DA:21,0
DA:22,0
DA:23,0
DA:24,0
DA:25,0
DA:28,0
DA:32,0
DA:33,0
DA:34,0
DA:37,0
DA:38,0
LF:17
LH:0
BRDA:22,0,0,0
BRDA:22,0,1,0
BRDA:22,1,0,0
BRDA:22,1,1,0
BRDA:22,1,2,0
BRDA:32,2,0,0
BRDA:32,2,1,0
BRF:7
BRH:0
end_of_record
TN:
SF:components/app-sidebar.tsx
FN:95,AppSidebar
FN:107,(anonymous_1)
FN:108,(anonymous_2)
FN:115,(anonymous_3)
FN:120,(anonymous_4)
FN:121,(anonymous_5)
FN:149,(anonymous_6)
FN:158,(anonymous_7)
FN:194,(anonymous_8)
FN:245,(anonymous_9)
FNF:10
FNH:0
FNDA:0,AppSidebar
FNDA:0,(anonymous_1)
FNDA:0,(anonymous_2)
FNDA:0,(anonymous_3)
FNDA:0,(anonymous_4)
FNDA:0,(anonymous_5)
FNDA:0,(anonymous_6)
FNDA:0,(anonymous_7)
FNDA:0,(anonymous_8)
FNDA:0,(anonymous_9)
DA:50,0
DA:96,0
DA:97,0
DA:98,0
DA:99,0
DA:100,0
DA:101,0
DA:102,0
DA:103,0
DA:104,0
DA:105,0
DA:107,0
DA:108,0
DA:109,0
DA:112,0
DA:113,0
DA:115,0
DA:116,0
DA:120,0
DA:121,0
DA:122,0
DA:123,0
DA:124,0
DA:125,0
DA:126,0
DA:127,0
DA:130,0
DA:131,0
DA:132,0
DA:133,0
DA:136,0
DA:142,0
DA:146,0
DA:149,0
DA:150,0
DA:159,0
DA:195,0
DA:246,0
DA:277,0
LF:39
LH:0
BRDA:125,0,0,0
BRDA:125,0,1,0
BRDA:131,1,0,0
BRDA:131,1,1,0
BRDA:164,2,0,0
BRDA:164,2,1,0
BRDA:183,3,0,0
BRDA:183,3,1,0
BRDA:187,4,0,0
BRDA:187,4,1,0
BRDA:191,5,0,0
BRDA:191,5,1,0
BRDA:200,6,0,0
BRDA:200,6,1,0
BRDA:207,7,0,0
BRDA:207,7,1,0
BRDA:234,8,0,0
BRDA:234,8,1,0
BRDA:238,9,0,0
BRDA:238,9,1,0
BRDA:242,10,0,0
BRDA:242,10,1,0
BRDA:251,11,0,0
BRDA:251,11,1,0
BRF:24
BRH:0
end_of_record
[...]
BRDA:342,47,1,0
BRDA:342,47,2,0
BRDA:351,48,0,0
BRDA:351,48,1,0
BRF:102
BRH:0
end_of_record
TN:
SF:components/ui/checkbox.tsx
FN:12,(anonymous_0)
FNF:1
FNH:1
FNDA:79,(anonymous_0)
DA:9,2
DA:13,79
DA:28,2
LF:3
LH:3
BRF:0
BRH:0
end_of_record
TN:
SF:components/ui/collapsible.tsx
FNF:0
FNH:0
DA:5,0
DA:7,0
DA:9,0
LF:3
LH:0
BRF:0
BRH:0
end_of_record
TN:
SF:components/ui/command.tsx
FN:16,(anonymous_0)
FN:28,(anonymous_1)
FN:31,(anonymous_2)
FN:53,(anonymous_3)
FN:72,(anonymous_4)
FN:85,(anonymous_5)
FN:98,(anonymous_6)
FN:114,(anonymous_7)
FN:126,(anonymous_8)
FN:139,(anonymous_9)
FNF:10
FNH:0
FNDA:0,(anonymous_0)
FNDA:0,(anonymous_1)
FNDA:0,(anonymous_2)
FNDA:0,(anonymous_3)
FNDA:0,(anonymous_4)
FNDA:0,(anonymous_5)
FNDA:0,(anonymous_6)
FNDA:0,(anonymous_7)
FNDA:0,(anonymous_8)
FNDA:0,(anonymous_9)
DA:13,0
DA:17,0
DA:26,0
DA:28,0
DA:29,0
DA:30,0
DA:31,0
DA:34,0
DA:50,0
DA:54,0
DA:67,0
DA:69,0
DA:73,0
DA:80,0
DA:82,0
DA:86,0
DA:93,0
DA:95,0
DA:99,0
DA:109,0
DA:111,0
DA:115,0
DA:121,0
DA:123,0
DA:127,0
DA:137,0
DA:139,0
DA:143,0
DA:153,0
LF:29
LH:0
BRDA:31,0,0,0
BRDA:31,0,1,0
BRDA:37,1,0,0
BRDA:37,1,1,0
BRF:4
BRH:0
end_of_record
TN:
SF:components/ui/context-menu.tsx
FN:26,(anonymous_0)
FN:45,(anonymous_1)
FN:60,(anonymous_2)
FN:79,(anonymous_3)
FN:95,(anonymous_4)
FN:119,(anonymous_5)
FN:143,(anonymous_6)
FN:159,(anonymous_7)
FN:168,(anonymous_8)
FNF:9
FNH:0
FNDA:0,(anonymous_0)
FNDA:0,(anonymous_1)
FNDA:0,(anonymous_2)
FNDA:0,(anonymous_3)
FNDA:0,(anonymous_4)
FNDA:0,(anonymous_5)
FNDA:0,(anonymous_6)
FNDA:0,(anonymous_7)
FNDA:0,(anonymous_8)
DA:9,0
DA:11,0
DA:13,0
DA:15,0
DA:17,0
DA:19,0
DA:21,0
DA:27,0
DA:40,0
DA:42,0
DA:46,0
DA:55,0
DA:57,0
DA:61,0
DA:72,0
DA:74,0
DA:80,0
DA:90,0
DA:92,0
DA:96,0
DA:113,0
DA:116,0
DA:120,0
DA:136,0
DA:138,0
DA:144,0
DA:154,0
DA:156,0
DA:160,0
DA:166,0
DA:168,0
DA:172,0
DA:182,0
LF:33
LH:0
BRDA:31,0,0,0
BRDA:31,0,1,0
BRDA:84,1,0,0
BRDA:84,1,1,0
BRDA:148,2,0,0
BRDA:148,2,1,0
BRF:6
BRH:0
end_of_record
TN:
SF:components/ui/date-picker.tsx
FN:23,DatePicker
FN:35,(anonymous_1)
FN:45,(anonymous_2)
FNF:3
FNH:0
FNDA:0,DatePicker
FNDA:0,(anonymous_1)
FNDA:0,(anonymous_2)
DA:32,0
DA:34,0
DA:36,0
DA:37,0
DA:38,0
DA:39,0
DA:45,0
DA:46,0
DA:47,0
DA:49,0
DA:50,0
DA:53,0
DA:54,0
DA:56,0
DA:57,0
DA:60,0
DA:63,0
LF:17
LH:0
BRDA:27,0,0,0
BRDA:30,1,0,0
BRDA:36,2,0,0
BRDA:36,2,1,0
BRDA:38,3,0,0
BRDA:38,3,1,0
BRDA:38,4,0,0
BRDA:38,4,1,0
BRDA:38,4,2,0
BRDA:46,5,0,0
BRDA:46,5,1,0
BRDA:46,6,0,0
BRDA:46,6,1,0
BRDA:46,6,2,0
BRDA:46,6,3,0
BRDA:49,7,0,0
BRDA:49,7,1,0
BRDA:49,8,0,0
BRDA:49,8,1,0
BRDA:53,9,0,0
BRDA:53,9,1,0
BRDA:56,10,0,0
BRDA:56,10,1,0
BRDA:56,11,0,0
BRDA:56,11,1,0
BRDA:56,11,2,0
BRDA:56,11,3,0
BRDA:72,12,0,0
BRDA:72,12,1,0
BRDA:80,13,0,0
BRDA:80,13,1,0
BRF:31
BRH:0
end_of_record
TN:
SF:components/ui/dialog.tsx
FN:20,(anonymous_0)
FN:35,(anonymous_1)
FN:56,(anonymous_2)
FN:70,(anonymous_3)
FN:87,(anonymous_4)
FN:102,(anonymous_5)
FNF:6
FNH:0
FNDA:0,(anonymous_0)
FNDA:0,(anonymous_1)
FNDA:0,(anonymous_2)
FNDA:0,(anonymous_3)
FNDA:0,(anonymous_4)
FNDA:0,(anonymous_5)
DA:9,0
DA:11,0
DA:13,0
DA:15,0
DA:17,0
DA:21,0
DA:30,0
DA:32,0
DA:36,0
DA:54,0
DA:56,0
DA:60,0
DA:68,0
DA:70,0
DA:74,0
DA:82,0
DA:84,0
DA:88,0
DA:97,0
DA:99,0
DA:103,0
DA:109,0
LF:22
LH:0
BRF:0
BRH:0
end_of_record
TN:
SF:components/ui/drawer.tsx
FN:8,(anonymous_0)
FN:28,(anonymous_1)
FN:40,(anonymous_2)
FN:58,(anonymous_3)
FN:69,(anonymous_4)
FN:83,(anonymous_5)
FN:98,(anonymous_6)
FNF:7
FNH:0
FNDA:0,(anonymous_0)
FNDA:0,(anonymous_1)
FNDA:0,(anonymous_2)
FNDA:0,(anonymous_3)
FNDA:0,(anonymous_4)
FNDA:0,(anonymous_5)
FNDA:0,(anonymous_6)
DA:8,0
DA:12,0
DA:17,0
DA:19,0
DA:21,0
DA:23,0
DA:25,0
DA:29,0
DA:35,0
DA:37,0
DA:41,0
DA:56,0
DA:58,0
DA:62,0
DA:67,0
DA:69,0
DA:73,0
DA:78,0
DA:80,0
DA:84,0
DA:93,0
DA:95,0
DA:99,0
DA:105,0
LF:24
LH:0
BRDA:9,0,0,0
BRF:1
BRH:0
end_of_record
TN:
SF:components/ui/dropdown-menu.tsx
FN:26,(anonymous_0)
FN:46,(anonymous_1)
FN:62,(anonymous_2)
FN:82,(anonymous_3)
FN:98,(anonymous_4)
FN:122,(anonymous_5)
FN:146,(anonymous_6)
FN:162,(anonymous_7)
FN:171,(anonymous_8)
FNF:9
FNH:0
FNDA:0,(anonymous_0)
FNDA:0,(anonymous_1)
FNDA:0,(anonymous_2)
FNDA:0,(anonymous_3)
FNDA:0,(anonymous_4)
FNDA:0,(anonymous_5)
FNDA:0,(anonymous_6)
FNDA:0,(anonymous_7)
FNDA:0,(anonymous_8)
DA:9,0
DA:11,0
DA:13,0
DA:15,0
DA:17,0
DA:19,0
DA:21,0
DA:27,0
DA:40,0
DA:43,0
DA:47,0
DA:56,0
DA:59,0
DA:63,0
DA:75,0
DA:77,0
DA:83,0
DA:93,0
DA:95,0
DA:99,0
DA:116,0
DA:119,0
DA:123,0
DA:139,0
DA:141,0
DA:147,0
DA:157,0
DA:159,0
DA:163,0
DA:169,0
DA:171,0
DA:175,0
DA:182,0
LF:33
LH:0
BRDA:31,0,0,0
BRDA:31,0,1,0
BRDA:62,1,0,0
BRDA:87,2,0,0
BRDA:87,2,1,0
BRDA:151,3,0,0
BRDA:151,3,1,0
BRF:7
BRH:0
end_of_record
TN:
SF:components/ui/form.tsx
FN:31,(anonymous_0)
FN:44,(anonymous_1)
FN:78,(anonymous_2)
FN:92,(anonymous_3)
FN:109,(anonymous_4)
FN:131,(anonymous_5)
FN:148,(anonymous_6)
FNF:7
FNH:6
FNDA:93,(anonymous_0)
FNDA:248,(anonymous_1)
FNDA:93,(anonymous_2)
FNDA:93,(anonymous_3)
FNDA:93,(anonymous_4)
FNDA:0,(anonymous_5)
FNDA:62,(anonymous_6)
DA:18,1
DA:27,1
DA:31,1
DA:37,93
DA:44,1
DA:45,248
DA:46,248
DA:47,248
DA:49,248
DA:51,248
DA:52,0
DA:55,248
DA:57,248
DA:71,1
DA:75,1
DA:79,93
DA:81,93
DA:87,1
DA:89,1
DA:93,93
DA:95,93
DA:104,1
DA:106,1
DA:110,93
DA:112,93
DA:126,1
DA:128,1
DA:132,0
DA:134,0
DA:143,1
DA:145,1
DA:149,62
DA:150,62
DA:152,62
DA:153,59
DA:156,3
DA:167,1
LF:37
LH:34
BRDA:51,0,0,0
BRDA:51,0,1,248
BRDA:98,1,0,93
BRDA:98,1,1,3
BRDA:117,2,0,90
BRDA:117,2,1,3
BRDA:150,3,0,3
BRDA:150,3,1,59
BRDA:152,4,0,59
BRDA:152,4,1,3
BRF:10
BRH:9
end_of_record
TN:
SF:components/ui/hover-card.tsx
FN:15,(anonymous_0)
FNF:1
FNH:0
FNDA:0,(anonymous_0)
DA:8,0
DA:10,0
DA:12,0
DA:16,0
DA:27,0
LF:5
LH:0
BRDA:15,0,0,0
BRDA:15,1,0,0
BRF:2
BRH:0
end_of_record
TN:
SF:components/ui/input-otp.tsx
FN:12,(anonymous_0)
FN:28,(anonymous_1)
FN:36,(anonymous_2)
FN:64,(anonymous_3)
FNF:4
FNH:0
FNDA:0,(anonymous_0)
FNDA:0,(anonymous_1)
FNDA:0,(anonymous_2)
FNDA:0,(anonymous_3)
DA:9,0
DA:13,0
DA:23,0
DA:25,0
DA:29,0
DA:31,0
DA:33,0
DA:37,0
DA:38,0
DA:40,0
DA:59,0
DA:61,0
DA:65,0
DA:69,0
LF:14
LH:0
BRDA:45,0,0,0
BRDA:45,0,1,0
BRDA:51,1,0,0
BRDA:51,1,1,0
BRF:4
BRH:0
end_of_record
TN:
SF:components/ui/input.tsx
FN:6,(anonymous_0)
FNF:1
FNH:1
FNDA:106,(anonymous_0)
DA:5,2
DA:7,106
DA:20,2
LF:3
LH:3
BRF:0
BRH:0
end_of_record
TN:
SF:components/ui/label.tsx
FN:17,(anonymous_0)
FNF:1
FNH:1
FNDA:93,(anonymous_0)
DA:9,1
DA:13,1
DA:18,93
DA:24,1
LF:4
LH:4
BRF:0
BRH:0
end_of_record
TN:
SF:components/ui/markdown-renderer.tsx
FN:10,MarkdownRenderer
FNF:1
FNH:0
FNDA:0,MarkdownRenderer
DA:11,0
DA:13,0
LF:2
LH:0
BRDA:10,0,0,0
BRDA:11,1,0,0
BRDA:11,1,1,0
BRF:3
BRH:0
end_of_record
TN:
SF:components/ui/menubar.tsx
FN:22,(anonymous_0)
FN:37,(anonymous_1)
FN:54,(anonymous_2)
FN:73,(anonymous_3)
FN:89,(anonymous_4)
FN:115,(anonymous_5)
FN:131,(anonymous_6)
FN:154,(anonymous_7)
FN:178,(anonymous_8)
FN:194,(anonymous_9)
FN:203,(anonymous_10)
FNF:11
FNH:0
FNDA:0,(anonymous_0)
FNDA:0,(anonymous_1)
FNDA:0,(anonymous_2)
FNDA:0,(anonymous_3)
FNDA:0,(anonymous_4)
FNDA:0,(anonymous_5)
FNDA:0,(anonymous_6)
FNDA:0,(anonymous_7)
FNDA:0,(anonymous_8)
FNDA:0,(anonymous_9)
FNDA:0,(anonymous_10)
DA:9,0
DA:11,0
DA:13,0
DA:15,0
DA:17,0
DA:19,0
DA:23,0
DA:32,0
DA:34,0
DA:38,0
DA:47,0
DA:49,0
DA:55,0
DA:68,0
DA:70,0
DA:74,0
DA:83,0
DA:85,0
DA:93,0
DA:108,0
DA:110,0
DA:116,0
DA:126,0
DA:128,0
DA:132,0
DA:149,0
DA:151,0
DA:155,0
DA:171,0
DA:173,0
DA:179,0
DA:189,0
DA:191,0
DA:195,0
DA:201,0
DA:203,0
DA:207,0
DA:217,0
LF:38
LH:0
BRDA:59,0,0,0
BRDA:59,0,1,0
BRDA:90,1,0,0
BRDA:90,2,0,0
BRDA:90,3,0,0
BRDA:120,4,0,0
BRDA:120,4,1,0
BRDA:183,5,0,0
BRDA:183,5,1,0
BRF:9
BRH:0
end_of_record
TN:
SF:components/ui/navigation-menu.tsx
FN:11,(anonymous_0)
FN:29,(anonymous_1)
FN:50,(anonymous_2)
FN:68,(anonymous_3)
FN:85,(anonymous_4)
FN:103,(anonymous_5)
FNF:6
FNH:0
FNDA:0,(anonymous_0)
FNDA:0,(anonymous_1)
FNDA:0,(anonymous_2)
FNDA:0,(anonymous_3)
FNDA:0,(anonymous_4)
FNDA:0,(anonymous_5)
DA:8,0
DA:12,0
DA:24,0
DA:26,0
DA:30,0
DA:39,0
DA:41,0
DA:43,0
DA:47,0
DA:51,0
DA:63,0
DA:65,0
DA:69,0
DA:78,0
DA:80,0
DA:82,0
DA:86,0
DA:97,0
DA:100,0
DA:104,0
DA:115,0
LF:21
LH:0
BRF:0
BRH:0
end_of_record
TN:
SF:components/ui/pagination.tsx
FN:7,(anonymous_0)
FN:20,(anonymous_1)
FN:32,(anonymous_2)
FN:42,(anonymous_3)
FN:62,(anonymous_4)
FN:78,(anonymous_5)
FN:94,(anonymous_6)
FNF:7
FNH:0
FNDA:0,(anonymous_0)
FNDA:0,(anonymous_1)
FNDA:0,(anonymous_2)
FNDA:0,(anonymous_3)
FNDA:0,(anonymous_4)
FNDA:0,(anonymous_5)
FNDA:0,(anonymous_6)
DA:7,0
DA:8,0
DA:15,0
DA:17,0
DA:21,0
DA:27,0
DA:29,0
DA:33,0
DA:35,0
DA:42,0
DA:48,0
DA:60,0
DA:62,0
DA:66,0
DA:76,0
DA:78,0
DA:82,0
DA:92,0
DA:94,0
DA:98,0
DA:107,0
LF:21
LH:0
BRDA:45,0,0,0
BRDA:49,1,0,0
BRDA:49,1,1,0
BRDA:52,2,0,0
BRDA:52,2,1,0
BRF:5
BRH:0
end_of_record
TN:
SF:components/ui/popover.tsx
FN:15,(anonymous_0)
FNF:1
FNH:0
FNDA:0,(anonymous_0)
DA:8,0
DA:10,0
DA:12,0
DA:16,0
DA:29,0
LF:5
LH:0
BRDA:15,0,0,0
BRDA:15,1,0,0
BRF:2
BRH:0
end_of_record
TN:
SF:components/ui/progress.tsx
FN:17,(anonymous_0)
FNF:1
FNH:0
FNDA:0,(anonymous_0)
DA:14,0
DA:18,0
DA:35,0
LF:3
LH:0
BRDA:31,0,0,0
BRDA:31,0,1,0
BRF:2
BRH:0
end_of_record
TN:
SF:components/ui/radio-group.tsx
FN:12,(anonymous_0)
FN:26,(anonymous_1)
FNF:2
FNH:0
FNDA:0,(anonymous_0)
FNDA:0,(anonymous_1)
DA:9,0
DA:13,0
DA:21,0
DA:23,0
DA:27,0
DA:42,0
LF:6
LH:0
BRF:0
BRH:0
end_of_record
TN:
SF:components/ui/resizable.tsx
FN:8,(anonymous_0)
FN:23,(anonymous_1)
FNF:2
FNH:0
FNDA:0,(anonymous_0)
FNDA:0,(anonymous_1)
DA:8,0
DA:12,0
DA:21,0
DA:23,0
DA:30,0
LF:5
LH:0
BRDA:37,0,0,0
BRDA:37,0,1,0
BRF:2
BRH:0
end_of_record
TN:
SF:components/ui/scroll-area.tsx
FN:11,(anonymous_0)
FN:29,(anonymous_1)
FNF:2
FNH:0
FNDA:0,(anonymous_0)
FNDA:0,(anonymous_1)
DA:8,0
DA:12,0
DA:24,0
DA:26,0
DA:30,0
DA:46,0
LF:6
LH:0
BRDA:29,0,0,0
BRDA:35,1,0,0
BRDA:35,1,1,0
BRDA:37,2,0,0
BRDA:37,2,1,0
BRF:5
BRH:0
end_of_record
TN:
SF:components/ui/select.tsx
FN:18,(anonymous_0)
FN:38,(anonymous_1)
FN:55,(anonymous_2)
FN:73,(anonymous_3)
FN:105,(anonymous_4)
FN:117,(anonymous_5)
FN:140,(anonymous_6)
FNF:7
FNH:5
FNDA:34,(anonymous_0)
FNDA:38,(anonymous_1)
FNDA:38,(anonymous_2)
FNDA:34,(anonymous_3)
FNDA:0,(anonymous_4)
FNDA:152,(anonymous_5)
FNDA:0,(anonymous_6)
DA:9,2
DA:11,2
DA:13,2
DA:15,2
DA:19,34
DA:33,2
DA:35,2
DA:39,38
DA:50,2
DA:52,2
DA:56,38
DA:67,2
DA:70,2
DA:74,34
DA:100,2
DA:102,2
DA:106,0
DA:112,2
DA:114,2
DA:118,152
DA:135,2
DA:137,2
DA:141,0
DA:147,2
LF:24
LH:22
BRDA:73,0,0,34
BRDA:79,1,0,34
BRDA:79,1,1,34
BRDA:90,2,0,34
BRDA:90,2,1,34
BRF:5
BRH:5
end_of_record
TN:
SF:components/ui/separator.tsx
FN:12,(anonymous_0)
FNF:1
FNH:0
FNDA:0,(anonymous_0)
DA:8,0
DA:16,0
DA:29,0
LF:3
LH:0
BRDA:13,0,0,0
BRDA:13,1,0,0
BRDA:22,2,0,0
BRDA:22,2,1,0
BRF:4
BRH:0
end_of_record
TN:
SF:components/ui/sheet.tsx
FN:21,(anonymous_0)
FN:59,(anonymous_1)
FN:77,(anonymous_2)
FN:91,(anonymous_3)
FN:108,(anonymous_4)
FN:120,(anonymous_5)
FNF:6
FNH:0
FNDA:0,(anonymous_0)
FNDA:0,(anonymous_1)
FNDA:0,(anonymous_2)
FNDA:0,(anonymous_3)
FNDA:0,(anonymous_4)
FNDA:0,(anonymous_5)
DA:10,0
DA:12,0
DA:14,0
DA:16,0
DA:18,0
DA:22,0
DA:31,0
DA:33,0
DA:56,0
DA:60,0
DA:75,0
DA:77,0
DA:81,0
DA:89,0
DA:91,0
DA:95,0
DA:103,0
DA:105,0
DA:109,0
DA:115,0
DA:117,0
DA:121,0
DA:127,0
LF:23
LH:0
BRDA:59,0,0,0
BRF:1
BRH:0
end_of_record
TN:
SF:components/ui/sidebar.tsx
FN:41,useSidebar
FN:58,(anonymous_1)
FN:75,(anonymous_2)
FN:88,(anonymous_3)
FN:90,(anonymous_4)
FN:91,(anonymous_5)
FN:94,(anonymous_6)
FN:95,(anonymous_7)
FN:106,(anonymous_8)
FN:109,(anonymous_9)
FN:117,(anonymous_10)
FN:158,(anonymous_11)
FN:255,(anonymous_12)
FN:265,(anonymous_13)
FN:281,(anonymous_14)
FN:310,(anonymous_15)
FN:328,(anonymous_16)
FN:346,(anonymous_17)
FN:361,(anonymous_18)
FN:376,(anonymous_19)
FN:391,(anonymous_20)
FN:409,(anonymous_21)
FN:424,(anonymous_22)
FN:445,(anonymous_23)
FN:467,(anonymous_24)
FN:480,(anonymous_25)
FN:493,(anonymous_26)
FN:533,(anonymous_27)
FN:590,(anonymous_28)
FN:617,(anonymous_29)
FN:640,(anonymous_30)
FN:641,(anonymous_31)
FN:675,(anonymous_32)
FN:692,(anonymous_33)
FN:702,(anonymous_34)
FNF:35
FNH:0
FNDA:0,useSidebar
FNDA:0,(anonymous_1)
FNDA:0,(anonymous_2)
FNDA:0,(anonymous_3)
FNDA:0,(anonymous_4)
FNDA:0,(anonymous_5)
FNDA:0,(anonymous_6)
FNDA:0,(anonymous_7)
FNDA:0,(anonymous_8)
FNDA:0,(anonymous_9)
FNDA:0,(anonymous_10)
FNDA:0,(anonymous_11)
FNDA:0,(anonymous_12)
FNDA:0,(anonymous_13)
FNDA:0,(anonymous_14)
FNDA:0,(anonymous_15)
FNDA:0,(anonymous_16)
FNDA:0,(anonymous_17)
FNDA:0,(anonymous_18)
FNDA:0,(anonymous_19)
FNDA:0,(anonymous_20)
FNDA:0,(anonymous_21)
FNDA:0,(anonymous_22)
FNDA:0,(anonymous_23)
FNDA:0,(anonymous_24)
FNDA:0,(anonymous_25)
FNDA:0,(anonymous_26)
FNDA:0,(anonymous_27)
FNDA:0,(anonymous_28)
FNDA:0,(anonymous_29)
FNDA:0,(anonymous_30)
FNDA:0,(anonymous_31)
FNDA:0,(anonymous_32)
FNDA:0,(anonymous_33)
FNDA:0,(anonymous_34)
DA:22,0
DA:23,0
DA:24,0
DA:25,0
DA:26,0
DA:27,0
DA:39,0
DA:42,0
DA:43,0
DA:44,0
DA:47,0
DA:50,0
DA:70,0
DA:71,0
DA:72,0
DA:73,0
DA:74,0
DA:76,0
DA:77,0
DA:78,0
DA:80,0
DA:83,0
DA:88,0
DA:89,0
DA:90,0
DA:91,0
DA:94,0
DA:95,0
DA:96,0
DA:100,0
DA:101,0
DA:105,0
DA:106,0
DA:109,0
DA:110,0
DA:111,0
DA:114,0
DA:116,0
DA:117,0
DA:129,0
DA:148,0
DA:150,0
DA:169,0
DA:171,0
DA:172,0
DA:186,0
DA:187,0
DA:206,0
DA:250,0
DA:252,0
DA:256,0
DA:258,0
DA:266,0
DA:267,0
DA:276,0
DA:278,0
DA:282,0
DA:284,0
DA:305,0
DA:307,0
DA:311,0
DA:323,0
DA:325,0
DA:329,0
DA:341,0
DA:343,0
DA:347,0
DA:356,0
DA:358,0
DA:362,0
DA:371,0
DA:373,0
DA:377,0
DA:386,0
DA:388,0
DA:392,0
DA:404,0
DA:406,0
DA:410,0
DA:419,0
DA:421,0
DA:425,0
DA:427,0
DA:440,0
DA:442,0
DA:446,0
DA:448,0
DA:462,0
DA:464,0
DA:468,0
DA:475,0
DA:477,0
DA:481,0
DA:488,0
DA:490,0
DA:494,0
DA:501,0
DA:503,0
DA:525,0
DA:545,0
DA:546,0
DA:549,0
DA:559,0
DA:560,0
DA:563,0
DA:564,0
DA:569,0
DA:582,0
DA:584,0
DA:591,0
DA:593,0
DA:612,0
DA:614,0
DA:618,0
DA:633,0
DA:635,0
DA:641,0
DA:642,0
DA:645,0
DA:670,0
DA:672,0
DA:676,0
DA:687,0
DA:689,0
DA:692,0
DA:693,0
DA:695,0
DA:703,0
DA:705,0
DA:723,0
LF:130
LH:0
BRDA:43,0,0,0
BRDA:43,0,1,0
BRDA:60,1,0,0
BRDA:73,2,0,0
BRDA:73,2,1,0
BRDA:76,3,0,0
BRDA:76,3,1,0
BRDA:77,4,0,0
BRDA:77,4,1,0
BRDA:89,5,0,0
BRDA:89,5,1,0
BRDA:96,6,0,0
BRDA:96,6,1,0
BRDA:97,7,0,0
BRDA:97,7,1,0
BRDA:97,7,2,0
BRDA:114,8,0,0
BRDA:114,8,1,0
BRDA:160,9,0,0
BRDA:161,10,0,0
BRDA:162,11,0,0
BRDA:171,12,0,0
BRDA:171,12,1,0
BRDA:186,13,0,0
BRDA:186,13,1,0
BRDA:211,14,0,0
BRDA:211,14,1,0
BRDA:221,15,0,0
BRDA:221,15,1,0
BRDA:221,16,0,0
BRDA:221,16,1,0
BRDA:229,17,0,0
BRDA:229,17,1,0
BRDA:232,18,0,0
BRDA:232,18,1,0
BRDA:232,19,0,0
BRDA:232,19,1,0
BRDA:424,20,0,0
BRDA:425,21,0,0
BRDA:425,21,1,0
BRDA:445,22,0,0
BRDA:446,23,0,0
BRDA:446,23,1,0
BRDA:535,24,0,0
BRDA:536,25,0,0
BRDA:537,26,0,0
BRDA:538,27,0,0
BRDA:545,28,0,0
BRDA:545,28,1,0
BRDA:559,29,0,0
BRDA:559,29,1,0
BRDA:563,30,0,0
BRDA:563,30,1,0
BRDA:575,31,0,0
BRDA:575,31,1,0
BRDA:590,32,0,0
BRDA:590,33,0,0
BRDA:591,34,0,0
BRDA:591,34,1,0
BRDA:604,35,0,0
BRDA:604,35,1,0
BRDA:640,36,0,0
BRDA:652,37,0,0
BRDA:652,37,1,0
BRDA:702,38,0,0
BRDA:702,39,0,0
BRDA:703,40,0,0
BRDA:703,40,1,0
BRDA:714,41,0,0
BRDA:714,41,1,0
BRDA:715,42,0,0
BRDA:715,42,1,0
BRF:72
BRH:0
end_of_record
TN:
SF:components/ui/skeleton.tsx
FN:3,Skeleton
FNF:1
FNH:0
FNDA:0,Skeleton
DA:7,0
LF:1
LH:0
BRF:0
BRH:0
end_of_record
TN:
SF:components/ui/slider.tsx
FN:11,(anonymous_0)
FNF:1
FNH:0
FNDA:0,(anonymous_0)
DA:8,0
DA:12,0
DA:26,0
LF:3
LH:0
BRF:0
BRH:0
end_of_record
TN:
SF:components/ui/sonner.tsx
FN:8,(anonymous_0)
FNF:1
FNH:0
FNDA:0,(anonymous_0)
DA:8,0
DA:9,0
DA:11,0
LF:3
LH:0
BRDA:9,0,0,0
BRF:1
BRH:0
end_of_record
TN:
SF:components/ui/switch.tsx
FN:11,(anonymous_0)
FNF:1
FNH:0
FNDA:0,(anonymous_0)
DA:8,0
DA:12,0
DA:27,0
LF:3
LH:0
BRF:0
BRH:0
end_of_record
TN:
SF:components/ui/table.tsx
FN:8,(anonymous_0)
FN:22,(anonymous_1)
FN:30,(anonymous_2)
FN:42,(anonymous_3)
FN:57,(anonymous_4)
FN:72,(anonymous_5)
FN:87,(anonymous_6)
FN:99,(anonymous_7)
FNF:8
FNH:0
FNDA:0,(anonymous_0)
FNDA:0,(anonymous_1)
FNDA:0,(anonymous_2)
FNDA:0,(anonymous_3)
FNDA:0,(anonymous_4)
FNDA:0,(anonymous_5)
FNDA:0,(anonymous_6)
FNDA:0,(anonymous_7)
DA:5,0
DA:9,0
DA:17,0
DA:19,0
DA:23,0
DA:25,0
DA:27,0
DA:31,0
DA:37,0
DA:39,0
DA:43,0
DA:52,0
DA:54,0
DA:58,0
DA:67,0
DA:69,0
DA:73,0
DA:82,0
DA:84,0
DA:88,0
DA:94,0
DA:96,0
DA:100,0
DA:106,0
LF:24
LH:0
BRF:0
BRH:0
end_of_record
TN:
SF:components/ui/tabs.tsx
FN:13,(anonymous_0)
FN:28,(anonymous_1)
FN:43,(anonymous_2)
FNF:3
FNH:0
FNDA:0,(anonymous_0)
FNDA:0,(anonymous_1)
FNDA:0,(anonymous_2)
DA:8,0
DA:10,0
DA:14,0
DA:23,0
DA:25,0
DA:29,0
DA:38,0
DA:40,0
DA:44,0
DA:53,0
LF:10
LH:0
BRF:0
BRH:0
end_of_record
TN:
SF:components/ui/textarea.tsx
FN:8,(anonymous_0)
FNF:1
FNH:0
FNDA:0,(anonymous_0)
DA:5,0
DA:9,0
DA:20,0
LF:3
LH:0
BRF:0
BRH:0
end_of_record
TN:
SF:components/ui/toast.tsx
FN:15,(anonymous_0)
FN:51,(anonymous_1)
FN:65,(anonymous_2)
FN:80,(anonymous_3)
FN:98,(anonymous_4)
FN:110,(anonymous_5)
FNF:6
FNH:0
FNDA:0,(anonymous_0)
FNDA:0,(anonymous_1)
FNDA:0,(anonymous_2)
FNDA:0,(anonymous_3)
FNDA:0,(anonymous_4)
FNDA:0,(anonymous_5)
DA:10,0
DA:12,0
DA:16,0
DA:25,0
DA:27,0
DA:47,0
DA:52,0
DA:60,0
DA:62,0
DA:66,0
DA:75,0
DA:77,0
DA:81,0
DA:93,0
DA:95,0
DA:99,0
DA:105,0
DA:107,0
DA:111,0
DA:117,0
LF:20
LH:0
BRF:0
BRH:0
end_of_record
TN:
SF:components/ui/toaster.tsx
FN:13,Toaster
FN:18,(anonymous_1)
FNF:2
FNH:0
FNDA:0,Toaster
FNDA:0,(anonymous_1)
DA:14,0
DA:16,0
DA:19,0
LF:3
LH:0
BRDA:22,0,0,0
BRDA:22,0,1,0
BRDA:23,1,0,0
BRDA:23,1,1,0
BRF:4
BRH:0
end_of_record
TN:
SF:components/ui/toggle-group.tsx
FN:21,(anonymous_0)
FN:39,(anonymous_1)
FNF:2
FNH:0
FNDA:0,(anonymous_0)
FNDA:0,(anonymous_1)
DA:10,0
DA:17,0
DA:22,0
DA:33,0
DA:35,0
DA:40,0
DA:42,0
DA:59,0
LF:8
LH:0
BRDA:47,0,0,0
BRDA:47,0,1,0
BRDA:48,1,0,0
BRDA:48,1,1,0
BRF:4
BRH:0
end_of_record
TN:
SF:components/ui/toggle.tsx
FN:35,(anonymous_0)
FNF:1
FNH:0
FNDA:0,(anonymous_0)
DA:9,0
DA:31,0
DA:36,0
DA:43,0
LF:4
LH:0
BRF:0
BRH:0
end_of_record
TN:
SF:components/ui/tooltip.tsx
FN:17,(anonymous_0)
FNF:1
FNH:1
FNDA:2,(anonymous_0)
DA:8,1
DA:10,1
DA:12,1
DA:14,1
DA:18,2
DA:28,1
LF:6
LH:6
BRDA:17,0,0,2
BRF:1
BRH:1
end_of_record
TN:
SF:components/ui/use-mobile.tsx
FN:5,useIsMobile
FN:8,(anonymous_1)
FN:10,(anonymous_2)
FN:15,(anonymous_3)
FNF:4
FNH:0
FNDA:0,useIsMobile
FNDA:0,(anonymous_1)
FNDA:0,(anonymous_2)
FNDA:0,(anonymous_3)
DA:3,0
DA:6,0
DA:8,0
DA:9,0
DA:10,0
DA:11,0
DA:13,0
DA:14,0
DA:15,0
DA:18,0
LF:10
LH:0
BRF:0
BRH:0
end_of_record
TN:
SF:components/ui/use-toast.ts
FN:29,genId
FN:60,(anonymous_1)
FN:65,(anonymous_2)
FN:76,(anonymous_3)
FN:87,(anonymous_4)
FN:98,(anonymous_5)
FN:105,(anonymous_6)
FN:124,(anonymous_7)
FN:133,dispatch
FN:135,(anonymous_9)
FN:142,toast
FN:145,(anonymous_11)
FN:150,(anonymous_12)
FN:158,(anonymous_13)
FN:171,useToast
FN:174,(anonymous_15)
FN:176,(anonymous_16)
FN:187,(anonymous_17)
FNF:18
FNH:0
FNDA:0,genId
FNDA:0,(anonymous_1)
FNDA:0,(anonymous_2)
FNDA:0,(anonymous_3)
FNDA:0,(anonymous_4)
FNDA:0,(anonymous_5)
FNDA:0,(anonymous_6)
FNDA:0,(anonymous_7)
FNDA:0,dispatch
FNDA:0,(anonymous_9)
FNDA:0,toast
FNDA:0,(anonymous_11)
FNDA:0,(anonymous_12)
FNDA:0,(anonymous_13)
FNDA:0,useToast
FNDA:0,(anonymous_15)
FNDA:0,(anonymous_16)
FNDA:0,(anonymous_17)
DA:10,0
DA:11,0
DA:20,0
DA:27,0
DA:30,0
DA:31,0
DA:58,0
DA:60,0
DA:61,0
DA:62,0
DA:65,0
DA:66,0
DA:67,0
DA:73,0
DA:76,0
DA:77,0
DA:79,0
DA:85,0
DA:88,0
DA:93,0
DA:95,0
DA:96,0
DA:98,0
DA:99,0
DA:103,0
DA:106,0
DA:116,0
DA:117,0
DA:122,0
DA:124,0
DA:129,0
DA:131,0
DA:134,0
DA:135,0
DA:136,0
DA:143,0
DA:145,0
DA:146,0
DA:150,0
DA:152,0
DA:159,0
DA:164,0
DA:172,0
DA:174,0
DA:175,0
DA:176,0
DA:177,0
DA:178,0
DA:179,0
DA:184,0
DA:187,0
LF:51
LH:0
BRDA:61,0,0,0
BRDA:61,0,1,0
BRDA:77,1,0,0
BRDA:77,1,1,0
BRDA:77,1,2,0
BRDA:77,1,3,0
BRDA:88,2,0,0
BRDA:88,2,1,0
BRDA:95,3,0,0
BRDA:95,3,1,0
BRDA:106,4,0,0
BRDA:106,4,1,0
BRDA:106,5,0,0
BRDA:106,5,1,0
BRDA:116,6,0,0
BRDA:116,6,1,0
BRDA:159,7,0,0
BRDA:159,7,1,0
BRDA:178,8,0,0
BRDA:178,8,1,0
BRF:20
BRH:0
end_of_record
TN:
SF:components/ui/visually-hidden.tsx
FN:9,(anonymous_0)
FNF:1
FNH:0
FNDA:0,(anonymous_0)
DA:6,0
DA:10,0
DA:22,0
LF:3
LH:0
BRF:0
BRH:0
end_of_record
